[15/Jan/2025:00:02:52]: "PUT - /contact - 200
[15/Jan/2025:00:03:58]: "DELETE - /product - 404
[15/Jan/2025:00:04:32]: "DELETE - /index.html - 500
[15/Jan/2025:00:05:08]: "PUT - /index.html - 500
[15/Jan/2025:00:05:49]: "DELETE - /index.html - 404
[15/Jan/2025:00:05:51]: "POST - /about.html - 200
[15/Jan/2025:00:07:12]: "POST - /contact - 500
[15/Jan/2025:00:10:19]: "GET - /index.html - 302
[15/Jan/2025:00:11:23]: "GET - /index.html - 200
[15/Jan/2025:00:12:08]: "DELETE - /product - 302
[15/Jan/2025:00:12:10]: "DELETE - /login - 500
[15/Jan/2025:00:12:41]: "PUT - /product - 200
[15/Jan/2025:00:14:35]: "PUT - /index.html - 500
[15/Jan/2025:00:15:04]: "DELETE - /about.html - 302
[15/Jan/2025:00:15:04]: "DELETE - /index.html - 302
[15/Jan/2025:00:15:11]: "POST - /login - 302
[15/Jan/2025:00:16:23]: "GET - /about.html - 200
[15/Jan/2025:00:16:28]: "PUT - /contact - 500
[15/Jan/2025:00:17:26]: "DELETE - /login - 404
[15/Jan/2025:00:17:42]: "POST - /index.html - 500
[15/Jan/2025:00:20:42]: "PUT - /about.html - 500
[15/Jan/2025:00:22:24]: "POST - /index.html - 200
[15/Jan/2025:00:23:48]: "PUT - /index.html - 404
[15/Jan/2025:00:24:38]: "DELETE - /about.html - 404
[15/Jan/2025:00:24:41]: "POST - /index.html - 200
[15/Jan/2025:00:27:29]: "PUT - /about.html - 302
[15/Jan/2025:00:27:57]: "DELETE - /index.html - 404
[15/Jan/2025:00:29:33]: "DELETE - /contact - 302
[15/Jan/2025:00:31:25]: "PUT - /about.html - 500
[15/Jan/2025:00:31:30]: "POST - /product - 200
[15/Jan/2025:00:31:52]: "GET - /contact - 200
[15/Jan/2025:00:31:56]: "POST - /product - 500
[15/Jan/2025:00:34:01]: "POST - /login - 302
[15/Jan/2025:00:35:17]: "DELETE - /login - 500
[15/Jan/2025:00:37:03]: "POST - /contact - 404
[15/Jan/2025:00:37:42]: "GET - /index.html - 200
[15/Jan/2025:00:38:47]: "POST - /about.html - 404
[15/Jan/2025:00:43:18]: "PUT - /login - 500
[15/Jan/2025:00:43:45]: "PUT - /login - 302
[15/Jan/2025:00:44:11]: "PUT - /product - 302
[15/Jan/2025:00:45:15]: "POST - /contact - 404
[15/Jan/2025:00:45:25]: "PUT - /contact - 302
[15/Jan/2025:00:47:45]: "POST - /about.html - 200
[15/Jan/2025:00:47:45]: "POST - /index.html - 500
[15/Jan/2025:00:48:42]: "PUT - /contact - 200
[15/Jan/2025:00:50:34]: "GET - /contact - 302
[15/Jan/2025:00:50:59]: "GET - /login - 200
[15/Jan/2025:00:51:36]: "PUT - /index.html - 404
[15/Jan/2025:00:51:40]: "DELETE - /index.html - 404
[15/Jan/2025:00:51:54]: "GET - /index.html - 404
[15/Jan/2025:00:53:35]: "PUT - /index.html - 200
[15/Jan/2025:00:55:21]: "GET - /about.html - 500
[15/Jan/2025:00:58:09]: "PUT - /about.html - 302
[15/Jan/2025:00:58:16]: "POST - /about.html - 500
[15/Jan/2025:00:58:57]: "DELETE - /login - 404
[15/Jan/2025:00:59:49]: "PUT - /about.html - 404
[15/Jan/2025:01:00:16]: "DELETE - /about.html - 500
[15/Jan/2025:01:05:37]: "DELETE - /product - 500
[15/Jan/2025:01:06:21]: "DELETE - /contact - 500
[15/Jan/2025:01:07:30]: "POST - /index.html - 200
[15/Jan/2025:01:08:31]: "GET - /about.html - 500
[15/Jan/2025:01:10:04]: "POST - /index.html - 302
[15/Jan/2025:01:11:52]: "DELETE - /login - 500
[15/Jan/2025:01:12:50]: "GET - /about.html - 302
[15/Jan/2025:01:14:09]: "PUT - /product - 200
[15/Jan/2025:01:14:10]: "GET - /contact - 500
[15/Jan/2025:01:15:19]: "DELETE - /login - 500
[15/Jan/2025:01:15:34]: "POST - /product - 404
[15/Jan/2025:01:17:42]: "POST - /product - 200
[15/Jan/2025:01:18:00]: "PUT - /index.html - 302
[15/Jan/2025:01:20:21]: "POST - /index.html - 404
[15/Jan/2025:01:20:56]: "DELETE - /contact - 404
[15/Jan/2025:01:22:09]: "POST - /product - 200
[15/Jan/2025:01:27:37]: "DELETE - /product - 500
[15/Jan/2025:01:27:42]: "POST - /index.html - 200
[15/Jan/2025:01:30:38]: "DELETE - /product - 200
[15/Jan/2025:01:31:14]: "DELETE - /index.html - 302
[15/Jan/2025:01:32:44]: "POST - /product - 500
[15/Jan/2025:01:35:36]: "POST - /index.html - 404
[15/Jan/2025:01:36:14]: "DELETE - /product - 500
[15/Jan/2025:01:37:21]: "POST - /login - 302
[15/Jan/2025:01:41:12]: "DELETE - /index.html - 302
[15/Jan/2025:01:41:45]: "PUT - /index.html - 302
[15/Jan/2025:01:42:26]: "DELETE - /about.html - 404
[15/Jan/2025:01:43:52]: "GET - /login - 302
[15/Jan/2025:01:45:29]: "PUT - /product - 302
[15/Jan/2025:01:46:02]: "GET - /index.html - 200
[15/Jan/2025:01:46:05]: "GET - /about.html - 200
[15/Jan/2025:01:49:44]: "PUT - /product - 302
[15/Jan/2025:01:52:17]: "PUT - /contact - 302
[15/Jan/2025:01:53:37]: "DELETE - /contact - 500
[15/Jan/2025:01:53:43]: "POST - /login - 302
[15/Jan/2025:01:54:44]: "POST - /index.html - 500
[15/Jan/2025:01:54:48]: "DELETE - /login - 404
[15/Jan/2025:01:57:15]: "DELETE - /login - 200
[15/Jan/2025:01:57:20]: "POST - /contact - 500
[15/Jan/2025:01:59:53]: "DELETE - /contact - 302
[15/Jan/2025:02:00:32]: "PUT - /index.html - 302
[15/Jan/2025:02:01:23]: "POST - /about.html - 404
[15/Jan/2025:02:03:33]: "GET - /login - 200
[15/Jan/2025:02:04:05]: "PUT - /contact - 500
[15/Jan/2025:02:05:14]: "GET - /about.html - 500
[15/Jan/2025:02:06:20]: "PUT - /login - 404
[15/Jan/2025:02:06:43]: "GET - /login - 500
[15/Jan/2025:02:06:47]: "POST - /login - 500
[15/Jan/2025:02:08:39]: "POST - /index.html - 302
[15/Jan/2025:02:08:46]: "PUT - /product - 302
[15/Jan/2025:02:09:12]: "POST - /product - 500
[15/Jan/2025:02:09:23]: "DELETE - /index.html - 500
[15/Jan/2025:02:09:28]: "DELETE - /index.html - 200
[15/Jan/2025:02:12:02]: "GET - /product - 404
[15/Jan/2025:02:12:47]: "GET - /contact - 500
[15/Jan/2025:02:13:03]: "GET - /contact - 404
[15/Jan/2025:02:13:31]: "POST - /contact - 500
[15/Jan/2025:02:13:40]: "PUT - /contact - 500
[15/Jan/2025:02:13:48]: "GET - /about.html - 302
[15/Jan/2025:02:14:15]: "POST - /login - 500
[15/Jan/2025:02:16:19]: "POST - /login - 302
[15/Jan/2025:02:16:21]: "POST - /product - 500
[15/Jan/2025:02:16:48]: "GET - /login - 200
[15/Jan/2025:02:19:20]: "POST - /about.html - 404
[15/Jan/2025:02:20:31]: "POST - /about.html - 302
[15/Jan/2025:02:20:58]: "PUT - /login - 404
[15/Jan/2025:02:26:49]: "DELETE - /contact - 404
[15/Jan/2025:02:27:08]: "POST - /login - 302
[15/Jan/2025:02:27:14]: "DELETE - /login - 302
[15/Jan/2025:02:27:40]: "DELETE - /about.html - 404
[15/Jan/2025:02:28:02]: "DELETE - /about.html - 200
[15/Jan/2025:02:28:41]: "POST - /product - 200
[15/Jan/2025:02:30:21]: "DELETE - /contact - 302
[15/Jan/2025:02:31:20]: "DELETE - /product - 404
[15/Jan/2025:02:34:53]: "PUT - /about.html - 404
[15/Jan/2025:02:36:43]: "POST - /about.html - 404
[15/Jan/2025:02:37:10]: "PUT - /about.html - 302
[15/Jan/2025:02:37:35]: "PUT - /login - 500
[15/Jan/2025:02:37:43]: "DELETE - /index.html - 404
[15/Jan/2025:02:37:58]: "POST - /contact - 200
[15/Jan/2025:02:39:26]: "DELETE - /login - 200
[15/Jan/2025:02:40:15]: "GET - /product - 302
[15/Jan/2025:02:41:10]: "POST - /about.html - 302
[15/Jan/2025:02:41:34]: "GET - /contact - 302
[15/Jan/2025:02:42:43]: "GET - /login - 404
[15/Jan/2025:02:43:09]: "DELETE - /product - 404
[15/Jan/2025:02:44:30]: "POST - /index.html - 302
[15/Jan/2025:02:44:44]: "POST - /about.html - 404
[15/Jan/2025:02:44:53]: "POST - /contact - 200
[15/Jan/2025:02:45:39]: "POST - /contact - 500
[15/Jan/2025:02:46:02]: "PUT - /index.html - 500
[15/Jan/2025:02:46:04]: "GET - /product - 200
[15/Jan/2025:02:47:21]: "PUT - /login - 200
[15/Jan/2025:02:48:12]: "POST - /login - 200
[15/Jan/2025:02:48:33]: "DELETE - /login - 200
[15/Jan/2025:02:51:55]: "GET - /contact - 404
[15/Jan/2025:02:52:05]: "DELETE - /contact - 302
[15/Jan/2025:02:52:30]: "GET - /about.html - 200
[15/Jan/2025:02:53:40]: "PUT - /about.html - 500
[15/Jan/2025:02:54:12]: "DELETE - /login - 500
[15/Jan/2025:02:55:37]: "DELETE - /about.html - 200
[15/Jan/2025:02:56:11]: "PUT - /index.html - 404
[15/Jan/2025:02:57:10]: "PUT - /login - 302
[15/Jan/2025:02:59:59]: "DELETE - /contact - 404
[15/Jan/2025:03:00:09]: "PUT - /login - 404
[15/Jan/2025:03:00:42]: "GET - /login - 404
[15/Jan/2025:03:02:13]: "POST - /about.html - 302
[15/Jan/2025:03:02:42]: "DELETE - /product - 404
[15/Jan/2025:03:03:38]: "DELETE - /index.html - 500
[15/Jan/2025:03:05:07]: "POST - /contact - 404
[15/Jan/2025:03:06:01]: "POST - /about.html - 302
[15/Jan/2025:03:09:15]: "POST - /contact - 200
[15/Jan/2025:03:10:35]: "PUT - /about.html - 404
[15/Jan/2025:03:11:09]: "PUT - /index.html - 404
[15/Jan/2025:03:12:11]: "DELETE - /contact - 200
[15/Jan/2025:03:12:43]: "PUT - /contact - 500
[15/Jan/2025:03:13:26]: "PUT - /product - 200
[15/Jan/2025:03:13:45]: "DELETE - /index.html - 500
[15/Jan/2025:03:15:31]: "POST - /product - 302
[15/Jan/2025:03:16:17]: "POST - /about.html - 404
[15/Jan/2025:03:17:45]: "GET - /about.html - 500
[15/Jan/2025:03:21:49]: "PUT - /index.html - 404
[15/Jan/2025:03:22:27]: "POST - /product - 404
[15/Jan/2025:03:22:35]: "PUT - /login - 302
[15/Jan/2025:03:23:43]: "GET - /about.html - 200
[15/Jan/2025:03:24:41]: "POST - /product - 200
[15/Jan/2025:03:27:27]: "DELETE - /product - 200
[15/Jan/2025:03:27:30]: "GET - /index.html - 500
[15/Jan/2025:03:27:35]: "POST - /login - 404
[15/Jan/2025:03:27:55]: "POST - /login - 200
[15/Jan/2025:03:28:37]: "GET - /product - 302
[15/Jan/2025:03:28:52]: "GET - /product - 302
[15/Jan/2025:03:29:36]: "POST - /product - 200
[15/Jan/2025:03:33:45]: "DELETE - /product - 200
[15/Jan/2025:03:35:03]: "POST - /index.html - 302
[15/Jan/2025:03:36:02]: "POST - /index.html - 404
[15/Jan/2025:03:36:04]: "POST - /login - 500
[15/Jan/2025:03:36:54]: "POST - /login - 404
[15/Jan/2025:03:38:49]: "POST - /login - 200
[15/Jan/2025:03:38:53]: "GET - /login - 500
[15/Jan/2025:03:40:06]: "POST - /index.html - 404
[15/Jan/2025:03:40:26]: "DELETE - /product - 404
[15/Jan/2025:03:40:26]: "PUT - /about.html - 302
[15/Jan/2025:03:40:53]: "GET - /index.html - 200
[15/Jan/2025:03:42:15]: "GET - /about.html - 500
[15/Jan/2025:03:43:56]: "DELETE - /product - 404
[15/Jan/2025:03:44:02]: "DELETE - /product - 500
[15/Jan/2025:03:45:01]: "DELETE - /about.html - 404
[15/Jan/2025:03:45:33]: "GET - /index.html - 404
[15/Jan/2025:03:48:12]: "GET - /product - 302
[15/Jan/2025:03:48:20]: "POST - /contact - 200
[15/Jan/2025:03:48:57]: "DELETE - /index.html - 302
[15/Jan/2025:03:49:28]: "DELETE - /contact - 500
[15/Jan/2025:03:50:09]: "GET - /login - 404
[15/Jan/2025:03:51:45]: "PUT - /index.html - 500
[15/Jan/2025:03:53:15]: "DELETE - /product - 200
[15/Jan/2025:03:53:15]: "GET - /contact - 200
[15/Jan/2025:03:54:37]: "GET - /contact - 500
[15/Jan/2025:03:55:15]: "GET - /index.html - 500
[15/Jan/2025:03:55:44]: "PUT - /about.html - 200
[15/Jan/2025:03:56:16]: "GET - /product - 500
[15/Jan/2025:03:57:50]: "PUT - /index.html - 500
[15/Jan/2025:03:59:25]: "GET - /index.html - 200
[15/Jan/2025:04:01:04]: "GET - /login - 404
[15/Jan/2025:04:02:02]: "DELETE - /about.html - 200
[15/Jan/2025:04:02:44]: "POST - /index.html - 500
[15/Jan/2025:04:04:12]: "PUT - /contact - 404
[15/Jan/2025:04:04:20]: "POST - /contact - 404
[15/Jan/2025:04:06:37]: "GET - /login - 200
[15/Jan/2025:04:07:22]: "POST - /index.html - 500
[15/Jan/2025:04:07:55]: "POST - /about.html - 200
[15/Jan/2025:04:09:06]: "DELETE - /contact - 404
[15/Jan/2025:04:10:49]: "GET - /contact - 500
[15/Jan/2025:04:11:59]: "POST - /about.html - 500
[15/Jan/2025:04:12:03]: "PUT - /product - 302
[15/Jan/2025:04:12:53]: "PUT - /contact - 500
[15/Jan/2025:04:16:15]: "DELETE - /login - 200
[15/Jan/2025:04:16:17]: "PUT - /product - 404
[15/Jan/2025:04:16:56]: "PUT - /login - 302
[15/Jan/2025:04:17:37]: "PUT - /about.html - 200
[15/Jan/2025:04:18:00]: "GET - /contact - 302
[15/Jan/2025:04:19:39]: "POST - /contact - 404
[15/Jan/2025:04:22:30]: "POST - /contact - 500
[15/Jan/2025:04:24:06]: "POST - /product - 500
[15/Jan/2025:04:25:11]: "DELETE - /index.html - 200
[15/Jan/2025:04:26:34]: "PUT - /contact - 200
[15/Jan/2025:04:26:49]: "PUT - /product - 302
[15/Jan/2025:04:27:40]: "DELETE - /contact - 500
[15/Jan/2025:04:27:50]: "POST - /contact - 404
[15/Jan/2025:04:30:39]: "GET - /contact - 404
[15/Jan/2025:04:31:59]: "POST - /about.html - 200
[15/Jan/2025:04:34:22]: "GET - /product - 404
[15/Jan/2025:04:35:44]: "GET - /product - 302
[15/Jan/2025:04:35:58]: "POST - /index.html - 200
[15/Jan/2025:04:36:30]: "PUT - /index.html - 500
[15/Jan/2025:04:36:54]: "POST - /product - 404
[15/Jan/2025:04:37:05]: "DELETE - /index.html - 404
[15/Jan/2025:04:38:06]: "DELETE - /login - 302
[15/Jan/2025:04:38:14]: "GET - /contact - 404
[15/Jan/2025:04:38:33]: "PUT - /login - 404
[15/Jan/2025:04:39:17]: "DELETE - /login - 302
[15/Jan/2025:04:39:38]: "GET - /contact - 500
[15/Jan/2025:04:39:44]: "POST - /product - 404
[15/Jan/2025:04:39:45]: "DELETE - /login - 404
[15/Jan/2025:04:41:50]: "POST - /product - 302
[15/Jan/2025:04:48:26]: "GET - /about.html - 302
[15/Jan/2025:04:48:31]: "GET - /login - 200
[15/Jan/2025:04:48:40]: "PUT - /product - 200
[15/Jan/2025:04:49:18]: "PUT - /index.html - 404
[15/Jan/2025:04:50:16]: "DELETE - /login - 500
[15/Jan/2025:04:50:48]: "PUT - /index.html - 500
[15/Jan/2025:04:51:02]: "POST - /login - 404
[15/Jan/2025:04:51:53]: "POST - /about.html - 302
[15/Jan/2025:04:52:18]: "PUT - /about.html - 200
[15/Jan/2025:04:52:49]: "GET - /contact - 404
[15/Jan/2025:04:53:13]: "GET - /contact - 404
[15/Jan/2025:04:54:56]: "DELETE - /index.html - 500
[15/Jan/2025:04:55:46]: "DELETE - /product - 500
[15/Jan/2025:04:57:27]: "GET - /product - 500
[15/Jan/2025:04:58:20]: "DELETE - /login - 404
[15/Jan/2025:04:58:23]: "PUT - /index.html - 404
[15/Jan/2025:05:00:28]: "GET - /about.html - 302
[15/Jan/2025:05:01:16]: "POST - /login - 404
[15/Jan/2025:05:07:27]: "POST - /login - 500
[15/Jan/2025:05:07:35]: "GET - /product - 404
[15/Jan/2025:05:07:53]: "PUT - /index.html - 302
[15/Jan/2025:05:08:55]: "GET - /index.html - 200
[15/Jan/2025:05:09:40]: "POST - /contact - 500
[15/Jan/2025:05:10:39]: "POST - /contact - 404
[15/Jan/2025:05:10:51]: "DELETE - /contact - 200
[15/Jan/2025:05:11:38]: "GET - /login - 500
[15/Jan/2025:05:15:47]: "DELETE - /product - 404
[15/Jan/2025:05:15:54]: "GET - /about.html - 404
[15/Jan/2025:05:15:57]: "POST - /contact - 500
[15/Jan/2025:05:16:17]: "GET - /about.html - 404
[15/Jan/2025:05:16:40]: "GET - /index.html - 302
[15/Jan/2025:05:22:05]: "GET - /about.html - 302
[15/Jan/2025:05:22:44]: "GET - /product - 500
[15/Jan/2025:05:23:35]: "DELETE - /index.html - 200
[15/Jan/2025:05:24:45]: "DELETE - /contact - 404
[15/Jan/2025:05:25:31]: "PUT - /contact - 500
[15/Jan/2025:05:26:58]: "DELETE - /product - 404
[15/Jan/2025:05:26:59]: "PUT - /product - 500
[15/Jan/2025:05:28:01]: "PUT - /login - 500
[15/Jan/2025:05:28:32]: "POST - /contact - 500
[15/Jan/2025:05:29:09]: "PUT - /contact - 500
[15/Jan/2025:05:31:39]: "POST - /about.html - 200
[15/Jan/2025:05:32:38]: "PUT - /index.html - 404
[15/Jan/2025:05:32:39]: "DELETE - /product - 200
[15/Jan/2025:05:33:23]: "PUT - /contact - 500
[15/Jan/2025:05:35:40]: "PUT - /login - 200
[15/Jan/2025:05:37:29]: "GET - /about.html - 302
[15/Jan/2025:05:41:44]: "GET - /product - 404
[15/Jan/2025:05:42:31]: "PUT - /about.html - 404
[15/Jan/2025:05:44:17]: "PUT - /about.html - 302
[15/Jan/2025:05:44:38]: "GET - /contact - 200
[15/Jan/2025:05:53:08]: "DELETE - /index.html - 302
[15/Jan/2025:05:53:10]: "DELETE - /contact - 200
[15/Jan/2025:05:58:23]: "GET - /contact - 404
[15/Jan/2025:05:59:58]: "GET - /login - 404
[15/Jan/2025:06:01:02]: "GET - /login - 200
[15/Jan/2025:06:02:11]: "POST - /product - 302
[15/Jan/2025:06:04:00]: "GET - /login - 302
[15/Jan/2025:06:04:55]: "POST - /login - 200
[15/Jan/2025:06:05:15]: "POST - /product - 302
[15/Jan/2025:06:05:38]: "PUT - /index.html - 200
[15/Jan/2025:06:07:44]: "DELETE - /index.html - 404
[15/Jan/2025:06:09:57]: "PUT - /about.html - 500
[15/Jan/2025:06:10:38]: "POST - /contact - 404
[15/Jan/2025:06:11:38]: "DELETE - /index.html - 200
[15/Jan/2025:06:11:41]: "DELETE - /about.html - 500
[15/Jan/2025:06:15:44]: "DELETE - /product - 302
[15/Jan/2025:06:18:34]: "PUT - /contact - 404
[15/Jan/2025:06:22:47]: "DELETE - /about.html - 404
[15/Jan/2025:06:23:01]: "GET - /index.html - 404
[15/Jan/2025:06:23:23]: "POST - /product - 404
[15/Jan/2025:06:24:25]: "GET - /about.html - 500
[15/Jan/2025:06:25:30]: "POST - /product - 500
[15/Jan/2025:06:25:57]: "POST - /contact - 404
[15/Jan/2025:06:26:29]: "PUT - /login - 500
[15/Jan/2025:06:27:36]: "DELETE - /index.html - 302
[15/Jan/2025:06:28:19]: "GET - /contact - 200
[15/Jan/2025:06:29:43]: "POST - /contact - 200
[15/Jan/2025:06:32:39]: "DELETE - /product - 302
[15/Jan/2025:06:32:54]: "PUT - /contact - 404
[15/Jan/2025:06:35:30]: "DELETE - /login - 302
[15/Jan/2025:06:36:11]: "POST - /index.html - 404
[15/Jan/2025:06:37:16]: "PUT - /index.html - 302
[15/Jan/2025:06:38:17]: "GET - /about.html - 200
[15/Jan/2025:06:41:04]: "GET - /product - 200
[15/Jan/2025:06:42:26]: "DELETE - /contact - 500
[15/Jan/2025:06:42:44]: "POST - /login - 200
[15/Jan/2025:06:43:10]: "PUT - /product - 404
[15/Jan/2025:06:43:12]: "DELETE - /product - 404
[15/Jan/2025:06:43:23]: "PUT - /login - 200
[15/Jan/2025:06:43:26]: "DELETE - /login - 404
[15/Jan/2025:06:43:34]: "GET - /index.html - 200
[15/Jan/2025:06:43:50]: "DELETE - /about.html - 500
[15/Jan/2025:06:43:59]: "DELETE - /product - 500
[15/Jan/2025:06:44:03]: "DELETE - /contact - 404
[15/Jan/2025:06:45:07]: "GET - /contact - 500
[15/Jan/2025:06:45:29]: "PUT - /contact - 302
[15/Jan/2025:06:46:51]: "PUT - /contact - 500
[15/Jan/2025:06:47:02]: "DELETE - /about.html - 302
[15/Jan/2025:06:47:18]: "POST - /product - 404
[15/Jan/2025:06:48:55]: "DELETE - /about.html - 500
[15/Jan/2025:06:49:59]: "POST - /contact - 302
[15/Jan/2025:06:52:34]: "GET - /product - 302
[15/Jan/2025:06:52:56]: "PUT - /about.html - 404
[15/Jan/2025:06:53:32]: "POST - /about.html - 200
[15/Jan/2025:06:54:18]: "DELETE - /contact - 404
[15/Jan/2025:06:54:24]: "POST - /about.html - 404
[15/Jan/2025:06:56:30]: "PUT - /login - 404
[15/Jan/2025:06:56:46]: "POST - /product - 404
[15/Jan/2025:06:57:05]: "GET - /login - 200
[15/Jan/2025:06:59:13]: "DELETE - /product - 200
[15/Jan/2025:07:01:40]: "DELETE - /product - 302
[15/Jan/2025:07:01:56]: "DELETE - /login - 404
[15/Jan/2025:07:02:27]: "DELETE - /index.html - 302
[15/Jan/2025:07:02:30]: "DELETE - /about.html - 200
[15/Jan/2025:07:02:40]: "PUT - /index.html - 200
[15/Jan/2025:07:05:15]: "POST - /login - 500
[15/Jan/2025:07:07:46]: "POST - /login - 500
[15/Jan/2025:07:09:30]: "DELETE - /login - 500
[15/Jan/2025:07:11:07]: "POST - /product - 500
[15/Jan/2025:07:11:57]: "POST - /index.html - 500
[15/Jan/2025:07:12:12]: "GET - /index.html - 500
[15/Jan/2025:07:14:40]: "PUT - /contact - 500
[15/Jan/2025:07:15:40]: "DELETE - /index.html - 200
[15/Jan/2025:07:16:54]: "GET - /index.html - 404
[15/Jan/2025:07:19:02]: "POST - /login - 302
[15/Jan/2025:07:19:09]: "PUT - /product - 200
[15/Jan/2025:07:21:02]: "GET - /login - 404
[15/Jan/2025:07:21:47]: "PUT - /index.html - 200
[15/Jan/2025:07:22:04]: "POST - /product - 404
[15/Jan/2025:07:22:15]: "POST - /login - 302
[15/Jan/2025:07:24:40]: "DELETE - /index.html - 404
[15/Jan/2025:07:24:58]: "GET - /about.html - 200
[15/Jan/2025:07:27:15]: "GET - /index.html - 302
[15/Jan/2025:07:28:26]: "PUT - /about.html - 302
[15/Jan/2025:07:29:10]: "GET - /index.html - 200
[15/Jan/2025:07:29:38]: "GET - /login - 500
[15/Jan/2025:07:30:16]: "PUT - /product - 200
[15/Jan/2025:07:30:33]: "POST - /index.html - 404
[15/Jan/2025:07:31:06]: "GET - /index.html - 500
[15/Jan/2025:07:31:38]: "GET - /contact - 200
[15/Jan/2025:07:34:12]: "DELETE - /login - 404
[15/Jan/2025:07:34:12]: "PUT - /product - 500
[15/Jan/2025:07:35:24]: "GET - /contact - 404
[15/Jan/2025:07:36:09]: "GET - /contact - 302
[15/Jan/2025:07:36:34]: "POST - /contact - 500
[15/Jan/2025:07:37:52]: "PUT - /index.html - 500
[15/Jan/2025:07:40:07]: "DELETE - /product - 500
[15/Jan/2025:07:40:20]: "GET - /login - 200
[15/Jan/2025:07:43:41]: "PUT - /about.html - 200
[15/Jan/2025:07:45:59]: "PUT - /login - 500
[15/Jan/2025:07:46:48]: "DELETE - /contact - 302
[15/Jan/2025:07:53:04]: "PUT - /index.html - 302
[15/Jan/2025:07:53:29]: "DELETE - /index.html - 302
[15/Jan/2025:07:55:41]: "GET - /login - 302
[15/Jan/2025:07:56:37]: "DELETE - /index.html - 200
[15/Jan/2025:07:58:53]: "DELETE - /about.html - 200
[15/Jan/2025:07:59:30]: "POST - /index.html - 404
[15/Jan/2025:08:01:21]: "GET - /about.html - 302
[15/Jan/2025:08:01:26]: "GET - /contact - 404
[15/Jan/2025:08:01:59]: "GET - /login - 500
[15/Jan/2025:08:01:59]: "POST - /index.html - 404
[15/Jan/2025:08:03:25]: "GET - /about.html - 302
[15/Jan/2025:08:04:51]: "PUT - /index.html - 200
[15/Jan/2025:08:05:57]: "POST - /contact - 200
[15/Jan/2025:08:08:09]: "GET - /product - 404
[15/Jan/2025:08:10:39]: "DELETE - /about.html - 404
[15/Jan/2025:08:12:05]: "POST - /about.html - 200
[15/Jan/2025:08:13:40]: "POST - /about.html - 302
[15/Jan/2025:08:15:29]: "DELETE - /login - 404
[15/Jan/2025:08:18:05]: "DELETE - /about.html - 302
[15/Jan/2025:08:18:12]: "GET - /login - 302
[15/Jan/2025:08:18:30]: "GET - /product - 200
[15/Jan/2025:08:18:33]: "DELETE - /about.html - 404
[15/Jan/2025:08:18:56]: "GET - /login - 302
[15/Jan/2025:08:19:45]: "DELETE - /login - 302
[15/Jan/2025:08:22:47]: "GET - /product - 404
[15/Jan/2025:08:25:30]: "DELETE - /contact - 500
[15/Jan/2025:08:29:39]: "PUT - /index.html - 500
[15/Jan/2025:08:31:14]: "PUT - /about.html - 500
[15/Jan/2025:08:34:24]: "DELETE - /index.html - 200
[15/Jan/2025:08:36:16]: "POST - /about.html - 302
[15/Jan/2025:08:37:53]: "POST - /login - 404
[15/Jan/2025:08:38:17]: "DELETE - /about.html - 500
[15/Jan/2025:08:39:15]: "PUT - /index.html - 302
[15/Jan/2025:08:42:20]: "GET - /login - 404
[15/Jan/2025:08:42:20]: "POST - /product - 500
[15/Jan/2025:08:45:00]: "GET - /product - 500
[15/Jan/2025:08:46:13]: "DELETE - /product - 404
[15/Jan/2025:08:46:51]: "POST - /index.html - 200
[15/Jan/2025:08:48:19]: "PUT - /login - 500
[15/Jan/2025:08:48:29]: "DELETE - /login - 302
[15/Jan/2025:08:49:43]: "POST - /product - 200
[15/Jan/2025:08:51:37]: "POST - /contact - 500
[15/Jan/2025:08:52:00]: "DELETE - /product - 302
[15/Jan/2025:08:52:12]: "PUT - /login - 404
[15/Jan/2025:08:52:27]: "GET - /index.html - 302
[15/Jan/2025:08:52:42]: "POST - /about.html - 500
[15/Jan/2025:08:53:00]: "POST - /contact - 200
[15/Jan/2025:08:54:01]: "GET - /product - 500
[15/Jan/2025:08:56:18]: "DELETE - /about.html - 404
[15/Jan/2025:08:59:00]: "GET - /index.html - 302
[15/Jan/2025:08:59:08]: "DELETE - /product - 302
[15/Jan/2025:08:59:24]: "GET - /about.html - 404
[15/Jan/2025:09:00:35]: "DELETE - /index.html - 200
[15/Jan/2025:09:01:03]: "DELETE - /index.html - 302
[15/Jan/2025:09:02:44]: "PUT - /product - 500
[15/Jan/2025:09:03:30]: "GET - /product - 500
[15/Jan/2025:09:03:57]: "DELETE - /login - 200
[15/Jan/2025:09:05:29]: "PUT - /contact - 404
[15/Jan/2025:09:06:48]: "POST - /product - 200
[15/Jan/2025:09:09:46]: "POST - /product - 200
[15/Jan/2025:09:12:52]: "GET - /about.html - 404
[15/Jan/2025:09:12:54]: "GET - /contact - 302
[15/Jan/2025:09:13:49]: "POST - /login - 404
[15/Jan/2025:09:14:14]: "DELETE - /about.html - 404
[15/Jan/2025:09:14:30]: "POST - /index.html - 500
[15/Jan/2025:09:14:30]: "POST - /login - 302
[15/Jan/2025:09:15:23]: "PUT - /login - 302
[15/Jan/2025:09:15:46]: "POST - /login - 200
[15/Jan/2025:09:17:23]: "GET - /index.html - 302
[15/Jan/2025:09:19:52]: "GET - /contact - 302
[15/Jan/2025:09:20:51]: "DELETE - /about.html - 500
[15/Jan/2025:09:21:36]: "GET - /product - 302
[15/Jan/2025:09:21:48]: "POST - /about.html - 500
[15/Jan/2025:09:24:23]: "DELETE - /contact - 500
[15/Jan/2025:09:24:48]: "DELETE - /about.html - 500
[15/Jan/2025:09:24:52]: "DELETE - /contact - 500
[15/Jan/2025:09:25:28]: "GET - /login - 302
[15/Jan/2025:09:27:34]: "DELETE - /about.html - 200
[15/Jan/2025:09:28:16]: "GET - /index.html - 500
[15/Jan/2025:09:28:20]: "POST - /login - 200
[15/Jan/2025:09:29:05]: "POST - /contact - 302
[15/Jan/2025:09:30:54]: "PUT - /login - 500
[15/Jan/2025:09:32:56]: "POST - /login - 404
[15/Jan/2025:09:35:00]: "POST - /login - 500
[15/Jan/2025:09:36:43]: "PUT - /contact - 404
[15/Jan/2025:09:37:48]: "PUT - /contact - 302
[15/Jan/2025:09:42:48]: "GET - /index.html - 500
[15/Jan/2025:09:43:09]: "DELETE - /login - 200
[15/Jan/2025:09:44:23]: "GET - /about.html - 302
[15/Jan/2025:09:45:15]: "DELETE - /product - 200
[15/Jan/2025:09:51:20]: "PUT - /login - 200
[15/Jan/2025:09:51:38]: "POST - /product - 200
[15/Jan/2025:09:53:43]: "POST - /about.html - 200
[15/Jan/2025:09:54:24]: "PUT - /about.html - 200
[15/Jan/2025:09:55:52]: "POST - /contact - 302
[15/Jan/2025:09:57:58]: "POST - /contact - 302
[15/Jan/2025:09:58:09]: "POST - /about.html - 200
[15/Jan/2025:09:58:44]: "DELETE - /about.html - 500
[15/Jan/2025:09:59:06]: "PUT - /contact - 500
[15/Jan/2025:10:00:16]: "GET - /contact - 500
[15/Jan/2025:10:01:01]: "GET - /index.html - 302
[15/Jan/2025:10:01:58]: "GET - /contact - 200
[15/Jan/2025:10:02:24]: "GET - /login - 500
[15/Jan/2025:10:02:40]: "DELETE - /contact - 200
[15/Jan/2025:10:03:02]: "GET - /index.html - 404
[15/Jan/2025:10:03:36]: "GET - /login - 302
[15/Jan/2025:10:05:19]: "PUT - /product - 404
[15/Jan/2025:10:05:44]: "GET - /login - 404
[15/Jan/2025:10:06:39]: "GET - /contact - 404
[15/Jan/2025:10:08:35]: "GET - /about.html - 302
[15/Jan/2025:10:09:17]: "POST - /index.html - 302
[15/Jan/2025:10:10:27]: "GET - /about.html - 404
[15/Jan/2025:10:11:53]: "POST - /index.html - 302
[15/Jan/2025:10:11:53]: "POST - /product - 302
[15/Jan/2025:10:12:04]: "DELETE - /product - 200
[15/Jan/2025:10:13:12]: "PUT - /index.html - 404
[15/Jan/2025:10:14:35]: "POST - /login - 302
[15/Jan/2025:10:16:00]: "GET - /contact - 500
[15/Jan/2025:10:16:37]: "DELETE - /about.html - 302
[15/Jan/2025:10:17:15]: "GET - /index.html - 404
[15/Jan/2025:10:18:30]: "GET - /contact - 200
[15/Jan/2025:10:18:30]: "PUT - /about.html - 200
[15/Jan/2025:10:18:54]: "DELETE - /product - 200
[15/Jan/2025:10:19:16]: "PUT - /login - 404
[15/Jan/2025:10:23:43]: "GET - /index.html - 200
[15/Jan/2025:10:24:20]: "PUT - /about.html - 200
[15/Jan/2025:10:25:05]: "GET - /contact - 404
[15/Jan/2025:10:28:37]: "GET - /about.html - 302
[15/Jan/2025:10:28:49]: "GET - /index.html - 302
[15/Jan/2025:10:30:23]: "DELETE - /login - 200
[15/Jan/2025:10:30:44]: "DELETE - /about.html - 404
[15/Jan/2025:10:31:36]: "PUT - /login - 404
[15/Jan/2025:10:32:06]: "GET - /product - 302
[15/Jan/2025:10:32:23]: "PUT - /index.html - 200
[15/Jan/2025:10:32:41]: "DELETE - /contact - 404
[15/Jan/2025:10:33:27]: "GET - /index.html - 200
[15/Jan/2025:10:34:52]: "PUT - /index.html - 302
[15/Jan/2025:10:36:07]: "PUT - /index.html - 302
[15/Jan/2025:10:36:31]: "POST - /contact - 200
[15/Jan/2025:10:38:06]: "POST - /login - 404
[15/Jan/2025:10:40:17]: "PUT - /contact - 200
[15/Jan/2025:10:40:31]: "DELETE - /index.html - 200
[15/Jan/2025:10:40:45]: "POST - /login - 302
[15/Jan/2025:10:42:17]: "GET - /product - 500
[15/Jan/2025:10:44:34]: "POST - /product - 302
[15/Jan/2025:10:45:08]: "DELETE - /product - 302
[15/Jan/2025:10:45:21]: "GET - /index.html - 404
[15/Jan/2025:10:45:59]: "POST - /product - 302
[15/Jan/2025:10:47:28]: "DELETE - /about.html - 500
[15/Jan/2025:10:47:46]: "POST - /about.html - 302
[15/Jan/2025:10:47:59]: "GET - /login - 500
[15/Jan/2025:10:50:29]: "POST - /index.html - 404
[15/Jan/2025:10:53:51]: "GET - /contact - 500
[15/Jan/2025:10:55:16]: "POST - /contact - 404
[15/Jan/2025:10:57:28]: "GET - /contact - 302
[15/Jan/2025:10:59:20]: "GET - /about.html - 404
[15/Jan/2025:10:59:58]: "DELETE - /about.html - 500
[15/Jan/2025:11:01:13]: "POST - /about.html - 200
[15/Jan/2025:11:01:20]: "DELETE - /contact - 500
[15/Jan/2025:11:01:55]: "DELETE - /about.html - 302
[15/Jan/2025:11:02:58]: "PUT - /contact - 404
[15/Jan/2025:11:03:32]: "DELETE - /login - 404
[15/Jan/2025:11:04:10]: "DELETE - /login - 200
[15/Jan/2025:11:04:30]: "GET - /login - 500
[15/Jan/2025:11:04:35]: "POST - /index.html - 302
[15/Jan/2025:11:05:20]: "POST - /about.html - 404
[15/Jan/2025:11:05:38]: "DELETE - /login - 200
[15/Jan/2025:11:05:38]: "GET - /product - 404
[15/Jan/2025:11:05:46]: "POST - /about.html - 200
[15/Jan/2025:11:05:54]: "DELETE - /index.html - 302
[15/Jan/2025:11:06:16]: "POST - /about.html - 302
[15/Jan/2025:11:06:27]: "DELETE - /index.html - 404
[15/Jan/2025:11:07:50]: "DELETE - /index.html - 500
[15/Jan/2025:11:08:05]: "PUT - /product - 404
[15/Jan/2025:11:09:33]: "PUT - /index.html - 302
[15/Jan/2025:11:09:42]: "POST - /product - 404
[15/Jan/2025:11:09:44]: "PUT - /product - 200
[15/Jan/2025:11:09:56]: "DELETE - /about.html - 200
[15/Jan/2025:11:12:27]: "PUT - /index.html - 404
[15/Jan/2025:11:12:52]: "GET - /about.html - 500
[15/Jan/2025:11:13:15]: "GET - /contact - 500
[15/Jan/2025:11:13:31]: "PUT - /product - 200
[15/Jan/2025:11:14:04]: "POST - /about.html - 500
[15/Jan/2025:11:15:12]: "GET - /contact - 404
[15/Jan/2025:11:15:33]: "POST - /product - 500
[15/Jan/2025:11:15:49]: "POST - /product - 500
[15/Jan/2025:11:15:53]: "PUT - /login - 404
[15/Jan/2025:11:16:56]: "POST - /login - 302
[15/Jan/2025:11:18:09]: "POST - /login - 500
[15/Jan/2025:11:19:34]: "DELETE - /index.html - 404
[15/Jan/2025:11:20:54]: "DELETE - /login - 500
[15/Jan/2025:11:21:21]: "GET - /index.html - 200
[15/Jan/2025:11:21:37]: "PUT - /about.html - 404
[15/Jan/2025:11:23:10]: "PUT - /about.html - 404
[15/Jan/2025:11:23:20]: "PUT - /about.html - 404
[15/Jan/2025:11:23:22]: "DELETE - /contact - 200
[15/Jan/2025:11:23:53]: "PUT - /about.html - 200
[15/Jan/2025:11:24:05]: "POST - /login - 500
[15/Jan/2025:11:25:15]: "POST - /product - 200
[15/Jan/2025:11:27:02]: "GET - /login - 302
[15/Jan/2025:11:27:56]: "PUT - /contact - 500
[15/Jan/2025:11:29:47]: "GET - /login - 500
[15/Jan/2025:11:32:44]: "GET - /contact - 302
[15/Jan/2025:11:33:05]: "DELETE - /login - 404
[15/Jan/2025:11:33:10]: "DELETE - /login - 200
[15/Jan/2025:11:34:32]: "GET - /about.html - 200
[15/Jan/2025:11:35:13]: "DELETE - /index.html - 404
[15/Jan/2025:11:35:33]: "DELETE - /contact - 302
[15/Jan/2025:11:35:52]: "PUT - /contact - 200
[15/Jan/2025:11:37:05]: "DELETE - /login - 302
[15/Jan/2025:11:39:40]: "POST - /contact - 302
[15/Jan/2025:11:39:40]: "PUT - /login - 200
[15/Jan/2025:11:40:31]: "DELETE - /index.html - 500
[15/Jan/2025:11:41:31]: "DELETE - /contact - 500
[15/Jan/2025:11:42:23]: "POST - /login - 302
[15/Jan/2025:11:43:07]: "GET - /contact - 302
[15/Jan/2025:11:43:09]: "PUT - /login - 200
[15/Jan/2025:11:45:24]: "PUT - /about.html - 302
[15/Jan/2025:11:49:53]: "POST - /product - 404
[15/Jan/2025:11:50:16]: "POST - /product - 200
[15/Jan/2025:11:51:16]: "DELETE - /contact - 302
[15/Jan/2025:11:51:32]: "PUT - /login - 302
[15/Jan/2025:11:52:05]: "GET - /about.html - 200
[15/Jan/2025:11:52:39]: "GET - /contact - 500
[15/Jan/2025:11:52:41]: "PUT - /login - 404
[15/Jan/2025:11:52:44]: "GET - /about.html - 404
[15/Jan/2025:11:52:51]: "PUT - /about.html - 200
[15/Jan/2025:11:53:25]: "DELETE - /login - 404
[15/Jan/2025:11:53:57]: "PUT - /about.html - 500
[15/Jan/2025:11:54:37]: "DELETE - /contact - 200
[15/Jan/2025:11:55:52]: "POST - /login - 404
[15/Jan/2025:11:56:38]: "DELETE - /login - 200
[15/Jan/2025:11:56:47]: "POST - /login - 404
[15/Jan/2025:11:56:52]: "PUT - /product - 404
[15/Jan/2025:12:01:09]: "GET - /index.html - 500
[15/Jan/2025:12:02:59]: "DELETE - /contact - 302
[15/Jan/2025:12:03:31]: "GET - /contact - 500
[15/Jan/2025:12:05:30]: "POST - /index.html - 500
[15/Jan/2025:12:05:41]: "POST - /product - 404
[15/Jan/2025:12:10:07]: "DELETE - /about.html - 500
[15/Jan/2025:12:10:44]: "DELETE - /login - 404
[15/Jan/2025:12:14:32]: "DELETE - /index.html - 200
[15/Jan/2025:12:14:51]: "PUT - /about.html - 302
[15/Jan/2025:12:18:10]: "PUT - /about.html - 404
[15/Jan/2025:12:18:47]: "PUT - /about.html - 302
[15/Jan/2025:12:19:14]: "DELETE - /contact - 200
[15/Jan/2025:12:20:21]: "DELETE - /product - 200
[15/Jan/2025:12:20:21]: "POST - /about.html - 200
[15/Jan/2025:12:20:34]: "DELETE - /login - 302
[15/Jan/2025:12:20:44]: "POST - /about.html - 302
[15/Jan/2025:12:27:25]: "GET - /product - 200
[15/Jan/2025:12:27:43]: "PUT - /index.html - 500
[15/Jan/2025:12:29:52]: "PUT - /contact - 404
[15/Jan/2025:12:30:00]: "GET - /contact - 302
[15/Jan/2025:12:31:28]: "DELETE - /index.html - 404
[15/Jan/2025:12:39:46]: "GET - /product - 200
[15/Jan/2025:12:41:52]: "PUT - /contact - 302
[15/Jan/2025:12:42:21]: "PUT - /index.html - 404
[15/Jan/2025:12:42:51]: "POST - /about.html - 200
[15/Jan/2025:12:43:09]: "PUT - /contact - 302
[15/Jan/2025:12:43:32]: "PUT - /contact - 404
[15/Jan/2025:12:45:35]: "POST - /index.html - 500
[15/Jan/2025:12:48:35]: "POST - /about.html - 200
[15/Jan/2025:12:50:29]: "GET - /index.html - 500
[15/Jan/2025:12:50:54]: "POST - /contact - 404
[15/Jan/2025:12:51:55]: "PUT - /about.html - 500
[15/Jan/2025:12:52:39]: "POST - /index.html - 404
[15/Jan/2025:12:53:30]: "GET - /contact - 500
[15/Jan/2025:12:54:12]: "DELETE - /login - 500
[15/Jan/2025:12:54:23]: "POST - /about.html - 302
[15/Jan/2025:12:55:27]: "GET - /about.html - 404
[15/Jan/2025:13:00:53]: "DELETE - /about.html - 500
[15/Jan/2025:13:01:55]: "POST - /index.html - 302
[15/Jan/2025:13:02:06]: "POST - /index.html - 302
[15/Jan/2025:13:06:26]: "DELETE - /contact - 404
[15/Jan/2025:13:08:21]: "PUT - /contact - 500
[15/Jan/2025:13:08:24]: "PUT - /index.html - 500
[15/Jan/2025:13:09:58]: "DELETE - /login - 200
[15/Jan/2025:13:10:53]: "GET - /index.html - 500
[15/Jan/2025:13:11:06]: "PUT - /contact - 302
[15/Jan/2025:13:12:29]: "PUT - /about.html - 404
[15/Jan/2025:13:12:48]: "PUT - /login - 404
[15/Jan/2025:13:13:40]: "GET - /contact - 302
[15/Jan/2025:13:14:34]: "DELETE - /product - 200
[15/Jan/2025:13:15:21]: "PUT - /product - 404
[15/Jan/2025:13:16:41]: "PUT - /index.html - 500
[15/Jan/2025:13:16:51]: "DELETE - /contact - 404
[15/Jan/2025:13:17:59]: "PUT - /product - 200
[15/Jan/2025:13:18:56]: "DELETE - /about.html - 200
[15/Jan/2025:13:20:33]: "PUT - /product - 500
[15/Jan/2025:13:21:03]: "POST - /about.html - 302
[15/Jan/2025:13:22:07]: "DELETE - /contact - 200
[15/Jan/2025:13:22:30]: "GET - /about.html - 500
[15/Jan/2025:13:23:40]: "POST - /about.html - 500
[15/Jan/2025:13:25:34]: "DELETE - /contact - 404
[15/Jan/2025:13:25:45]: "PUT - /contact - 404
[15/Jan/2025:13:32:28]: "PUT - /about.html - 200
[15/Jan/2025:13:34:45]: "POST - /about.html - 302
[15/Jan/2025:13:38:18]: "PUT - /contact - 200
[15/Jan/2025:13:38:32]: "PUT - /login - 404
[15/Jan/2025:13:39:21]: "PUT - /contact - 302
[15/Jan/2025:13:39:32]: "GET - /contact - 200
[15/Jan/2025:13:39:36]: "PUT - /about.html - 500
[15/Jan/2025:13:42:00]: "DELETE - /product - 500
[15/Jan/2025:13:44:51]: "DELETE - /product - 404
[15/Jan/2025:13:45:40]: "POST - /index.html - 302
[15/Jan/2025:13:46:35]: "PUT - /contact - 404
[15/Jan/2025:13:47:52]: "POST - /index.html - 200
[15/Jan/2025:13:48:39]: "PUT - /about.html - 500
[15/Jan/2025:13:51:29]: "DELETE - /product - 500
[15/Jan/2025:13:51:56]: "DELETE - /product - 302
[15/Jan/2025:13:53:39]: "DELETE - /index.html - 200
[15/Jan/2025:13:54:34]: "PUT - /index.html - 200
[15/Jan/2025:13:56:58]: "POST - /login - 302
[15/Jan/2025:13:57:31]: "DELETE - /contact - 302
[15/Jan/2025:13:58:16]: "PUT - /product - 302
[15/Jan/2025:13:58:42]: "PUT - /product - 500
[15/Jan/2025:13:59:39]: "PUT - /index.html - 404
[15/Jan/2025:14:03:29]: "GET - /product - 500
[15/Jan/2025:14:04:33]: "POST - /product - 404
[15/Jan/2025:14:07:09]: "POST - /about.html - 200
[15/Jan/2025:14:07:24]: "GET - /about.html - 500
[15/Jan/2025:14:07:32]: "POST - /index.html - 404
[15/Jan/2025:14:08:19]: "DELETE - /contact - 500
[15/Jan/2025:14:09:42]: "DELETE - /about.html - 200
[15/Jan/2025:14:10:05]: "GET - /index.html - 200
[15/Jan/2025:14:10:21]: "POST - /contact - 200
[15/Jan/2025:14:10:47]: "PUT - /login - 200
[15/Jan/2025:14:10:51]: "GET - /index.html - 302
[15/Jan/2025:14:11:54]: "PUT - /index.html - 500
[15/Jan/2025:14:12:14]: "POST - /contact - 404
[15/Jan/2025:14:12:35]: "POST - /contact - 404
[15/Jan/2025:14:13:35]: "POST - /about.html - 404
[15/Jan/2025:14:13:54]: "GET - /about.html - 500
[15/Jan/2025:14:14:26]: "DELETE - /about.html - 302
[15/Jan/2025:14:14:50]: "GET - /about.html - 200
[15/Jan/2025:14:15:15]: "PUT - /contact - 500
[15/Jan/2025:14:15:51]: "DELETE - /login - 404
[15/Jan/2025:14:16:07]: "PUT - /about.html - 404
[15/Jan/2025:14:16:34]: "POST - /about.html - 302
[15/Jan/2025:14:18:37]: "PUT - /contact - 500
[15/Jan/2025:14:19:06]: "POST - /login - 302
[15/Jan/2025:14:21:20]: "POST - /login - 404
[15/Jan/2025:14:23:28]: "PUT - /product - 500
[15/Jan/2025:14:23:50]: "POST - /contact - 302
[15/Jan/2025:14:25:22]: "PUT - /product - 302
[15/Jan/2025:14:25:35]: "GET - /login - 302
[15/Jan/2025:14:27:14]: "GET - /index.html - 404
[15/Jan/2025:14:27:34]: "DELETE - /product - 404
[15/Jan/2025:14:27:39]: "PUT - /about.html - 404
[15/Jan/2025:14:28:09]: "POST - /about.html - 404
[15/Jan/2025:14:28:31]: "GET - /product - 302
[15/Jan/2025:14:28:56]: "DELETE - /about.html - 404
[15/Jan/2025:14:29:27]: "DELETE - /contact - 500
[15/Jan/2025:14:30:11]: "DELETE - /contact - 500
[15/Jan/2025:14:31:13]: "GET - /index.html - 500
[15/Jan/2025:14:31:21]: "POST - /contact - 500
[15/Jan/2025:14:33:19]: "GET - /login - 200
[15/Jan/2025:14:37:36]: "PUT - /login - 200
[15/Jan/2025:14:44:10]: "POST - /product - 302
[15/Jan/2025:14:44:35]: "GET - /product - 404
[15/Jan/2025:14:44:49]: "GET - /contact - 404
[15/Jan/2025:14:44:57]: "GET - /contact - 200
[15/Jan/2025:14:46:34]: "POST - /index.html - 200
[15/Jan/2025:14:48:52]: "GET - /login - 302
[15/Jan/2025:14:49:33]: "PUT - /about.html - 302
[15/Jan/2025:14:49:34]: "PUT - /product - 404
[15/Jan/2025:14:49:39]: "POST - /product - 500
[15/Jan/2025:14:49:55]: "POST - /index.html - 302
[15/Jan/2025:14:50:45]: "PUT - /about.html - 302
[15/Jan/2025:14:51:04]: "DELETE - /about.html - 404
[15/Jan/2025:14:51:45]: "DELETE - /login - 302
[15/Jan/2025:14:52:21]: "GET - /index.html - 302
[15/Jan/2025:14:53:08]: "POST - /product - 200
[15/Jan/2025:14:57:26]: "DELETE - /contact - 302
[15/Jan/2025:14:57:46]: "POST - /contact - 302
[15/Jan/2025:14:57:56]: "POST - /contact - 500
[15/Jan/2025:14:58:01]: "DELETE - /about.html - 500
[15/Jan/2025:14:58:52]: "PUT - /index.html - 200
[15/Jan/2025:15:00:07]: "POST - /product - 200
[15/Jan/2025:15:00:26]: "PUT - /index.html - 200
[15/Jan/2025:15:01:54]: "POST - /product - 200
[15/Jan/2025:15:04:24]: "PUT - /product - 302
[15/Jan/2025:15:07:53]: "GET - /about.html - 500
[15/Jan/2025:15:07:59]: "DELETE - /index.html - 200
[15/Jan/2025:15:08:22]: "POST - /index.html - 500
[15/Jan/2025:15:11:41]: "GET - /product - 302
[15/Jan/2025:15:11:56]: "DELETE - /login - 302
[15/Jan/2025:15:12:11]: "POST - /index.html - 404
[15/Jan/2025:15:13:11]: "POST - /contact - 302
[15/Jan/2025:15:14:32]: "PUT - /product - 500
[15/Jan/2025:15:15:12]: "DELETE - /index.html - 404
[15/Jan/2025:15:18:02]: "PUT - /index.html - 500
[15/Jan/2025:15:20:19]: "DELETE - /about.html - 200
[15/Jan/2025:15:20:48]: "POST - /contact - 404
[15/Jan/2025:15:21:16]: "DELETE - /about.html - 404
[15/Jan/2025:15:22:20]: "GET - /about.html - 302
[15/Jan/2025:15:23:09]: "DELETE - /login - 500
[15/Jan/2025:15:23:44]: "DELETE - /contact - 200
[15/Jan/2025:15:25:43]: "POST - /product - 404
[15/Jan/2025:15:28:23]: "GET - /index.html - 200
[15/Jan/2025:15:29:48]: "DELETE - /product - 500
[15/Jan/2025:15:30:41]: "DELETE - /about.html - 200
[15/Jan/2025:15:31:34]: "POST - /about.html - 500
[15/Jan/2025:15:31:57]: "PUT - /index.html - 500
[15/Jan/2025:15:32:32]: "GET - /about.html - 404
[15/Jan/2025:15:32:51]: "POST - /index.html - 200
[15/Jan/2025:15:34:02]: "GET - /login - 302
[15/Jan/2025:15:34:09]: "POST - /about.html - 302
[15/Jan/2025:15:34:09]: "POST - /contact - 200
[15/Jan/2025:15:35:28]: "POST - /product - 500
[15/Jan/2025:15:36:28]: "GET - /about.html - 200
[15/Jan/2025:15:37:29]: "POST - /contact - 302
[15/Jan/2025:15:37:46]: "PUT - /login - 404
[15/Jan/2025:15:38:38]: "DELETE - /index.html - 302
[15/Jan/2025:15:39:09]: "DELETE - /about.html - 500
[15/Jan/2025:15:40:41]: "POST - /login - 200
[15/Jan/2025:15:41:09]: "POST - /about.html - 404
[15/Jan/2025:15:42:50]: "DELETE - /contact - 404
[15/Jan/2025:15:44:07]: "POST - /contact - 200
[15/Jan/2025:15:46:02]: "PUT - /login - 500
[15/Jan/2025:15:46:25]: "PUT - /login - 500
[15/Jan/2025:15:47:27]: "POST - /contact - 302
[15/Jan/2025:15:48:44]: "DELETE - /about.html - 500
[15/Jan/2025:15:49:18]: "POST - /contact - 500
[15/Jan/2025:15:50:04]: "PUT - /about.html - 404
[15/Jan/2025:15:50:33]: "POST - /product - 404
[15/Jan/2025:15:50:51]: "POST - /about.html - 200
[15/Jan/2025:15:51:30]: "DELETE - /product - 200
[15/Jan/2025:15:51:32]: "POST - /product - 404
[15/Jan/2025:15:51:51]: "POST - /login - 302
[15/Jan/2025:15:52:16]: "DELETE - /product - 302
[15/Jan/2025:15:52:17]: "DELETE - /index.html - 200
[15/Jan/2025:15:55:07]: "POST - /product - 302
[15/Jan/2025:15:56:30]: "POST - /login - 404
[15/Jan/2025:15:57:48]: "GET - /product - 404
[15/Jan/2025:15:57:58]: "GET - /about.html - 200
[15/Jan/2025:15:57:59]: "GET - /product - 200
[15/Jan/2025:15:58:19]: "POST - /login - 500
[15/Jan/2025:15:59:05]: "DELETE - /about.html - 404
[15/Jan/2025:16:02:24]: "GET - /contact - 404
[15/Jan/2025:16:03:36]: "PUT - /about.html - 500
[15/Jan/2025:16:03:46]: "DELETE - /about.html - 404
[15/Jan/2025:16:05:29]: "POST - /login - 404
[15/Jan/2025:16:05:51]: "DELETE - /login - 200
[15/Jan/2025:16:05:51]: "POST - /login - 404
[15/Jan/2025:16:06:10]: "GET - /product - 302
[15/Jan/2025:16:06:38]: "GET - /contact - 200
[15/Jan/2025:16:08:16]: "GET - /contact - 302
[15/Jan/2025:16:08:35]: "DELETE - /contact - 500
[15/Jan/2025:16:12:41]: "PUT - /product - 500
[15/Jan/2025:16:13:25]: "POST - /index.html - 500
[15/Jan/2025:16:15:09]: "POST - /index.html - 200
[15/Jan/2025:16:16:14]: "PUT - /login - 500
[15/Jan/2025:16:16:23]: "DELETE - /login - 302
[15/Jan/2025:16:18:25]: "POST - /contact - 500
[15/Jan/2025:16:20:05]: "DELETE - /contact - 200
[15/Jan/2025:16:22:03]: "DELETE - /product - 404
[15/Jan/2025:16:22:49]: "DELETE - /product - 200
[15/Jan/2025:16:23:16]: "DELETE - /about.html - 500
[15/Jan/2025:16:23:46]: "PUT - /login - 500
[15/Jan/2025:16:24:46]: "POST - /login - 302
[15/Jan/2025:16:27:03]: "PUT - /index.html - 404
[15/Jan/2025:16:28:00]: "DELETE - /about.html - 302
[15/Jan/2025:16:28:07]: "POST - /login - 500
[15/Jan/2025:16:28:14]: "DELETE - /about.html - 200
[15/Jan/2025:16:30:12]: "PUT - /about.html - 302
[15/Jan/2025:16:30:32]: "POST - /contact - 200
[15/Jan/2025:16:31:03]: "POST - /login - 500
[15/Jan/2025:16:32:03]: "DELETE - /product - 404
[15/Jan/2025:16:33:44]: "PUT - /about.html - 404
[15/Jan/2025:16:34:57]: "POST - /product - 302
[15/Jan/2025:16:35:27]: "PUT - /index.html - 302
[15/Jan/2025:16:36:40]: "POST - /login - 200
[15/Jan/2025:16:37:26]: "DELETE - /about.html - 302
[15/Jan/2025:16:39:12]: "PUT - /login - 302
[15/Jan/2025:16:39:26]: "PUT - /login - 302
[15/Jan/2025:16:39:46]: "GET - /about.html - 500
[15/Jan/2025:16:39:46]: "POST - /login - 404
[15/Jan/2025:16:40:12]: "PUT - /product - 404
[15/Jan/2025:16:40:37]: "POST - /index.html - 500
[15/Jan/2025:16:41:17]: "GET - /product - 500
[15/Jan/2025:16:41:20]: "GET - /contact - 302
[15/Jan/2025:16:43:35]: "DELETE - /product - 500
[15/Jan/2025:16:45:09]: "GET - /about.html - 500
[15/Jan/2025:16:45:30]: "DELETE - /login - 200
[15/Jan/2025:16:48:22]: "PUT - /login - 404
[15/Jan/2025:16:49:24]: "DELETE - /about.html - 404
[15/Jan/2025:16:50:07]: "GET - /index.html - 200
[15/Jan/2025:16:50:36]: "DELETE - /index.html - 302
[15/Jan/2025:16:50:52]: "POST - /about.html - 302
[15/Jan/2025:16:51:20]: "DELETE - /index.html - 200
[15/Jan/2025:16:51:23]: "PUT - /about.html - 200
[15/Jan/2025:16:51:42]: "PUT - /login - 302
[15/Jan/2025:16:52:38]: "POST - /about.html - 200
[15/Jan/2025:16:52:38]: "PUT - /product - 404
[15/Jan/2025:16:52:40]: "GET - /index.html - 200
[15/Jan/2025:16:53:21]: "POST - /login - 200
[15/Jan/2025:16:53:27]: "DELETE - /contact - 404
[15/Jan/2025:16:53:59]: "DELETE - /product - 200
[15/Jan/2025:16:55:25]: "PUT - /index.html - 302
[15/Jan/2025:16:55:27]: "GET - /login - 302
[15/Jan/2025:16:59:24]: "PUT - /login - 404
[15/Jan/2025:16:59:29]: "GET - /about.html - 500
[15/Jan/2025:17:02:44]: "PUT - /login - 500
[15/Jan/2025:17:03:32]: "PUT - /contact - 500
[15/Jan/2025:17:04:22]: "PUT - /login - 200
[15/Jan/2025:17:05:03]: "PUT - /login - 302
[15/Jan/2025:17:05:52]: "GET - /about.html - 200
[15/Jan/2025:17:06:54]: "DELETE - /index.html - 302
[15/Jan/2025:17:08:39]: "PUT - /contact - 500
[15/Jan/2025:17:08:48]: "GET - /login - 200
[15/Jan/2025:17:10:14]: "DELETE - /contact - 500
[15/Jan/2025:17:11:24]: "GET - /login - 500
[15/Jan/2025:17:11:26]: "PUT - /about.html - 500
[15/Jan/2025:17:12:28]: "DELETE - /about.html - 200
[15/Jan/2025:17:14:22]: "DELETE - /login - 404
[15/Jan/2025:17:14:59]: "PUT - /contact - 200
[15/Jan/2025:17:17:37]: "POST - /about.html - 404
[15/Jan/2025:17:18:25]: "POST - /product - 404
[15/Jan/2025:17:20:35]: "DELETE - /about.html - 200
[15/Jan/2025:17:20:40]: "POST - /contact - 500
[15/Jan/2025:17:21:52]: "DELETE - /product - 302
[15/Jan/2025:17:23:02]: "PUT - /index.html - 404
[15/Jan/2025:17:24:09]: "DELETE - /about.html - 302
[15/Jan/2025:17:24:25]: "PUT - /product - 302
[15/Jan/2025:17:26:11]: "POST - /contact - 302
[15/Jan/2025:17:27:15]: "PUT - /product - 200
[15/Jan/2025:17:28:11]: "GET - /login - 404
[15/Jan/2025:17:28:46]: "GET - /about.html - 404
[15/Jan/2025:17:29:10]: "POST - /contact - 200
[15/Jan/2025:17:29:46]: "GET - /index.html - 404
[15/Jan/2025:17:33:26]: "POST - /about.html - 302
[15/Jan/2025:17:33:31]: "GET - /product - 200
[15/Jan/2025:17:33:46]: "GET - /about.html - 302
[15/Jan/2025:17:34:42]: "PUT - /about.html - 302
[15/Jan/2025:17:35:12]: "DELETE - /about.html - 404
[15/Jan/2025:17:35:44]: "DELETE - /about.html - 302
[15/Jan/2025:17:37:38]: "PUT - /index.html - 404
[15/Jan/2025:17:38:38]: "GET - /about.html - 500
[15/Jan/2025:17:40:09]: "DELETE - /index.html - 200
[15/Jan/2025:17:41:13]: "PUT - /contact - 200
[15/Jan/2025:17:41:33]: "PUT - /login - 404
[15/Jan/2025:17:41:48]: "GET - /login - 404
[15/Jan/2025:17:42:43]: "GET - /index.html - 200
[15/Jan/2025:17:43:42]: "PUT - /login - 500
[15/Jan/2025:17:44:00]: "DELETE - /index.html - 500
[15/Jan/2025:17:44:59]: "DELETE - /contact - 404
[15/Jan/2025:17:47:03]: "PUT - /index.html - 500
[15/Jan/2025:17:48:29]: "PUT - /index.html - 404
[15/Jan/2025:17:49:31]: "DELETE - /index.html - 200
[15/Jan/2025:17:50:00]: "GET - /product - 302
[15/Jan/2025:17:50:58]: "DELETE - /index.html - 302
[15/Jan/2025:17:51:32]: "PUT - /about.html - 302
[15/Jan/2025:17:51:52]: "GET - /about.html - 200
[15/Jan/2025:17:53:03]: "DELETE - /login - 200
[15/Jan/2025:17:54:40]: "POST - /index.html - 404
[15/Jan/2025:17:54:43]: "DELETE - /contact - 200
[15/Jan/2025:17:55:29]: "POST - /index.html - 404
[15/Jan/2025:17:56:46]: "GET - /product - 302
[15/Jan/2025:17:56:47]: "POST - /contact - 302
[15/Jan/2025:17:57:53]: "PUT - /contact - 302
[15/Jan/2025:17:58:09]: "GET - /login - 404
[15/Jan/2025:17:58:31]: "PUT - /product - 302
[15/Jan/2025:18:04:10]: "GET - /about.html - 200
[15/Jan/2025:18:05:06]: "PUT - /about.html - 500
[15/Jan/2025:18:05:14]: "PUT - /login - 302
[15/Jan/2025:18:06:12]: "POST - /about.html - 404
[15/Jan/2025:18:07:53]: "DELETE - /product - 500
[15/Jan/2025:18:09:04]: "PUT - /product - 404
[15/Jan/2025:18:13:11]: "POST - /login - 302
[15/Jan/2025:18:14:39]: "PUT - /index.html - 500
[15/Jan/2025:18:14:48]: "PUT - /contact - 200
[15/Jan/2025:18:16:08]: "POST - /about.html - 500
[15/Jan/2025:18:17:14]: "GET - /product - 404
[15/Jan/2025:18:19:10]: "POST - /about.html - 500
[15/Jan/2025:18:20:46]: "POST - /about.html - 302
[15/Jan/2025:18:22:36]: "PUT - /about.html - 200
[15/Jan/2025:18:23:44]: "POST - /login - 500
[15/Jan/2025:18:23:49]: "DELETE - /index.html - 500
[15/Jan/2025:18:24:44]: "DELETE - /product - 200
[15/Jan/2025:18:24:48]: "POST - /contact - 302
[15/Jan/2025:18:26:12]: "GET - /contact - 404
[15/Jan/2025:18:27:37]: "PUT - /about.html - 302
[15/Jan/2025:18:27:47]: "DELETE - /index.html - 302
[15/Jan/2025:18:28:19]: "DELETE - /contact - 500
[15/Jan/2025:18:28:31]: "PUT - /index.html - 200
[15/Jan/2025:18:28:53]: "POST - /login - 200
[15/Jan/2025:18:29:41]: "POST - /contact - 302
[15/Jan/2025:18:31:42]: "GET - /about.html - 500
[15/Jan/2025:18:31:42]: "GET - /about.html - 500
[15/Jan/2025:18:32:58]: "POST - /product - 500
[15/Jan/2025:18:34:42]: "POST - /login - 200
[15/Jan/2025:18:34:44]: "GET - /index.html - 200
[15/Jan/2025:18:35:05]: "GET - /index.html - 200
[15/Jan/2025:18:35:38]: "POST - /product - 404
[15/Jan/2025:18:35:46]: "PUT - /index.html - 200
[15/Jan/2025:18:36:02]: "PUT - /index.html - 500
[15/Jan/2025:18:37:58]: "DELETE - /about.html - 302
[15/Jan/2025:18:38:59]: "PUT - /login - 200
[15/Jan/2025:18:40:02]: "GET - /index.html - 200
[15/Jan/2025:18:40:19]: "GET - /login - 200
[15/Jan/2025:18:41:06]: "POST - /contact - 200
[15/Jan/2025:18:41:32]: "DELETE - /contact - 302
[15/Jan/2025:18:41:44]: "DELETE - /index.html - 404
[15/Jan/2025:18:42:45]: "DELETE - /login - 302
[15/Jan/2025:18:43:02]: "PUT - /login - 302
[15/Jan/2025:18:43:58]: "DELETE - /contact - 302
[15/Jan/2025:18:46:30]: "POST - /about.html - 500
[15/Jan/2025:18:46:41]: "PUT - /index.html - 500
[15/Jan/2025:18:47:43]: "POST - /index.html - 404
[15/Jan/2025:18:50:34]: "DELETE - /index.html - 500
[15/Jan/2025:18:50:55]: "POST - /index.html - 302
[15/Jan/2025:18:52:52]: "POST - /index.html - 404
[15/Jan/2025:18:53:15]: "GET - /index.html - 404
[15/Jan/2025:18:53:20]: "DELETE - /about.html - 404
[15/Jan/2025:18:54:03]: "DELETE - /login - 200
[15/Jan/2025:18:54:27]: "POST - /product - 404
[15/Jan/2025:18:54:45]: "POST - /login - 302
[15/Jan/2025:18:55:22]: "POST - /product - 200
[15/Jan/2025:18:57:28]: "POST - /contact - 200
[15/Jan/2025:18:58:13]: "PUT - /login - 200
[15/Jan/2025:18:59:04]: "DELETE - /about.html - 200
[15/Jan/2025:18:59:12]: "POST - /login - 200
[15/Jan/2025:18:59:17]: "GET - /contact - 302
[15/Jan/2025:19:00:16]: "GET - /about.html - 500
[15/Jan/2025:19:03:15]: "POST - /about.html - 404
[15/Jan/2025:19:03:33]: "POST - /about.html - 500
[15/Jan/2025:19:03:39]: "GET - /about.html - 200
[15/Jan/2025:19:05:17]: "GET - /login - 500
[15/Jan/2025:19:06:45]: "GET - /contact - 404
[15/Jan/2025:19:07:32]: "DELETE - /login - 200
[15/Jan/2025:19:09:23]: "PUT - /product - 404
[15/Jan/2025:19:10:41]: "POST - /index.html - 200
[15/Jan/2025:19:11:24]: "PUT - /contact - 500
[15/Jan/2025:19:11:45]: "DELETE - /index.html - 500
[15/Jan/2025:19:14:55]: "DELETE - /index.html - 404
[15/Jan/2025:19:15:38]: "POST - /login - 200
[15/Jan/2025:19:15:48]: "PUT - /login - 200
[15/Jan/2025:19:16:40]: "POST - /index.html - 404
[15/Jan/2025:19:18:01]: "DELETE - /index.html - 500
[15/Jan/2025:19:19:55]: "DELETE - /login - 302
[15/Jan/2025:19:20:15]: "GET - /index.html - 200
[15/Jan/2025:19:21:32]: "POST - /about.html - 200
[15/Jan/2025:19:23:33]: "GET - /product - 500
[15/Jan/2025:19:23:48]: "POST - /index.html - 200
[15/Jan/2025:19:27:27]: "PUT - /contact - 500
[15/Jan/2025:19:29:47]: "GET - /about.html - 200
[15/Jan/2025:19:31:05]: "DELETE - /about.html - 302
[15/Jan/2025:19:36:13]: "GET - /index.html - 302
[15/Jan/2025:19:40:47]: "PUT - /login - 500
[15/Jan/2025:19:42:59]: "GET - /product - 200
[15/Jan/2025:19:44:14]: "DELETE - /index.html - 302
[15/Jan/2025:19:45:00]: "POST - /product - 404
[15/Jan/2025:19:45:11]: "GET - /index.html - 302
[15/Jan/2025:19:46:41]: "DELETE - /index.html - 404
[15/Jan/2025:19:47:41]: "PUT - /about.html - 500
[15/Jan/2025:19:48:10]: "POST - /contact - 404
[15/Jan/2025:19:48:22]: "PUT - /product - 500
[15/Jan/2025:19:48:36]: "GET - /product - 500
[15/Jan/2025:19:48:45]: "POST - /product - 302
[15/Jan/2025:19:49:15]: "DELETE - /login - 302
[15/Jan/2025:19:49:41]: "DELETE - /index.html - 500
[15/Jan/2025:19:49:41]: "GET - /product - 404
[15/Jan/2025:19:50:12]: "PUT - /about.html - 500
[15/Jan/2025:19:50:15]: "PUT - /login - 200
[15/Jan/2025:19:50:19]: "PUT - /contact - 404
[15/Jan/2025:19:51:13]: "GET - /login - 404
[15/Jan/2025:19:53:28]: "GET - /about.html - 500
[15/Jan/2025:19:56:03]: "PUT - /product - 200
[15/Jan/2025:19:56:35]: "POST - /product - 500
[15/Jan/2025:19:58:39]: "DELETE - /login - 200
[15/Jan/2025:19:58:51]: "GET - /login - 500
[15/Jan/2025:19:59:17]: "POST - /about.html - 200
[15/Jan/2025:19:59:54]: "POST - /index.html - 302
[15/Jan/2025:20:00:33]: "GET - /about.html - 500
[15/Jan/2025:20:01:07]: "POST - /login - 404
[15/Jan/2025:20:06:51]: "POST - /about.html - 302
[15/Jan/2025:20:07:06]: "POST - /index.html - 404
[15/Jan/2025:20:07:39]: "GET - /login - 500
[15/Jan/2025:20:08:16]: "DELETE - /login - 404
[15/Jan/2025:20:08:18]: "POST - /about.html - 500
[15/Jan/2025:20:08:30]: "DELETE - /login - 404
[15/Jan/2025:20:09:21]: "PUT - /about.html - 500
[15/Jan/2025:20:12:16]: "GET - /contact - 302
[15/Jan/2025:20:13:27]: "POST - /about.html - 302
[15/Jan/2025:20:13:44]: "GET - /contact - 302
[15/Jan/2025:20:13:51]: "GET - /about.html - 500
[15/Jan/2025:20:14:22]: "GET - /product - 200
[15/Jan/2025:20:15:17]: "DELETE - /contact - 404
[15/Jan/2025:20:16:10]: "GET - /product - 302
[15/Jan/2025:20:18:01]: "POST - /index.html - 200
[15/Jan/2025:20:18:05]: "PUT - /contact - 302
[15/Jan/2025:20:19:06]: "POST - /login - 200
[15/Jan/2025:20:19:34]: "PUT - /contact - 500
[15/Jan/2025:20:21:20]: "GET - /contact - 200
[15/Jan/2025:20:23:06]: "GET - /index.html - 404
[15/Jan/2025:20:24:11]: "GET - /index.html - 200
[15/Jan/2025:20:24:16]: "PUT - /index.html - 302
[15/Jan/2025:20:26:18]: "PUT - /contact - 302
[15/Jan/2025:20:26:53]: "GET - /login - 404
[15/Jan/2025:20:28:11]: "GET - /login - 404
[15/Jan/2025:20:29:00]: "DELETE - /product - 500
[15/Jan/2025:20:32:06]: "POST - /product - 404
[15/Jan/2025:20:33:17]: "POST - /about.html - 200
[15/Jan/2025:20:34:26]: "GET - /index.html - 404
[15/Jan/2025:20:35:14]: "PUT - /product - 200
[15/Jan/2025:20:35:28]: "POST - /contact - 404
[15/Jan/2025:20:35:34]: "DELETE - /login - 500
[15/Jan/2025:20:36:18]: "POST - /product - 500
[15/Jan/2025:20:39:22]: "DELETE - /product - 404
[15/Jan/2025:20:40:58]: "PUT - /product - 302
[15/Jan/2025:20:42:50]: "PUT - /index.html - 500
[15/Jan/2025:20:43:41]: "DELETE - /contact - 302
[15/Jan/2025:20:43:56]: "POST - /product - 500
[15/Jan/2025:20:44:15]: "PUT - /contact - 302
[15/Jan/2025:20:45:05]: "DELETE - /product - 302
[15/Jan/2025:20:45:37]: "POST - /index.html - 200
[15/Jan/2025:20:47:00]: "POST - /index.html - 404
[15/Jan/2025:20:47:49]: "GET - /product - 200
[15/Jan/2025:20:48:28]: "GET - /login - 200
[15/Jan/2025:20:49:11]: "DELETE - /login - 500
[15/Jan/2025:20:49:22]: "DELETE - /index.html - 500
[15/Jan/2025:20:50:07]: "GET - /login - 302
[15/Jan/2025:20:50:47]: "GET - /index.html - 302
[15/Jan/2025:20:56:03]: "PUT - /product - 200
[15/Jan/2025:20:57:09]: "GET - /login - 500
[15/Jan/2025:21:00:32]: "POST - /index.html - 302
[15/Jan/2025:21:03:24]: "DELETE - /contact - 500
[15/Jan/2025:21:03:32]: "DELETE - /index.html - 404
[15/Jan/2025:21:04:34]: "GET - /product - 302
[15/Jan/2025:21:04:39]: "POST - /index.html - 200
[15/Jan/2025:21:06:53]: "PUT - /login - 500
[15/Jan/2025:21:07:14]: "DELETE - /product - 404
[15/Jan/2025:21:09:12]: "PUT - /product - 200
[15/Jan/2025:21:09:42]: "GET - /index.html - 404
[15/Jan/2025:21:11:07]: "GET - /contact - 404
[15/Jan/2025:21:11:59]: "GET - /about.html - 500
[15/Jan/2025:21:12:07]: "GET - /login - 302
[15/Jan/2025:21:13:11]: "GET - /login - 404
[15/Jan/2025:21:16:10]: "POST - /about.html - 302
[15/Jan/2025:21:16:31]: "GET - /contact - 404
[15/Jan/2025:21:18:56]: "GET - /contact - 404
[15/Jan/2025:21:21:02]: "POST - /contact - 302
[15/Jan/2025:21:22:08]: "PUT - /index.html - 500
[15/Jan/2025:21:23:14]: "POST - /login - 404
[15/Jan/2025:21:24:00]: "DELETE - /contact - 302
[15/Jan/2025:21:24:02]: "GET - /contact - 404
[15/Jan/2025:21:24:06]: "PUT - /about.html - 404
[15/Jan/2025:21:24:09]: "GET - /about.html - 200
[15/Jan/2025:21:24:53]: "PUT - /contact - 302
[15/Jan/2025:21:25:44]: "DELETE - /index.html - 302
[15/Jan/2025:21:29:15]: "POST - /product - 200
[15/Jan/2025:21:29:40]: "PUT - /login - 404
[15/Jan/2025:21:30:03]: "GET - /about.html - 500
[15/Jan/2025:21:30:14]: "POST - /login - 404
[15/Jan/2025:21:32:13]: "PUT - /product - 200
[15/Jan/2025:21:33:02]: "DELETE - /login - 200
[15/Jan/2025:21:37:10]: "DELETE - /about.html - 404
[15/Jan/2025:21:37:57]: "DELETE - /contact - 500
[15/Jan/2025:21:39:08]: "DELETE - /product - 404
[15/Jan/2025:21:39:08]: "PUT - /contact - 404
[15/Jan/2025:21:39:17]: "GET - /contact - 404
[15/Jan/2025:21:42:48]: "DELETE - /contact - 404
[15/Jan/2025:21:43:13]: "GET - /product - 500
[15/Jan/2025:21:43:14]: "POST - /about.html - 404
[15/Jan/2025:21:45:03]: "PUT - /login - 302
[15/Jan/2025:21:45:56]: "POST - /login - 302
[15/Jan/2025:21:46:29]: "PUT - /product - 404
[15/Jan/2025:21:46:32]: "PUT - /product - 200
[15/Jan/2025:21:46:35]: "DELETE - /product - 302
[15/Jan/2025:21:48:50]: "PUT - /login - 404
[15/Jan/2025:21:51:24]: "DELETE - /product - 302
[15/Jan/2025:21:51:32]: "POST - /about.html - 302
[15/Jan/2025:21:51:37]: "POST - /contact - 404
[15/Jan/2025:21:54:04]: "PUT - /login - 500
[15/Jan/2025:21:54:06]: "PUT - /about.html - 500
[15/Jan/2025:21:55:57]: "DELETE - /about.html - 302
[15/Jan/2025:21:56:14]: "DELETE - /about.html - 404
[15/Jan/2025:21:56:55]: "POST - /product - 200
[15/Jan/2025:21:57:12]: "GET - /login - 404
[15/Jan/2025:21:57:55]: "PUT - /about.html - 200
[15/Jan/2025:21:58:00]: "PUT - /contact - 500
[15/Jan/2025:21:58:05]: "POST - /login - 200
[15/Jan/2025:21:58:26]: "PUT - /product - 404
[15/Jan/2025:21:59:05]: "DELETE - /contact - 302
[15/Jan/2025:21:59:34]: "PUT - /index.html - 500
[15/Jan/2025:22:00:28]: "PUT - /contact - 500
[15/Jan/2025:22:01:09]: "GET - /index.html - 200
[15/Jan/2025:22:01:51]: "GET - /product - 500
[15/Jan/2025:22:03:27]: "POST - /about.html - 404
[15/Jan/2025:22:07:01]: "POST - /about.html - 500
[15/Jan/2025:22:07:17]: "DELETE - /contact - 200
[15/Jan/2025:22:07:22]: "PUT - /login - 200
[15/Jan/2025:22:09:57]: "PUT - /index.html - 200
[15/Jan/2025:22:10:02]: "POST - /about.html - 404
[15/Jan/2025:22:11:57]: "POST - /index.html - 200
[15/Jan/2025:22:12:48]: "POST - /product - 500
[15/Jan/2025:22:13:38]: "PUT - /index.html - 200
[15/Jan/2025:22:13:45]: "DELETE - /login - 500
[15/Jan/2025:22:16:28]: "GET - /contact - 200
[15/Jan/2025:22:16:29]: "DELETE - /product - 500
[15/Jan/2025:22:16:29]: "GET - /login - 500
[15/Jan/2025:22:16:39]: "POST - /product - 200
[15/Jan/2025:22:17:04]: "PUT - /index.html - 404
[15/Jan/2025:22:18:12]: "POST - /product - 404
[15/Jan/2025:22:18:24]: "GET - /about.html - 302
[15/Jan/2025:22:18:45]: "DELETE - /product - 200
[15/Jan/2025:22:21:16]: "POST - /index.html - 200
[15/Jan/2025:22:21:46]: "GET - /product - 302
[15/Jan/2025:22:21:52]: "DELETE - /contact - 302
[15/Jan/2025:22:23:04]: "PUT - /index.html - 200
[15/Jan/2025:22:23:54]: "POST - /index.html - 302
[15/Jan/2025:22:24:38]: "PUT - /about.html - 302
[15/Jan/2025:22:27:07]: "PUT - /index.html - 302
[15/Jan/2025:22:27:25]: "POST - /about.html - 302
[15/Jan/2025:22:28:14]: "PUT - /login - 500
[15/Jan/2025:22:29:02]: "PUT - /about.html - 200
[15/Jan/2025:22:30:31]: "GET - /about.html - 302
[15/Jan/2025:22:30:47]: "POST - /login - 200
[15/Jan/2025:22:31:13]: "DELETE - /about.html - 302
[15/Jan/2025:22:31:49]: "POST - /about.html - 302
[15/Jan/2025:22:32:17]: "PUT - /index.html - 302
[15/Jan/2025:22:36:44]: "GET - /about.html - 200
[15/Jan/2025:22:38:36]: "PUT - /about.html - 302
[15/Jan/2025:22:39:22]: "DELETE - /index.html - 404
[15/Jan/2025:22:39:38]: "POST - /about.html - 200
[15/Jan/2025:22:40:01]: "GET - /index.html - 302
[15/Jan/2025:22:40:27]: "DELETE - /product - 302
[15/Jan/2025:22:40:49]: "POST - /contact - 500
[15/Jan/2025:22:41:45]: "PUT - /index.html - 302
[15/Jan/2025:22:43:41]: "PUT - /about.html - 200
[15/Jan/2025:22:44:50]: "GET - /contact - 500
[15/Jan/2025:22:45:23]: "GET - /contact - 500
[15/Jan/2025:22:47:00]: "GET - /login - 200
[15/Jan/2025:22:47:44]: "PUT - /product - 404
[15/Jan/2025:22:48:20]: "DELETE - /about.html - 200
[15/Jan/2025:22:49:46]: "PUT - /product - 500
[15/Jan/2025:22:52:03]: "DELETE - /login - 200
[15/Jan/2025:22:54:28]: "GET - /product - 302
[15/Jan/2025:22:55:15]: "DELETE - /product - 302
[15/Jan/2025:22:56:09]: "POST - /index.html - 404
[15/Jan/2025:22:58:27]: "DELETE - /login - 404
[15/Jan/2025:23:00:49]: "GET - /login - 500
[15/Jan/2025:23:01:28]: "GET - /about.html - 404
[15/Jan/2025:23:03:56]: "DELETE - /contact - 404
[15/Jan/2025:23:04:30]: "GET - /product - 302
[15/Jan/2025:23:04:52]: "GET - /about.html - 404
[15/Jan/2025:23:05:07]: "DELETE - /index.html - 404
[15/Jan/2025:23:05:29]: "POST - /about.html - 500
[15/Jan/2025:23:06:07]: "GET - /index.html - 302
[15/Jan/2025:23:07:05]: "POST - /login - 302
[15/Jan/2025:23:07:54]: "DELETE - /contact - 200
[15/Jan/2025:23:09:03]: "PUT - /about.html - 404
[15/Jan/2025:23:09:15]: "PUT - /login - 500
[15/Jan/2025:23:11:25]: "GET - /login - 200
[15/Jan/2025:23:11:34]: "GET - /index.html - 404
[15/Jan/2025:23:12:22]: "POST - /product - 500
[15/Jan/2025:23:12:24]: "GET - /index.html - 500
[15/Jan/2025:23:12:47]: "DELETE - /contact - 500
[15/Jan/2025:23:13:25]: "GET - /index.html - 500
[15/Jan/2025:23:16:25]: "GET - /login - 404
[15/Jan/2025:23:17:04]: "GET - /login - 302
[15/Jan/2025:23:17:53]: "GET - /contact - 500
[15/Jan/2025:23:18:22]: "DELETE - /about.html - 404
[15/Jan/2025:23:18:27]: "DELETE - /about.html - 302
[15/Jan/2025:23:18:27]: "POST - /login - 500
[15/Jan/2025:23:22:25]: "PUT - /about.html - 404
[15/Jan/2025:23:22:34]: "GET - /login - 404
[15/Jan/2025:23:23:45]: "DELETE - /contact - 200
[15/Jan/2025:23:23:56]: "DELETE - /product - 404
[15/Jan/2025:23:24:43]: "GET - /about.html - 200
[15/Jan/2025:23:24:47]: "PUT - /product - 500
[15/Jan/2025:23:28:18]: "POST - /index.html - 302
[15/Jan/2025:23:29:01]: "DELETE - /about.html - 200
[15/Jan/2025:23:30:19]: "GET - /index.html - 302
[15/Jan/2025:23:32:13]: "GET - /index.html - 500
[15/Jan/2025:23:32:39]: "DELETE - /contact - 302
[15/Jan/2025:23:33:09]: "PUT - /product - 500
[15/Jan/2025:23:33:34]: "PUT - /about.html - 404
[15/Jan/2025:23:34:30]: "PUT - /contact - 200
[15/Jan/2025:23:36:30]: "POST - /contact - 500
[15/Jan/2025:23:36:56]: "GET - /index.html - 302
[15/Jan/2025:23:39:33]: "PUT - /product - 500
[15/Jan/2025:23:41:13]: "DELETE - /contact - 200
[15/Jan/2025:23:41:19]: "DELETE - /product - 200
[15/Jan/2025:23:42:58]: "DELETE - /index.html - 200
[15/Jan/2025:23:43:48]: "PUT - /product - 404
[15/Jan/2025:23:44:43]: "POST - /product - 500
[15/Jan/2025:23:46:24]: "DELETE - /product - 302
[15/Jan/2025:23:47:39]: "PUT - /contact - 404
[15/Jan/2025:23:49:26]: "GET - /index.html - 200
[15/Jan/2025:23:50:17]: "GET - /product - 500
[15/Jan/2025:23:51:48]: "DELETE - /about.html - 302
[15/Jan/2025:23:51:49]: "DELETE - /login - 302
[15/Jan/2025:23:52:08]: "PUT - /product - 404
[15/Jan/2025:23:52:29]: "POST - /product - 302
[15/Jan/2025:23:55:07]: "GET - /index.html - 404
[15/Jan/2025:23:56:30]: "POST - /product - 500
[15/Jan/2025:23:56:49]: "DELETE - /about.html - 500
[15/Jan/2025:23:58:29]: "DELETE - /about.html - 200
[15/Jan/2025:23:59:53]: "DELETE - /login - 302
