[01/Jan/2025:00:00:25]: "DELETE - /about.html - 302
[01/Jan/2025:00:00:28]: "GET - /index.html - 200
[01/Jan/2025:00:02:09]: "PUT - /product - 200
[01/Jan/2025:00:04:31]: "POST - /product - 302
[01/Jan/2025:00:05:33]: "DELETE - /product - 404
[01/Jan/2025:00:07:15]: "POST - /index.html - 302
[01/Jan/2025:00:10:04]: "POST - /login - 200
[01/Jan/2025:00:11:16]: "DELETE - /contact - 302
[01/Jan/2025:00:11:48]: "GET - /about.html - 404
[01/Jan/2025:00:12:48]: "POST - /about.html - 302
[01/Jan/2025:00:14:26]: "GET - /contact - 500
[01/Jan/2025:00:16:54]: "POST - /index.html - 500
[01/Jan/2025:00:21:27]: "DELETE - /contact - 302
[01/Jan/2025:00:21:53]: "DELETE - /login - 302
[01/Jan/2025:00:22:07]: "PUT - /contact - 404
[01/Jan/2025:00:23:06]: "PUT - /index.html - 200
[01/Jan/2025:00:24:15]: "PUT - /index.html - 302
[01/Jan/2025:00:25:52]: "DELETE - /product - 500
[01/Jan/2025:00:26:49]: "GET - /about.html - 500
[01/Jan/2025:00:27:04]: "DELETE - /login - 404
[01/Jan/2025:00:27:56]: "DELETE - /product - 500
[01/Jan/2025:00:29:23]: "DELETE - /contact - 404
[01/Jan/2025:00:36:04]: "GET - /index.html - 404
[01/Jan/2025:00:36:04]: "PUT - /about.html - 404
[01/Jan/2025:00:37:38]: "GET - /login - 404
[01/Jan/2025:00:43:25]: "DELETE - /contact - 302
[01/Jan/2025:00:44:22]: "POST - /index.html - 200
[01/Jan/2025:00:49:01]: "POST - /about.html - 404
[01/Jan/2025:00:49:16]: "PUT - /login - 500
[01/Jan/2025:00:50:35]: "PUT - /contact - 500
[01/Jan/2025:00:52:01]: "DELETE - /login - 500
[01/Jan/2025:00:52:01]: "PUT - /index.html - 200
[01/Jan/2025:00:52:24]: "GET - /contact - 404
[01/Jan/2025:00:53:31]: "DELETE - /contact - 404
[01/Jan/2025:00:57:10]: "DELETE - /about.html - 500
[01/Jan/2025:00:58:41]: "GET - /index.html - 500
[01/Jan/2025:01:00:09]: "POST - /contact - 200
[01/Jan/2025:01:00:54]: "DELETE - /index.html - 200
[01/Jan/2025:01:02:55]: "POST - /about.html - 200
[01/Jan/2025:01:03:56]: "POST - /product - 404
[01/Jan/2025:01:04:56]: "PUT - /about.html - 500
[01/Jan/2025:01:05:25]: "POST - /index.html - 302
[01/Jan/2025:01:08:06]: "PUT - /about.html - 500
[01/Jan/2025:01:08:16]: "POST - /product - 302
[01/Jan/2025:01:10:54]: "GET - /index.html - 200
[01/Jan/2025:01:11:17]: "DELETE - /product - 500
[01/Jan/2025:01:12:02]: "POST - /contact - 404
[01/Jan/2025:01:12:07]: "DELETE - /contact - 302
[01/Jan/2025:01:12:21]: "PUT - /product - 200
[01/Jan/2025:01:13:58]: "PUT - /product - 200
[01/Jan/2025:01:15:17]: "GET - /contact - 500
[01/Jan/2025:01:16:05]: "PUT - /contact - 404
[01/Jan/2025:01:16:38]: "POST - /contact - 200
[01/Jan/2025:01:17:06]: "DELETE - /contact - 302
[01/Jan/2025:01:17:12]: "DELETE - /contact - 500
[01/Jan/2025:01:17:33]: "GET - /index.html - 500
[01/Jan/2025:01:20:45]: "GET - /about.html - 200
[01/Jan/2025:01:22:42]: "PUT - /login - 404
[01/Jan/2025:01:23:37]: "DELETE - /about.html - 200
[01/Jan/2025:01:24:22]: "DELETE - /index.html - 404
[01/Jan/2025:01:25:21]: "POST - /contact - 200
[01/Jan/2025:01:25:24]: "PUT - /index.html - 404
[01/Jan/2025:01:26:00]: "PUT - /contact - 302
[01/Jan/2025:01:27:33]: "PUT - /about.html - 302
[01/Jan/2025:01:27:56]: "GET - /index.html - 500
[01/Jan/2025:01:29:09]: "POST - /about.html - 500
[01/Jan/2025:01:30:06]: "POST - /contact - 200
[01/Jan/2025:01:31:29]: "POST - /index.html - 200
[01/Jan/2025:01:33:01]: "GET - /index.html - 500
[01/Jan/2025:01:33:57]: "DELETE - /about.html - 302
[01/Jan/2025:01:35:14]: "PUT - /login - 200
[01/Jan/2025:01:35:16]: "PUT - /login - 200
[01/Jan/2025:01:36:29]: "DELETE - /index.html - 302
[01/Jan/2025:01:36:50]: "PUT - /login - 200
[01/Jan/2025:01:38:19]: "PUT - /contact - 500
[01/Jan/2025:01:39:35]: "GET - /contact - 500
[01/Jan/2025:01:40:08]: "PUT - /index.html - 500
[01/Jan/2025:01:41:38]: "PUT - /contact - 200
[01/Jan/2025:01:41:48]: "POST - /about.html - 404
[01/Jan/2025:01:42:06]: "POST - /product - 302
[01/Jan/2025:01:42:47]: "GET - /about.html - 500
[01/Jan/2025:01:43:43]: "PUT - /product - 500
[01/Jan/2025:01:44:53]: "PUT - /product - 302
[01/Jan/2025:01:47:05]: "GET - /login - 404
[01/Jan/2025:01:47:41]: "GET - /about.html - 200
[01/Jan/2025:01:48:03]: "DELETE - /about.html - 200
[01/Jan/2025:01:48:50]: "POST - /index.html - 302
[01/Jan/2025:01:50:09]: "GET - /login - 200
[01/Jan/2025:01:51:11]: "POST - /index.html - 500
[01/Jan/2025:01:52:45]: "GET - /product - 404
[01/Jan/2025:01:53:18]: "POST - /contact - 500
[01/Jan/2025:01:54:49]: "PUT - /about.html - 200
[01/Jan/2025:01:55:43]: "DELETE - /about.html - 404
[01/Jan/2025:01:55:46]: "POST - /contact - 404
[01/Jan/2025:01:57:32]: "GET - /login - 302
[01/Jan/2025:01:57:57]: "PUT - /product - 200
[01/Jan/2025:01:58:55]: "POST - /about.html - 200
[01/Jan/2025:01:59:06]: "DELETE - /contact - 200
[01/Jan/2025:01:59:14]: "GET - /product - 404
[01/Jan/2025:01:59:41]: "PUT - /index.html - 404
[01/Jan/2025:02:01:39]: "GET - /product - 500
[01/Jan/2025:02:01:39]: "POST - /index.html - 200
[01/Jan/2025:02:02:12]: "POST - /about.html - 404
[01/Jan/2025:02:02:37]: "PUT - /contact - 302
[01/Jan/2025:02:04:26]: "GET - /index.html - 200
[01/Jan/2025:02:07:19]: "GET - /contact - 500
[01/Jan/2025:02:12:05]: "DELETE - /index.html - 200
[01/Jan/2025:02:12:44]: "DELETE - /about.html - 302
[01/Jan/2025:02:13:12]: "DELETE - /about.html - 302
[01/Jan/2025:02:14:11]: "GET - /index.html - 500
[01/Jan/2025:02:16:17]: "POST - /index.html - 302
[01/Jan/2025:02:17:09]: "PUT - /product - 302
[01/Jan/2025:02:17:35]: "DELETE - /login - 500
[01/Jan/2025:02:17:51]: "GET - /product - 500
[01/Jan/2025:02:18:17]: "POST - /contact - 500
[01/Jan/2025:02:19:34]: "POST - /login - 200
[01/Jan/2025:02:21:10]: "PUT - /about.html - 200
[01/Jan/2025:02:21:34]: "DELETE - /product - 200
[01/Jan/2025:02:22:12]: "POST - /index.html - 404
[01/Jan/2025:02:22:18]: "DELETE - /contact - 500
[01/Jan/2025:02:22:25]: "PUT - /index.html - 200
[01/Jan/2025:02:24:19]: "POST - /product - 404
[01/Jan/2025:02:25:32]: "GET - /login - 500
[01/Jan/2025:02:28:10]: "GET - /login - 404
[01/Jan/2025:02:28:35]: "POST - /index.html - 302
[01/Jan/2025:02:29:14]: "PUT - /contact - 302
[01/Jan/2025:02:29:16]: "GET - /login - 200
[01/Jan/2025:02:29:21]: "GET - /about.html - 302
[01/Jan/2025:02:30:06]: "DELETE - /contact - 500
[01/Jan/2025:02:31:32]: "GET - /index.html - 302
[01/Jan/2025:02:33:41]: "PUT - /login - 302
[01/Jan/2025:02:34:01]: "PUT - /about.html - 500
[01/Jan/2025:02:37:24]: "GET - /contact - 302
[01/Jan/2025:02:38:10]: "POST - /index.html - 302
[01/Jan/2025:02:38:33]: "POST - /about.html - 200
[01/Jan/2025:02:38:37]: "DELETE - /product - 404
[01/Jan/2025:02:38:38]: "POST - /product - 404
[01/Jan/2025:02:39:33]: "GET - /product - 200
[01/Jan/2025:02:40:56]: "PUT - /contact - 500
[01/Jan/2025:02:41:40]: "GET - /contact - 500
[01/Jan/2025:02:41:55]: "POST - /about.html - 302
[01/Jan/2025:02:42:22]: "PUT - /login - 500
[01/Jan/2025:02:43:05]: "DELETE - /contact - 404
[01/Jan/2025:02:48:33]: "PUT - /product - 302
[01/Jan/2025:02:48:38]: "DELETE - /login - 500
[01/Jan/2025:02:48:43]: "DELETE - /about.html - 200
[01/Jan/2025:02:50:45]: "DELETE - /contact - 200
[01/Jan/2025:02:50:51]: "POST - /login - 500
[01/Jan/2025:02:52:41]: "POST - /about.html - 302
[01/Jan/2025:02:54:42]: "GET - /contact - 302
[01/Jan/2025:02:55:10]: "GET - /contact - 500
[01/Jan/2025:02:56:01]: "PUT - /contact - 302
[01/Jan/2025:02:57:38]: "PUT - /login - 302
[01/Jan/2025:02:57:40]: "GET - /about.html - 500
[01/Jan/2025:02:58:59]: "GET - /contact - 302
[01/Jan/2025:02:59:00]: "GET - /login - 200
[01/Jan/2025:03:00:42]: "DELETE - /login - 404
[01/Jan/2025:03:01:23]: "DELETE - /product - 302
[01/Jan/2025:03:02:25]: "GET - /login - 500
[01/Jan/2025:03:02:33]: "DELETE - /contact - 200
[01/Jan/2025:03:03:40]: "POST - /about.html - 200
[01/Jan/2025:03:04:14]: "PUT - /index.html - 500
[01/Jan/2025:03:04:40]: "POST - /login - 200
[01/Jan/2025:03:04:50]: "GET - /login - 200
[01/Jan/2025:03:04:53]: "GET - /product - 500
[01/Jan/2025:03:07:49]: "GET - /login - 500
[01/Jan/2025:03:11:16]: "POST - /product - 200
[01/Jan/2025:03:12:23]: "POST - /index.html - 302
[01/Jan/2025:03:14:01]: "DELETE - /about.html - 302
[01/Jan/2025:03:14:25]: "DELETE - /product - 500
[01/Jan/2025:03:14:45]: "PUT - /contact - 500
[01/Jan/2025:03:15:50]: "GET - /login - 404
[01/Jan/2025:03:17:10]: "DELETE - /contact - 200
[01/Jan/2025:03:17:52]: "DELETE - /contact - 500
[01/Jan/2025:03:17:54]: "GET - /about.html - 302
[01/Jan/2025:03:18:03]: "DELETE - /login - 200
[01/Jan/2025:03:18:09]: "GET - /about.html - 500
[01/Jan/2025:03:18:26]: "GET - /index.html - 200
[01/Jan/2025:03:20:32]: "DELETE - /contact - 200
[01/Jan/2025:03:22:37]: "PUT - /product - 404
[01/Jan/2025:03:23:12]: "DELETE - /login - 200
[01/Jan/2025:03:24:37]: "POST - /about.html - 302
[01/Jan/2025:03:24:41]: "POST - /contact - 500
[01/Jan/2025:03:26:31]: "POST - /product - 302
[01/Jan/2025:03:27:15]: "PUT - /login - 500
[01/Jan/2025:03:27:33]: "GET - /about.html - 200
[01/Jan/2025:03:28:10]: "PUT - /login - 302
[01/Jan/2025:03:28:28]: "GET - /product - 302
[01/Jan/2025:03:29:41]: "PUT - /product - 500
[01/Jan/2025:03:30:53]: "PUT - /product - 302
[01/Jan/2025:03:31:12]: "PUT - /index.html - 200
[01/Jan/2025:03:33:10]: "PUT - /contact - 200
[01/Jan/2025:03:33:47]: "PUT - /login - 500
[01/Jan/2025:03:35:23]: "POST - /index.html - 200
[01/Jan/2025:03:35:51]: "GET - /product - 500
[01/Jan/2025:03:37:12]: "GET - /index.html - 200
[01/Jan/2025:03:43:31]: "POST - /login - 500
[01/Jan/2025:03:44:54]: "DELETE - /product - 302
[01/Jan/2025:03:50:14]: "POST - /login - 404
[01/Jan/2025:03:51:37]: "GET - /contact - 200
[01/Jan/2025:03:51:51]: "PUT - /about.html - 500
[01/Jan/2025:03:52:32]: "GET - /login - 302
[01/Jan/2025:03:58:39]: "PUT - /login - 302
[01/Jan/2025:03:58:58]: "GET - /about.html - 302
[01/Jan/2025:04:00:00]: "GET - /product - 200
[01/Jan/2025:04:00:49]: "DELETE - /product - 200
[01/Jan/2025:04:02:31]: "POST - /contact - 200
[01/Jan/2025:04:04:55]: "PUT - /contact - 500
[01/Jan/2025:04:05:21]: "POST - /index.html - 500
[01/Jan/2025:04:05:38]: "PUT - /index.html - 404
[01/Jan/2025:04:05:43]: "DELETE - /contact - 404
[01/Jan/2025:04:06:03]: "POST - /contact - 404
[01/Jan/2025:04:08:07]: "DELETE - /product - 500
[01/Jan/2025:04:09:25]: "DELETE - /index.html - 302
[01/Jan/2025:04:12:38]: "DELETE - /login - 404
[01/Jan/2025:04:13:13]: "POST - /login - 200
[01/Jan/2025:04:13:18]: "DELETE - /about.html - 404
[01/Jan/2025:04:15:51]: "POST - /index.html - 500
[01/Jan/2025:04:17:08]: "PUT - /product - 500
[01/Jan/2025:04:18:41]: "PUT - /contact - 500
[01/Jan/2025:04:18:47]: "DELETE - /about.html - 200
[01/Jan/2025:04:21:26]: "PUT - /login - 200
[01/Jan/2025:04:21:39]: "POST - /index.html - 404
[01/Jan/2025:04:23:23]: "PUT - /login - 200
[01/Jan/2025:04:25:14]: "DELETE - /index.html - 500
[01/Jan/2025:04:25:22]: "PUT - /index.html - 404
[01/Jan/2025:04:26:03]: "POST - /about.html - 404
[01/Jan/2025:04:27:03]: "DELETE - /product - 200
[01/Jan/2025:04:29:10]: "GET - /contact - 200
[01/Jan/2025:04:30:41]: "POST - /login - 404
[01/Jan/2025:04:30:58]: "POST - /index.html - 500
[01/Jan/2025:04:31:16]: "POST - /index.html - 200
[01/Jan/2025:04:34:10]: "DELETE - /product - 500
[01/Jan/2025:04:34:15]: "POST - /login - 302
[01/Jan/2025:04:36:28]: "GET - /contact - 404
[01/Jan/2025:04:37:09]: "GET - /contact - 500
[01/Jan/2025:04:38:42]: "DELETE - /login - 200
[01/Jan/2025:04:39:18]: "DELETE - /contact - 404
[01/Jan/2025:04:39:31]: "POST - /index.html - 302
[01/Jan/2025:04:40:01]: "POST - /contact - 404
[01/Jan/2025:04:41:01]: "PUT - /product - 200
[01/Jan/2025:04:41:06]: "DELETE - /login - 200
[01/Jan/2025:04:41:07]: "DELETE - /about.html - 302
[01/Jan/2025:04:42:55]: "POST - /about.html - 404
[01/Jan/2025:04:43:18]: "PUT - /product - 500
[01/Jan/2025:04:43:36]: "PUT - /contact - 302
[01/Jan/2025:04:46:32]: "PUT - /about.html - 500
[01/Jan/2025:04:47:16]: "PUT - /index.html - 500
[01/Jan/2025:04:48:22]: "POST - /product - 200
[01/Jan/2025:04:48:45]: "POST - /index.html - 500
[01/Jan/2025:04:49:05]: "GET - /index.html - 500
[01/Jan/2025:04:50:17]: "GET - /about.html - 404
[01/Jan/2025:04:55:15]: "POST - /index.html - 302
[01/Jan/2025:04:56:54]: "GET - /about.html - 404
[01/Jan/2025:04:57:51]: "GET - /index.html - 500
[01/Jan/2025:04:58:20]: "DELETE - /index.html - 500
[01/Jan/2025:04:58:30]: "DELETE - /index.html - 200
[01/Jan/2025:04:59:01]: "DELETE - /login - 302
[01/Jan/2025:04:59:41]: "POST - /about.html - 200
[01/Jan/2025:05:01:39]: "GET - /about.html - 500
[01/Jan/2025:05:02:35]: "POST - /about.html - 404
[01/Jan/2025:05:06:24]: "GET - /contact - 500
[01/Jan/2025:05:07:54]: "DELETE - /index.html - 500
[01/Jan/2025:05:08:38]: "POST - /login - 404
[01/Jan/2025:05:08:54]: "GET - /contact - 200
[01/Jan/2025:05:09:48]: "DELETE - /about.html - 200
[01/Jan/2025:05:10:38]: "PUT - /index.html - 500
[01/Jan/2025:05:12:34]: "POST - /product - 500
[01/Jan/2025:05:16:47]: "PUT - /about.html - 200
[01/Jan/2025:05:16:48]: "POST - /about.html - 200
[01/Jan/2025:05:19:07]: "GET - /login - 500
[01/Jan/2025:05:20:16]: "GET - /about.html - 500
[01/Jan/2025:05:20:30]: "PUT - /contact - 500
[01/Jan/2025:05:20:48]: "GET - /product - 302
[01/Jan/2025:05:21:45]: "PUT - /index.html - 302
[01/Jan/2025:05:21:45]: "PUT - /login - 200
[01/Jan/2025:05:22:57]: "DELETE - /product - 500
[01/Jan/2025:05:22:57]: "POST - /product - 404
[01/Jan/2025:05:28:01]: "POST - /login - 302
[01/Jan/2025:05:28:18]: "GET - /product - 200
[01/Jan/2025:05:28:18]: "PUT - /contact - 200
[01/Jan/2025:05:28:29]: "GET - /about.html - 500
[01/Jan/2025:05:28:37]: "DELETE - /about.html - 200
[01/Jan/2025:05:30:46]: "POST - /about.html - 404
[01/Jan/2025:05:31:14]: "GET - /contact - 200
[01/Jan/2025:05:33:02]: "POST - /contact - 200
[01/Jan/2025:05:34:05]: "DELETE - /about.html - 500
[01/Jan/2025:05:34:05]: "POST - /contact - 404
[01/Jan/2025:05:36:38]: "PUT - /index.html - 200
[01/Jan/2025:05:37:17]: "PUT - /index.html - 200
[01/Jan/2025:05:37:21]: "POST - /about.html - 302
[01/Jan/2025:05:38:38]: "DELETE - /about.html - 302
[01/Jan/2025:05:39:10]: "PUT - /login - 404
[01/Jan/2025:05:40:28]: "POST - /product - 200
[01/Jan/2025:05:42:44]: "DELETE - /product - 500
[01/Jan/2025:05:44:06]: "POST - /contact - 200
[01/Jan/2025:05:46:12]: "GET - /index.html - 500
[01/Jan/2025:05:46:17]: "PUT - /index.html - 500
[01/Jan/2025:05:46:17]: "PUT - /product - 404
[01/Jan/2025:05:47:36]: "DELETE - /login - 302
[01/Jan/2025:05:47:51]: "GET - /index.html - 500
[01/Jan/2025:05:48:24]: "POST - /index.html - 404
[01/Jan/2025:05:51:02]: "DELETE - /index.html - 302
[01/Jan/2025:05:52:16]: "PUT - /index.html - 302
[01/Jan/2025:05:53:48]: "PUT - /product - 302
[01/Jan/2025:05:54:11]: "POST - /about.html - 404
[01/Jan/2025:05:54:32]: "GET - /contact - 200
[01/Jan/2025:05:55:13]: "GET - /index.html - 404
[01/Jan/2025:05:55:13]: "PUT - /about.html - 500
[01/Jan/2025:05:55:54]: "DELETE - /login - 200
[01/Jan/2025:05:56:12]: "PUT - /contact - 200
[01/Jan/2025:06:01:58]: "GET - /product - 500
[01/Jan/2025:06:04:25]: "DELETE - /product - 500
[01/Jan/2025:06:04:32]: "DELETE - /index.html - 200
[01/Jan/2025:06:06:11]: "PUT - /login - 500
[01/Jan/2025:06:06:39]: "GET - /login - 302
[01/Jan/2025:06:07:21]: "POST - /product - 500
[01/Jan/2025:06:07:31]: "GET - /about.html - 500
[01/Jan/2025:06:08:25]: "DELETE - /index.html - 302
[01/Jan/2025:06:09:25]: "GET - /login - 404
[01/Jan/2025:06:09:51]: "POST - /about.html - 200
[01/Jan/2025:06:10:50]: "POST - /login - 404
[01/Jan/2025:06:12:13]: "DELETE - /login - 302
[01/Jan/2025:06:12:21]: "DELETE - /product - 404
[01/Jan/2025:06:12:56]: "GET - /contact - 500
[01/Jan/2025:06:12:56]: "GET - /index.html - 200
[01/Jan/2025:06:14:05]: "POST - /about.html - 200
[01/Jan/2025:06:14:10]: "DELETE - /product - 500
[01/Jan/2025:06:15:37]: "POST - /about.html - 404
[01/Jan/2025:06:15:38]: "DELETE - /product - 302
[01/Jan/2025:06:16:01]: "DELETE - /about.html - 200
[01/Jan/2025:06:17:55]: "GET - /product - 404
[01/Jan/2025:06:18:07]: "POST - /about.html - 302
[01/Jan/2025:06:21:15]: "POST - /contact - 200
[01/Jan/2025:06:21:19]: "DELETE - /login - 302
[01/Jan/2025:06:22:22]: "POST - /product - 404
[01/Jan/2025:06:22:32]: "GET - /contact - 404
[01/Jan/2025:06:23:03]: "GET - /product - 200
[01/Jan/2025:06:26:38]: "DELETE - /login - 500
[01/Jan/2025:06:28:02]: "DELETE - /product - 500
[01/Jan/2025:06:29:35]: "PUT - /contact - 404
[01/Jan/2025:06:29:37]: "PUT - /login - 404
[01/Jan/2025:06:30:26]: "GET - /index.html - 200
[01/Jan/2025:06:30:30]: "PUT - /login - 302
[01/Jan/2025:06:30:49]: "POST - /product - 500
[01/Jan/2025:06:34:20]: "POST - /contact - 404
[01/Jan/2025:06:36:07]: "PUT - /contact - 404
[01/Jan/2025:06:38:43]: "PUT - /about.html - 200
[01/Jan/2025:06:40:00]: "PUT - /contact - 404
[01/Jan/2025:06:41:47]: "DELETE - /about.html - 404
[01/Jan/2025:06:42:40]: "DELETE - /product - 200
[01/Jan/2025:06:43:25]: "DELETE - /contact - 200
[01/Jan/2025:06:43:45]: "PUT - /login - 404
[01/Jan/2025:06:43:50]: "DELETE - /contact - 404
[01/Jan/2025:06:46:21]: "PUT - /login - 200
[01/Jan/2025:06:46:47]: "PUT - /login - 500
[01/Jan/2025:06:49:45]: "GET - /product - 500
[01/Jan/2025:06:50:28]: "DELETE - /product - 404
[01/Jan/2025:06:55:01]: "PUT - /about.html - 500
[01/Jan/2025:06:55:43]: "PUT - /contact - 200
[01/Jan/2025:06:55:48]: "GET - /contact - 200
[01/Jan/2025:06:55:57]: "POST - /contact - 500
[01/Jan/2025:06:57:23]: "GET - /index.html - 200
[01/Jan/2025:06:57:26]: "POST - /index.html - 200
[01/Jan/2025:06:58:23]: "POST - /login - 302
[01/Jan/2025:06:58:48]: "POST - /about.html - 404
[01/Jan/2025:06:59:13]: "PUT - /product - 302
[01/Jan/2025:07:01:26]: "POST - /index.html - 500
[01/Jan/2025:07:01:31]: "DELETE - /login - 200
[01/Jan/2025:07:02:11]: "GET - /login - 302
[01/Jan/2025:07:02:34]: "POST - /contact - 404
[01/Jan/2025:07:02:42]: "PUT - /about.html - 200
[01/Jan/2025:07:04:41]: "PUT - /contact - 200
[01/Jan/2025:07:05:08]: "POST - /contact - 500
[01/Jan/2025:07:06:50]: "POST - /contact - 200
[01/Jan/2025:07:07:04]: "GET - /about.html - 500
[01/Jan/2025:07:07:37]: "POST - /about.html - 500
[01/Jan/2025:07:07:38]: "GET - /index.html - 404
[01/Jan/2025:07:12:16]: "GET - /index.html - 200
[01/Jan/2025:07:14:57]: "DELETE - /contact - 200
[01/Jan/2025:07:16:19]: "POST - /index.html - 302
[01/Jan/2025:07:17:57]: "POST - /contact - 200
[01/Jan/2025:07:18:27]: "POST - /login - 200
[01/Jan/2025:07:18:27]: "PUT - /login - 404
[01/Jan/2025:07:20:27]: "POST - /index.html - 500
[01/Jan/2025:07:21:22]: "POST - /about.html - 500
[01/Jan/2025:07:21:51]: "DELETE - /index.html - 500
[01/Jan/2025:07:24:15]: "GET - /about.html - 302
[01/Jan/2025:07:25:08]: "GET - /product - 200
[01/Jan/2025:07:25:09]: "PUT - /about.html - 404
[01/Jan/2025:07:26:58]: "PUT - /contact - 302
[01/Jan/2025:07:27:09]: "POST - /index.html - 200
[01/Jan/2025:07:27:34]: "GET - /product - 404
[01/Jan/2025:07:27:37]: "GET - /index.html - 404
[01/Jan/2025:07:27:43]: "POST - /about.html - 302
[01/Jan/2025:07:28:09]: "GET - /about.html - 302
[01/Jan/2025:07:28:13]: "PUT - /index.html - 302
[01/Jan/2025:07:30:00]: "DELETE - /contact - 404
[01/Jan/2025:07:32:07]: "POST - /product - 404
[01/Jan/2025:07:32:19]: "PUT - /login - 404
[01/Jan/2025:07:35:38]: "GET - /product - 500
[01/Jan/2025:07:36:04]: "PUT - /index.html - 404
[01/Jan/2025:07:37:32]: "DELETE - /about.html - 500
[01/Jan/2025:07:38:40]: "POST - /contact - 404
[01/Jan/2025:07:39:13]: "DELETE - /login - 200
[01/Jan/2025:07:39:22]: "PUT - /product - 200
[01/Jan/2025:07:43:38]: "DELETE - /login - 200
[01/Jan/2025:07:43:52]: "PUT - /login - 200
[01/Jan/2025:07:44:26]: "DELETE - /product - 500
[01/Jan/2025:07:44:26]: "PUT - /about.html - 200
[01/Jan/2025:07:47:18]: "DELETE - /product - 500
[01/Jan/2025:07:47:34]: "POST - /index.html - 500
[01/Jan/2025:07:48:02]: "DELETE - /about.html - 302
[01/Jan/2025:07:49:28]: "GET - /product - 302
[01/Jan/2025:07:50:34]: "PUT - /contact - 500
[01/Jan/2025:07:54:28]: "GET - /login - 500
[01/Jan/2025:07:55:29]: "PUT - /product - 200
[01/Jan/2025:07:56:47]: "POST - /index.html - 500
[01/Jan/2025:07:58:35]: "DELETE - /contact - 302
[01/Jan/2025:07:58:50]: "GET - /product - 404
[01/Jan/2025:07:59:20]: "DELETE - /login - 500
[01/Jan/2025:08:00:50]: "POST - /contact - 500
[01/Jan/2025:08:01:22]: "GET - /login - 404
[01/Jan/2025:08:02:07]: "PUT - /login - 500
[01/Jan/2025:08:04:05]: "PUT - /contact - 200
[01/Jan/2025:08:04:10]: "POST - /index.html - 302
[01/Jan/2025:08:05:57]: "POST - /index.html - 302
[01/Jan/2025:08:06:33]: "POST - /product - 500
[01/Jan/2025:08:07:03]: "DELETE - /product - 200
[01/Jan/2025:08:07:18]: "DELETE - /index.html - 200
[01/Jan/2025:08:07:56]: "PUT - /login - 500
[01/Jan/2025:08:12:45]: "PUT - /product - 200
[01/Jan/2025:08:13:10]: "POST - /about.html - 500
[01/Jan/2025:08:13:15]: "GET - /contact - 500
[01/Jan/2025:08:14:21]: "GET - /contact - 500
[01/Jan/2025:08:16:06]: "DELETE - /contact - 200
[01/Jan/2025:08:17:32]: "POST - /index.html - 500
[01/Jan/2025:08:17:43]: "POST - /contact - 404
[01/Jan/2025:08:18:12]: "GET - /login - 302
[01/Jan/2025:08:19:33]: "PUT - /index.html - 302
[01/Jan/2025:08:20:49]: "PUT - /about.html - 404
[01/Jan/2025:08:21:09]: "POST - /login - 500
[01/Jan/2025:08:21:36]: "PUT - /contact - 200
[01/Jan/2025:08:22:18]: "POST - /about.html - 302
[01/Jan/2025:08:22:43]: "POST - /product - 302
[01/Jan/2025:08:24:10]: "DELETE - /product - 302
[01/Jan/2025:08:25:00]: "POST - /contact - 302
[01/Jan/2025:08:26:36]: "POST - /about.html - 302
[01/Jan/2025:08:28:50]: "GET - /login - 200
[01/Jan/2025:08:29:42]: "POST - /product - 200
[01/Jan/2025:08:30:37]: "POST - /about.html - 302
[01/Jan/2025:08:31:31]: "GET - /product - 302
[01/Jan/2025:08:32:10]: "POST - /index.html - 200
[01/Jan/2025:08:33:02]: "GET - /about.html - 500
[01/Jan/2025:08:33:50]: "GET - /login - 500
[01/Jan/2025:08:34:06]: "GET - /contact - 500
[01/Jan/2025:08:35:41]: "PUT - /about.html - 404
[01/Jan/2025:08:38:09]: "GET - /login - 404
[01/Jan/2025:08:39:43]: "GET - /product - 200
[01/Jan/2025:08:40:22]: "DELETE - /index.html - 404
[01/Jan/2025:08:44:57]: "GET - /index.html - 500
[01/Jan/2025:08:45:34]: "GET - /login - 302
[01/Jan/2025:08:45:58]: "POST - /login - 404
[01/Jan/2025:08:46:59]: "GET - /login - 404
[01/Jan/2025:08:49:22]: "PUT - /contact - 302
[01/Jan/2025:08:51:55]: "GET - /login - 404
[01/Jan/2025:08:52:11]: "PUT - /about.html - 500
[01/Jan/2025:08:53:19]: "PUT - /contact - 404
[01/Jan/2025:08:53:30]: "GET - /contact - 500
[01/Jan/2025:08:54:34]: "POST - /about.html - 200
[01/Jan/2025:08:55:13]: "GET - /contact - 302
[01/Jan/2025:08:57:27]: "GET - /contact - 404
[01/Jan/2025:08:57:57]: "DELETE - /contact - 404
[01/Jan/2025:09:00:47]: "PUT - /contact - 500
[01/Jan/2025:09:03:17]: "GET - /product - 404
[01/Jan/2025:09:03:21]: "POST - /index.html - 404
[01/Jan/2025:09:03:29]: "PUT - /contact - 200
[01/Jan/2025:09:03:56]: "GET - /product - 500
[01/Jan/2025:09:04:07]: "POST - /contact - 200
[01/Jan/2025:09:05:43]: "GET - /login - 404
[01/Jan/2025:09:06:09]: "PUT - /login - 404
[01/Jan/2025:09:07:51]: "DELETE - /index.html - 302
[01/Jan/2025:09:08:03]: "DELETE - /about.html - 302
[01/Jan/2025:09:09:16]: "POST - /product - 500
[01/Jan/2025:09:09:21]: "POST - /contact - 200
[01/Jan/2025:09:10:39]: "POST - /index.html - 500
[01/Jan/2025:09:11:06]: "PUT - /about.html - 302
[01/Jan/2025:09:12:27]: "DELETE - /contact - 404
[01/Jan/2025:09:12:54]: "PUT - /product - 404
[01/Jan/2025:09:13:06]: "GET - /login - 500
[01/Jan/2025:09:13:24]: "DELETE - /login - 302
[01/Jan/2025:09:14:29]: "PUT - /index.html - 302
[01/Jan/2025:09:15:15]: "DELETE - /product - 404
[01/Jan/2025:09:16:30]: "GET - /product - 200
[01/Jan/2025:09:19:21]: "DELETE - /about.html - 500
[01/Jan/2025:09:19:39]: "POST - /index.html - 302
[01/Jan/2025:09:19:58]: "DELETE - /contact - 404
[01/Jan/2025:09:20:39]: "GET - /product - 302
[01/Jan/2025:09:22:25]: "PUT - /login - 302
[01/Jan/2025:09:23:38]: "GET - /about.html - 500
[01/Jan/2025:09:24:13]: "POST - /contact - 302
[01/Jan/2025:09:24:17]: "POST - /contact - 200
[01/Jan/2025:09:24:47]: "DELETE - /about.html - 500
[01/Jan/2025:09:25:16]: "POST - /index.html - 500
[01/Jan/2025:09:27:38]: "DELETE - /contact - 500
[01/Jan/2025:09:28:00]: "DELETE - /product - 200
[01/Jan/2025:09:29:27]: "DELETE - /login - 404
[01/Jan/2025:09:33:20]: "PUT - /contact - 302
[01/Jan/2025:09:33:57]: "PUT - /index.html - 302
[01/Jan/2025:09:34:09]: "POST - /index.html - 500
[01/Jan/2025:09:34:22]: "POST - /login - 500
[01/Jan/2025:09:35:13]: "POST - /index.html - 404
[01/Jan/2025:09:35:26]: "GET - /index.html - 200
[01/Jan/2025:09:36:06]: "DELETE - /about.html - 302
[01/Jan/2025:09:37:00]: "GET - /index.html - 404
[01/Jan/2025:09:37:55]: "DELETE - /login - 404
[01/Jan/2025:09:38:04]: "POST - /index.html - 404
[01/Jan/2025:09:39:56]: "PUT - /about.html - 404
[01/Jan/2025:09:40:16]: "PUT - /about.html - 404
[01/Jan/2025:09:44:07]: "POST - /contact - 302
[01/Jan/2025:09:45:20]: "POST - /login - 302
[01/Jan/2025:09:45:54]: "POST - /login - 404
[01/Jan/2025:09:46:59]: "PUT - /contact - 302
[01/Jan/2025:09:47:50]: "POST - /contact - 200
[01/Jan/2025:09:47:56]: "DELETE - /product - 404
[01/Jan/2025:09:48:33]: "PUT - /index.html - 302
[01/Jan/2025:09:49:22]: "GET - /index.html - 404
[01/Jan/2025:09:51:14]: "GET - /contact - 302
[01/Jan/2025:09:51:27]: "GET - /about.html - 302
[01/Jan/2025:09:53:39]: "PUT - /login - 302
[01/Jan/2025:09:54:59]: "POST - /about.html - 404
[01/Jan/2025:09:56:11]: "DELETE - /contact - 200
[01/Jan/2025:09:57:50]: "POST - /contact - 302
[01/Jan/2025:09:59:52]: "DELETE - /index.html - 200
[01/Jan/2025:10:00:23]: "POST - /product - 302
[01/Jan/2025:10:01:44]: "PUT - /login - 500
[01/Jan/2025:10:01:54]: "POST - /product - 200
[01/Jan/2025:10:07:06]: "DELETE - /about.html - 302
[01/Jan/2025:10:09:52]: "PUT - /contact - 404
[01/Jan/2025:10:11:38]: "GET - /product - 200
[01/Jan/2025:10:13:24]: "GET - /login - 200
[01/Jan/2025:10:13:27]: "DELETE - /about.html - 500
[01/Jan/2025:10:13:27]: "PUT - /contact - 200
[01/Jan/2025:10:13:43]: "DELETE - /index.html - 200
[01/Jan/2025:10:14:48]: "GET - /contact - 302
[01/Jan/2025:10:17:12]: "DELETE - /login - 404
[01/Jan/2025:10:17:23]: "POST - /contact - 200
[01/Jan/2025:10:17:59]: "GET - /about.html - 200
[01/Jan/2025:10:17:59]: "GET - /about.html - 500
[01/Jan/2025:10:18:34]: "DELETE - /login - 302
[01/Jan/2025:10:20:31]: "POST - /product - 404
[01/Jan/2025:10:20:39]: "PUT - /about.html - 404
[01/Jan/2025:10:21:15]: "DELETE - /login - 500
[01/Jan/2025:10:22:23]: "POST - /index.html - 200
[01/Jan/2025:10:24:22]: "POST - /about.html - 500
[01/Jan/2025:10:25:54]: "PUT - /about.html - 500
[01/Jan/2025:10:27:51]: "GET - /product - 200
[01/Jan/2025:10:28:29]: "POST - /product - 500
[01/Jan/2025:10:31:10]: "GET - /login - 200
[01/Jan/2025:10:32:00]: "DELETE - /contact - 404
[01/Jan/2025:10:33:10]: "GET - /index.html - 500
[01/Jan/2025:10:34:22]: "GET - /index.html - 200
[01/Jan/2025:10:38:00]: "POST - /about.html - 200
[01/Jan/2025:10:38:42]: "POST - /contact - 500
[01/Jan/2025:10:40:53]: "PUT - /login - 200
[01/Jan/2025:10:41:01]: "PUT - /index.html - 500
[01/Jan/2025:10:43:28]: "PUT - /contact - 302
[01/Jan/2025:10:43:31]: "POST - /login - 302
[01/Jan/2025:10:47:37]: "POST - /about.html - 404
[01/Jan/2025:10:48:34]: "POST - /contact - 500
[01/Jan/2025:10:49:38]: "GET - /contact - 500
[01/Jan/2025:10:49:39]: "GET - /about.html - 200
[01/Jan/2025:10:49:44]: "PUT - /login - 302
[01/Jan/2025:10:51:06]: "GET - /product - 500
[01/Jan/2025:10:52:08]: "DELETE - /login - 404
[01/Jan/2025:10:53:14]: "PUT - /product - 404
[01/Jan/2025:10:53:44]: "PUT - /contact - 404
[01/Jan/2025:10:54:12]: "DELETE - /product - 500
[01/Jan/2025:10:54:47]: "PUT - /contact - 404
[01/Jan/2025:10:56:14]: "PUT - /index.html - 200
[01/Jan/2025:10:56:34]: "POST - /about.html - 404
[01/Jan/2025:10:57:59]: "GET - /product - 302
[01/Jan/2025:10:58:14]: "POST - /contact - 200
[01/Jan/2025:10:58:32]: "GET - /about.html - 302
[01/Jan/2025:11:01:41]: "GET - /login - 500
[01/Jan/2025:11:01:51]: "PUT - /product - 302
[01/Jan/2025:11:01:52]: "PUT - /contact - 404
[01/Jan/2025:11:04:21]: "POST - /product - 500
[01/Jan/2025:11:09:58]: "PUT - /index.html - 200
[01/Jan/2025:11:11:54]: "PUT - /about.html - 302
[01/Jan/2025:11:12:09]: "GET - /product - 404
[01/Jan/2025:11:12:46]: "POST - /about.html - 404
[01/Jan/2025:11:15:05]: "POST - /product - 500
[01/Jan/2025:11:15:10]: "POST - /about.html - 500
[01/Jan/2025:11:18:23]: "POST - /about.html - 200
[01/Jan/2025:11:19:15]: "POST - /index.html - 200
[01/Jan/2025:11:19:31]: "PUT - /login - 200
[01/Jan/2025:11:20:16]: "GET - /contact - 200
[01/Jan/2025:11:23:59]: "DELETE - /about.html - 302
[01/Jan/2025:11:24:02]: "PUT - /index.html - 200
[01/Jan/2025:11:24:35]: "POST - /contact - 500
[01/Jan/2025:11:25:12]: "GET - /index.html - 200
[01/Jan/2025:11:26:19]: "DELETE - /login - 200
[01/Jan/2025:11:28:51]: "POST - /index.html - 200
[01/Jan/2025:11:28:55]: "PUT - /contact - 404
[01/Jan/2025:11:29:32]: "DELETE - /contact - 500
[01/Jan/2025:11:32:06]: "POST - /product - 404
[01/Jan/2025:11:32:19]: "PUT - /about.html - 404
[01/Jan/2025:11:33:25]: "POST - /login - 200
[01/Jan/2025:11:36:37]: "GET - /about.html - 500
[01/Jan/2025:11:38:00]: "GET - /product - 200
[01/Jan/2025:11:40:17]: "PUT - /contact - 200
[01/Jan/2025:11:42:26]: "DELETE - /about.html - 200
[01/Jan/2025:11:42:35]: "PUT - /index.html - 404
[01/Jan/2025:11:43:21]: "DELETE - /index.html - 200
[01/Jan/2025:11:44:51]: "GET - /login - 500
[01/Jan/2025:11:46:29]: "DELETE - /contact - 302
[01/Jan/2025:11:48:57]: "GET - /product - 302
[01/Jan/2025:11:50:30]: "GET - /product - 404
[01/Jan/2025:11:50:46]: "PUT - /index.html - 200
[01/Jan/2025:11:51:24]: "POST - /contact - 302
[01/Jan/2025:11:52:06]: "PUT - /about.html - 404
[01/Jan/2025:11:53:50]: "GET - /product - 200
[01/Jan/2025:11:54:10]: "POST - /login - 404
[01/Jan/2025:11:54:26]: "DELETE - /contact - 302
[01/Jan/2025:11:56:33]: "PUT - /contact - 302
[01/Jan/2025:11:57:22]: "PUT - /login - 404
[01/Jan/2025:11:57:40]: "POST - /login - 200
[01/Jan/2025:11:57:51]: "PUT - /index.html - 404
[01/Jan/2025:11:58:29]: "GET - /contact - 500
[01/Jan/2025:11:59:06]: "DELETE - /about.html - 200
[01/Jan/2025:12:00:37]: "DELETE - /product - 500
[01/Jan/2025:12:02:41]: "PUT - /product - 404
[01/Jan/2025:12:02:53]: "PUT - /index.html - 500
[01/Jan/2025:12:06:42]: "GET - /index.html - 200
[01/Jan/2025:12:10:55]: "DELETE - /about.html - 302
[01/Jan/2025:12:13:59]: "DELETE - /index.html - 500
[01/Jan/2025:12:15:19]: "GET - /index.html - 302
[01/Jan/2025:12:15:35]: "PUT - /contact - 500
[01/Jan/2025:12:17:41]: "DELETE - /product - 200
[01/Jan/2025:12:20:40]: "DELETE - /contact - 302
[01/Jan/2025:12:20:56]: "PUT - /contact - 302
[01/Jan/2025:12:22:41]: "PUT - /about.html - 500
[01/Jan/2025:12:23:05]: "GET - /index.html - 404
[01/Jan/2025:12:24:38]: "GET - /about.html - 404
[01/Jan/2025:12:25:30]: "POST - /index.html - 200
[01/Jan/2025:12:26:29]: "PUT - /index.html - 404
[01/Jan/2025:12:26:38]: "POST - /index.html - 404
[01/Jan/2025:12:26:40]: "POST - /product - 302
[01/Jan/2025:12:26:45]: "POST - /login - 200
[01/Jan/2025:12:27:50]: "DELETE - /contact - 404
[01/Jan/2025:12:27:55]: "GET - /product - 500
[01/Jan/2025:12:27:55]: "POST - /login - 404
[01/Jan/2025:12:28:12]: "DELETE - /product - 302
[01/Jan/2025:12:28:29]: "PUT - /product - 200
[01/Jan/2025:12:33:57]: "PUT - /login - 302
[01/Jan/2025:12:37:01]: "POST - /contact - 404
[01/Jan/2025:12:38:33]: "GET - /index.html - 302
[01/Jan/2025:12:39:34]: "PUT - /login - 500
[01/Jan/2025:12:40:25]: "DELETE - /about.html - 302
[01/Jan/2025:12:41:31]: "POST - /contact - 302
[01/Jan/2025:12:42:11]: "GET - /about.html - 200
[01/Jan/2025:12:42:52]: "GET - /product - 302
[01/Jan/2025:12:46:11]: "PUT - /login - 302
[01/Jan/2025:12:47:31]: "PUT - /product - 404
[01/Jan/2025:12:47:34]: "GET - /contact - 404
[01/Jan/2025:12:50:25]: "POST - /contact - 302
[01/Jan/2025:12:51:01]: "POST - /index.html - 500
[01/Jan/2025:12:53:56]: "POST - /product - 302
[01/Jan/2025:12:59:06]: "PUT - /login - 200
[01/Jan/2025:13:00:26]: "POST - /index.html - 302
[01/Jan/2025:13:01:05]: "DELETE - /login - 200
[01/Jan/2025:13:03:17]: "POST - /about.html - 500
[01/Jan/2025:13:04:06]: "GET - /contact - 200
[01/Jan/2025:13:04:48]: "PUT - /contact - 404
[01/Jan/2025:13:07:46]: "DELETE - /about.html - 200
[01/Jan/2025:13:08:29]: "POST - /about.html - 302
[01/Jan/2025:13:09:12]: "POST - /about.html - 500
[01/Jan/2025:13:10:56]: "GET - /about.html - 500
[01/Jan/2025:13:11:13]: "GET - /about.html - 200
[01/Jan/2025:13:13:38]: "POST - /product - 404
[01/Jan/2025:13:14:22]: "PUT - /product - 302
[01/Jan/2025:13:15:40]: "PUT - /index.html - 404
[01/Jan/2025:13:18:02]: "POST - /login - 404
[01/Jan/2025:13:19:31]: "GET - /index.html - 404
[01/Jan/2025:13:20:19]: "DELETE - /product - 200
[01/Jan/2025:13:27:39]: "GET - /contact - 302
[01/Jan/2025:13:29:04]: "POST - /about.html - 500
[01/Jan/2025:13:29:23]: "GET - /login - 302
[01/Jan/2025:13:30:54]: "DELETE - /login - 200
[01/Jan/2025:13:31:06]: "DELETE - /product - 500
[01/Jan/2025:13:31:30]: "DELETE - /about.html - 500
[01/Jan/2025:13:32:03]: "GET - /product - 500
[01/Jan/2025:13:36:04]: "GET - /index.html - 302
[01/Jan/2025:13:36:40]: "GET - /product - 500
[01/Jan/2025:13:39:32]: "POST - /product - 302
[01/Jan/2025:13:42:29]: "GET - /contact - 302
[01/Jan/2025:13:42:41]: "POST - /index.html - 500
[01/Jan/2025:13:43:31]: "GET - /index.html - 200
[01/Jan/2025:13:44:07]: "PUT - /index.html - 404
[01/Jan/2025:13:45:18]: "DELETE - /contact - 500
[01/Jan/2025:13:48:58]: "GET - /contact - 200
[01/Jan/2025:13:49:19]: "DELETE - /contact - 500
[01/Jan/2025:13:49:32]: "DELETE - /index.html - 200
[01/Jan/2025:13:50:29]: "POST - /login - 200
[01/Jan/2025:13:51:23]: "GET - /product - 200
[01/Jan/2025:13:53:37]: "POST - /contact - 302
[01/Jan/2025:13:55:40]: "GET - /index.html - 302
[01/Jan/2025:13:56:01]: "DELETE - /about.html - 404
[01/Jan/2025:13:57:48]: "DELETE - /product - 500
[01/Jan/2025:13:59:56]: "DELETE - /contact - 404
[01/Jan/2025:14:01:34]: "GET - /index.html - 200
[01/Jan/2025:14:03:48]: "POST - /about.html - 404
[01/Jan/2025:14:03:56]: "GET - /product - 302
[01/Jan/2025:14:04:27]: "DELETE - /index.html - 200
[01/Jan/2025:14:05:35]: "GET - /index.html - 500
[01/Jan/2025:14:05:36]: "PUT - /about.html - 404
[01/Jan/2025:14:06:08]: "DELETE - /login - 302
[01/Jan/2025:14:07:46]: "POST - /login - 200
[01/Jan/2025:14:07:46]: "POST - /product - 302
[01/Jan/2025:14:09:59]: "POST - /product - 200
[01/Jan/2025:14:10:01]: "DELETE - /login - 404
[01/Jan/2025:14:12:37]: "PUT - /login - 500
[01/Jan/2025:14:12:51]: "GET - /contact - 500
[01/Jan/2025:14:13:21]: "DELETE - /index.html - 404
[01/Jan/2025:14:14:25]: "POST - /index.html - 200
[01/Jan/2025:14:14:49]: "POST - /login - 302
[01/Jan/2025:14:15:35]: "DELETE - /login - 302
[01/Jan/2025:14:18:39]: "PUT - /contact - 200
[01/Jan/2025:14:19:50]: "GET - /index.html - 500
[01/Jan/2025:14:20:02]: "POST - /about.html - 404
[01/Jan/2025:14:20:35]: "DELETE - /login - 500
[01/Jan/2025:14:23:00]: "POST - /login - 404
[01/Jan/2025:14:25:10]: "DELETE - /contact - 404
[01/Jan/2025:14:25:51]: "POST - /index.html - 302
[01/Jan/2025:14:28:19]: "PUT - /index.html - 200
[01/Jan/2025:14:29:51]: "DELETE - /login - 500
[01/Jan/2025:14:32:08]: "POST - /login - 404
[01/Jan/2025:14:32:52]: "GET - /login - 500
[01/Jan/2025:14:33:03]: "DELETE - /contact - 200
[01/Jan/2025:14:36:09]: "GET - /index.html - 200
[01/Jan/2025:14:37:10]: "GET - /contact - 302
[01/Jan/2025:14:38:43]: "GET - /index.html - 500
[01/Jan/2025:14:39:10]: "PUT - /index.html - 500
[01/Jan/2025:14:41:08]: "GET - /login - 500
[01/Jan/2025:14:41:21]: "DELETE - /index.html - 404
[01/Jan/2025:14:41:42]: "GET - /product - 500
[01/Jan/2025:14:41:59]: "PUT - /about.html - 500
[01/Jan/2025:14:42:33]: "DELETE - /product - 500
[01/Jan/2025:14:45:23]: "POST - /product - 200
[01/Jan/2025:14:46:12]: "GET - /login - 500
[01/Jan/2025:14:46:43]: "GET - /product - 404
[01/Jan/2025:14:46:52]: "POST - /login - 404
[01/Jan/2025:14:47:59]: "POST - /index.html - 500
[01/Jan/2025:14:48:24]: "DELETE - /about.html - 200
[01/Jan/2025:14:48:59]: "DELETE - /contact - 500
[01/Jan/2025:14:49:30]: "GET - /index.html - 200
[01/Jan/2025:14:50:58]: "POST - /contact - 200
[01/Jan/2025:14:54:21]: "DELETE - /about.html - 404
[01/Jan/2025:14:54:36]: "DELETE - /index.html - 200
[01/Jan/2025:14:55:19]: "GET - /product - 200
[01/Jan/2025:14:55:40]: "POST - /login - 302
[01/Jan/2025:14:55:42]: "POST - /login - 302
[01/Jan/2025:14:56:55]: "GET - /login - 200
[01/Jan/2025:14:58:51]: "GET - /product - 500
[01/Jan/2025:14:58:59]: "DELETE - /contact - 404
[01/Jan/2025:15:03:54]: "POST - /contact - 500
[01/Jan/2025:15:04:36]: "DELETE - /about.html - 404
[01/Jan/2025:15:04:48]: "PUT - /about.html - 500
[01/Jan/2025:15:04:54]: "PUT - /about.html - 302
[01/Jan/2025:15:04:59]: "GET - /contact - 302
[01/Jan/2025:15:04:59]: "POST - /about.html - 302
[01/Jan/2025:15:06:59]: "PUT - /product - 200
[01/Jan/2025:15:07:10]: "GET - /about.html - 404
[01/Jan/2025:15:07:49]: "PUT - /about.html - 500
[01/Jan/2025:15:08:00]: "GET - /login - 500
[01/Jan/2025:15:11:49]: "PUT - /about.html - 200
[01/Jan/2025:15:14:05]: "GET - /about.html - 302
[01/Jan/2025:15:14:07]: "PUT - /contact - 404
[01/Jan/2025:15:14:48]: "DELETE - /product - 302
[01/Jan/2025:15:15:54]: "POST - /login - 500
[01/Jan/2025:15:16:40]: "GET - /index.html - 500
[01/Jan/2025:15:18:26]: "DELETE - /contact - 500
[01/Jan/2025:15:23:28]: "DELETE - /index.html - 404
[01/Jan/2025:15:25:23]: "POST - /product - 302
[01/Jan/2025:15:27:15]: "GET - /about.html - 200
[01/Jan/2025:15:32:33]: "POST - /about.html - 200
[01/Jan/2025:15:34:35]: "GET - /login - 404
[01/Jan/2025:15:34:36]: "GET - /index.html - 200
[01/Jan/2025:15:35:13]: "GET - /contact - 500
[01/Jan/2025:15:36:30]: "GET - /about.html - 302
[01/Jan/2025:15:38:26]: "GET - /product - 200
[01/Jan/2025:15:38:27]: "PUT - /about.html - 404
[01/Jan/2025:15:40:10]: "POST - /contact - 500
[01/Jan/2025:15:41:18]: "DELETE - /index.html - 302
[01/Jan/2025:15:41:41]: "POST - /contact - 200
[01/Jan/2025:15:43:01]: "PUT - /index.html - 500
[01/Jan/2025:15:44:42]: "PUT - /about.html - 302
[01/Jan/2025:15:45:29]: "PUT - /contact - 200
[01/Jan/2025:15:45:47]: "POST - /login - 302
[01/Jan/2025:15:49:34]: "POST - /about.html - 200
[01/Jan/2025:15:51:14]: "POST - /contact - 200
[01/Jan/2025:15:53:20]: "POST - /contact - 200
[01/Jan/2025:15:55:53]: "PUT - /about.html - 200
[01/Jan/2025:15:56:10]: "GET - /about.html - 500
[01/Jan/2025:15:57:02]: "DELETE - /product - 500
[01/Jan/2025:15:59:17]: "GET - /contact - 302
[01/Jan/2025:16:00:55]: "PUT - /index.html - 404
[01/Jan/2025:16:03:27]: "DELETE - /contact - 404
[01/Jan/2025:16:05:30]: "POST - /login - 302
[01/Jan/2025:16:05:45]: "PUT - /login - 302
[01/Jan/2025:16:07:03]: "DELETE - /contact - 302
[01/Jan/2025:16:08:03]: "GET - /index.html - 404
[01/Jan/2025:16:08:52]: "GET - /about.html - 200
[01/Jan/2025:16:09:16]: "GET - /product - 200
[01/Jan/2025:16:09:28]: "PUT - /product - 200
[01/Jan/2025:16:09:39]: "POST - /contact - 500
[01/Jan/2025:16:09:53]: "DELETE - /contact - 404
[01/Jan/2025:16:10:34]: "DELETE - /product - 500
[01/Jan/2025:16:11:28]: "GET - /index.html - 500
[01/Jan/2025:16:11:28]: "GET - /product - 302
[01/Jan/2025:16:12:03]: "POST - /login - 200
[01/Jan/2025:16:13:13]: "PUT - /about.html - 404
[01/Jan/2025:16:14:02]: "DELETE - /login - 404
[01/Jan/2025:16:16:22]: "GET - /about.html - 302
[01/Jan/2025:16:16:49]: "POST - /contact - 500
[01/Jan/2025:16:18:35]: "PUT - /index.html - 404
[01/Jan/2025:16:18:43]: "POST - /login - 500
[01/Jan/2025:16:20:38]: "DELETE - /login - 500
[01/Jan/2025:16:20:51]: "GET - /contact - 302
[01/Jan/2025:16:21:25]: "DELETE - /index.html - 500
[01/Jan/2025:16:24:14]: "PUT - /contact - 404
[01/Jan/2025:16:24:58]: "PUT - /contact - 200
[01/Jan/2025:16:27:47]: "POST - /contact - 302
[01/Jan/2025:16:29:53]: "POST - /login - 200
[01/Jan/2025:16:31:52]: "GET - /about.html - 302
[01/Jan/2025:16:32:20]: "DELETE - /login - 500
[01/Jan/2025:16:33:13]: "DELETE - /product - 302
[01/Jan/2025:16:36:25]: "PUT - /product - 500
[01/Jan/2025:16:38:06]: "PUT - /login - 302
[01/Jan/2025:16:38:40]: "POST - /about.html - 302
[01/Jan/2025:16:39:19]: "GET - /about.html - 302
[01/Jan/2025:16:39:40]: "GET - /index.html - 500
[01/Jan/2025:16:43:31]: "GET - /product - 302
[01/Jan/2025:16:43:59]: "GET - /index.html - 500
[01/Jan/2025:16:46:35]: "PUT - /product - 302
[01/Jan/2025:16:48:57]: "GET - /about.html - 200
[01/Jan/2025:16:49:43]: "PUT - /product - 200
[01/Jan/2025:16:50:26]: "DELETE - /contact - 404
[01/Jan/2025:16:50:42]: "DELETE - /about.html - 200
[01/Jan/2025:16:52:26]: "PUT - /index.html - 302
[01/Jan/2025:16:53:15]: "GET - /contact - 200
[01/Jan/2025:16:54:49]: "GET - /login - 500
[01/Jan/2025:16:57:08]: "DELETE - /product - 404
[01/Jan/2025:16:57:57]: "GET - /product - 302
[01/Jan/2025:16:58:57]: "GET - /index.html - 500
[01/Jan/2025:16:59:29]: "GET - /about.html - 302
[01/Jan/2025:17:03:49]: "GET - /login - 302
[01/Jan/2025:17:06:05]: "PUT - /login - 200
[01/Jan/2025:17:09:00]: "DELETE - /product - 200
[01/Jan/2025:17:09:23]: "GET - /product - 200
[01/Jan/2025:17:10:11]: "GET - /index.html - 500
[01/Jan/2025:17:11:48]: "POST - /product - 200
[01/Jan/2025:17:13:28]: "POST - /about.html - 500
[01/Jan/2025:17:13:42]: "GET - /contact - 500
[01/Jan/2025:17:14:11]: "GET - /about.html - 302
[01/Jan/2025:17:17:53]: "POST - /contact - 302
[01/Jan/2025:17:18:30]: "POST - /login - 200
[01/Jan/2025:17:20:46]: "GET - /index.html - 302
[01/Jan/2025:17:21:23]: "PUT - /contact - 200
[01/Jan/2025:17:22:59]: "DELETE - /about.html - 500
[01/Jan/2025:17:23:01]: "PUT - /index.html - 200
[01/Jan/2025:17:24:24]: "POST - /contact - 200
[01/Jan/2025:17:26:07]: "DELETE - /index.html - 500
[01/Jan/2025:17:26:25]: "GET - /login - 500
[01/Jan/2025:17:31:41]: "DELETE - /index.html - 404
[01/Jan/2025:17:32:23]: "GET - /about.html - 302
[01/Jan/2025:17:32:49]: "GET - /product - 200
[01/Jan/2025:17:33:26]: "POST - /product - 404
[01/Jan/2025:17:33:41]: "POST - /index.html - 404
[01/Jan/2025:17:34:17]: "POST - /product - 404
[01/Jan/2025:17:34:48]: "PUT - /index.html - 200
[01/Jan/2025:17:36:02]: "POST - /contact - 500
[01/Jan/2025:17:37:47]: "GET - /product - 404
[01/Jan/2025:17:39:22]: "PUT - /product - 500
[01/Jan/2025:17:41:21]: "DELETE - /product - 302
[01/Jan/2025:17:41:39]: "DELETE - /index.html - 302
[01/Jan/2025:17:41:50]: "PUT - /login - 200
[01/Jan/2025:17:42:11]: "POST - /contact - 200
[01/Jan/2025:17:43:43]: "POST - /index.html - 404
[01/Jan/2025:17:44:12]: "DELETE - /product - 500
[01/Jan/2025:17:44:22]: "PUT - /login - 404
[01/Jan/2025:17:45:01]: "GET - /login - 500
[01/Jan/2025:17:46:12]: "PUT - /contact - 200
[01/Jan/2025:17:46:57]: "DELETE - /product - 500
[01/Jan/2025:17:47:00]: "DELETE - /index.html - 500
[01/Jan/2025:17:51:42]: "GET - /product - 200
[01/Jan/2025:17:53:06]: "DELETE - /about.html - 302
[01/Jan/2025:17:53:07]: "DELETE - /login - 200
[01/Jan/2025:17:54:14]: "PUT - /index.html - 302
[01/Jan/2025:17:55:56]: "DELETE - /contact - 404
[01/Jan/2025:17:55:56]: "POST - /contact - 500
[01/Jan/2025:17:56:04]: "DELETE - /index.html - 302
[01/Jan/2025:17:56:28]: "POST - /product - 500
[01/Jan/2025:17:58:05]: "GET - /about.html - 404
[01/Jan/2025:17:58:40]: "PUT - /product - 404
[01/Jan/2025:17:59:34]: "GET - /contact - 302
[01/Jan/2025:18:00:25]: "DELETE - /about.html - 500
[01/Jan/2025:18:00:59]: "GET - /product - 302
[01/Jan/2025:18:01:04]: "PUT - /index.html - 200
[01/Jan/2025:18:01:17]: "DELETE - /login - 500
[01/Jan/2025:18:01:22]: "PUT - /login - 302
[01/Jan/2025:18:01:27]: "GET - /login - 500
[01/Jan/2025:18:01:32]: "POST - /about.html - 404
[01/Jan/2025:18:02:45]: "DELETE - /index.html - 404
[01/Jan/2025:18:03:11]: "DELETE - /contact - 500
[01/Jan/2025:18:03:11]: "DELETE - /index.html - 302
[01/Jan/2025:18:05:54]: "GET - /index.html - 302
[01/Jan/2025:18:06:01]: "POST - /login - 404
[01/Jan/2025:18:06:22]: "GET - /index.html - 500
[01/Jan/2025:18:06:27]: "PUT - /product - 500
[01/Jan/2025:18:07:46]: "POST - /product - 302
[01/Jan/2025:18:07:59]: "PUT - /index.html - 200
[01/Jan/2025:18:08:39]: "DELETE - /contact - 404
[01/Jan/2025:18:09:44]: "PUT - /index.html - 404
[01/Jan/2025:18:11:18]: "PUT - /index.html - 302
[01/Jan/2025:18:11:22]: "DELETE - /product - 302
[01/Jan/2025:18:13:09]: "POST - /login - 500
[01/Jan/2025:18:13:51]: "GET - /product - 302
[01/Jan/2025:18:13:53]: "DELETE - /product - 302
[01/Jan/2025:18:14:03]: "PUT - /product - 302
[01/Jan/2025:18:14:40]: "PUT - /contact - 200
[01/Jan/2025:18:17:12]: "POST - /product - 302
[01/Jan/2025:18:17:39]: "PUT - /contact - 200
[01/Jan/2025:18:18:46]: "POST - /contact - 500
[01/Jan/2025:18:19:10]: "DELETE - /login - 500
[01/Jan/2025:18:19:45]: "POST - /login - 404
[01/Jan/2025:18:19:45]: "PUT - /product - 302
[01/Jan/2025:18:21:10]: "PUT - /about.html - 302
[01/Jan/2025:18:22:32]: "POST - /login - 404
[01/Jan/2025:18:25:12]: "DELETE - /about.html - 500
[01/Jan/2025:18:26:11]: "DELETE - /index.html - 302
[01/Jan/2025:18:26:20]: "POST - /contact - 200
[01/Jan/2025:18:26:41]: "POST - /index.html - 500
[01/Jan/2025:18:27:11]: "PUT - /login - 404
[01/Jan/2025:18:27:12]: "GET - /index.html - 500
[01/Jan/2025:18:29:21]: "PUT - /about.html - 200
[01/Jan/2025:18:29:24]: "DELETE - /index.html - 302
[01/Jan/2025:18:30:58]: "PUT - /index.html - 404
[01/Jan/2025:18:31:02]: "PUT - /about.html - 404
[01/Jan/2025:18:34:51]: "DELETE - /login - 500
[01/Jan/2025:18:35:18]: "PUT - /about.html - 500
[01/Jan/2025:18:37:02]: "DELETE - /login - 404
[01/Jan/2025:18:40:17]: "POST - /index.html - 404
[01/Jan/2025:18:41:16]: "POST - /product - 200
[01/Jan/2025:18:41:42]: "GET - /index.html - 500
[01/Jan/2025:18:42:52]: "PUT - /product - 200
[01/Jan/2025:18:43:16]: "POST - /about.html - 302
[01/Jan/2025:18:44:38]: "PUT - /product - 500
[01/Jan/2025:18:45:40]: "DELETE - /product - 200
[01/Jan/2025:18:47:23]: "PUT - /about.html - 500
[01/Jan/2025:18:48:18]: "DELETE - /about.html - 404
[01/Jan/2025:18:48:24]: "POST - /index.html - 500
[01/Jan/2025:18:50:07]: "PUT - /index.html - 500
[01/Jan/2025:18:50:59]: "POST - /login - 302
[01/Jan/2025:18:51:35]: "DELETE - /login - 404
[01/Jan/2025:18:51:45]: "DELETE - /index.html - 404
[01/Jan/2025:18:51:58]: "POST - /product - 500
[01/Jan/2025:18:52:18]: "GET - /login - 404
[01/Jan/2025:18:52:39]: "DELETE - /about.html - 500
[01/Jan/2025:18:53:21]: "POST - /login - 404
[01/Jan/2025:18:54:54]: "POST - /contact - 200
[01/Jan/2025:18:55:50]: "GET - /login - 500
[01/Jan/2025:18:56:17]: "GET - /index.html - 200
[01/Jan/2025:18:57:19]: "POST - /index.html - 302
[01/Jan/2025:18:57:42]: "GET - /index.html - 500
[01/Jan/2025:18:59:05]: "GET - /login - 302
[01/Jan/2025:18:59:46]: "POST - /login - 500
[01/Jan/2025:19:03:09]: "PUT - /login - 302
[01/Jan/2025:19:03:54]: "POST - /product - 500
[01/Jan/2025:19:04:02]: "DELETE - /index.html - 500
[01/Jan/2025:19:06:26]: "GET - /login - 302
[01/Jan/2025:19:06:43]: "DELETE - /product - 404
[01/Jan/2025:19:06:54]: "DELETE - /contact - 500
[01/Jan/2025:19:11:23]: "DELETE - /login - 500
[01/Jan/2025:19:12:04]: "GET - /product - 200
[01/Jan/2025:19:16:02]: "DELETE - /product - 302
[01/Jan/2025:19:16:34]: "GET - /product - 500
[01/Jan/2025:19:17:38]: "PUT - /about.html - 200
[01/Jan/2025:19:18:12]: "DELETE - /contact - 500
[01/Jan/2025:19:19:40]: "POST - /about.html - 500
[01/Jan/2025:19:20:55]: "DELETE - /login - 200
[01/Jan/2025:19:24:01]: "DELETE - /product - 200
[01/Jan/2025:19:24:17]: "PUT - /about.html - 404
[01/Jan/2025:19:25:58]: "POST - /index.html - 200
[01/Jan/2025:19:28:36]: "POST - /index.html - 404
[01/Jan/2025:19:29:28]: "PUT - /product - 200
[01/Jan/2025:19:29:31]: "GET - /about.html - 302
[01/Jan/2025:19:31:21]: "GET - /login - 200
[01/Jan/2025:19:32:57]: "GET - /product - 302
[01/Jan/2025:19:33:17]: "DELETE - /product - 302
[01/Jan/2025:19:33:18]: "GET - /contact - 500
[01/Jan/2025:19:33:25]: "DELETE - /login - 500
[01/Jan/2025:19:33:43]: "DELETE - /product - 500
[01/Jan/2025:19:34:01]: "POST - /index.html - 200
[01/Jan/2025:19:35:24]: "GET - /login - 302
[01/Jan/2025:19:35:51]: "GET - /about.html - 404
[01/Jan/2025:19:36:08]: "PUT - /index.html - 500
[01/Jan/2025:19:36:17]: "DELETE - /contact - 404
[01/Jan/2025:19:37:18]: "DELETE - /contact - 200
[01/Jan/2025:19:37:53]: "PUT - /about.html - 500
[01/Jan/2025:19:40:54]: "POST - /product - 200
[01/Jan/2025:19:41:51]: "DELETE - /product - 404
[01/Jan/2025:19:42:11]: "POST - /index.html - 302
[01/Jan/2025:19:43:18]: "GET - /login - 404
[01/Jan/2025:19:45:40]: "DELETE - /product - 500
[01/Jan/2025:19:46:35]: "PUT - /login - 500
[01/Jan/2025:19:46:51]: "PUT - /contact - 302
[01/Jan/2025:19:47:53]: "DELETE - /index.html - 200
[01/Jan/2025:19:49:59]: "PUT - /contact - 200
[01/Jan/2025:19:51:38]: "POST - /login - 404
[01/Jan/2025:19:53:47]: "POST - /index.html - 404
[01/Jan/2025:19:54:57]: "DELETE - /login - 500
[01/Jan/2025:19:55:15]: "DELETE - /about.html - 302
[01/Jan/2025:19:55:48]: "POST - /index.html - 500
[01/Jan/2025:19:57:15]: "DELETE - /login - 200
[01/Jan/2025:19:58:25]: "DELETE - /contact - 200
[01/Jan/2025:19:58:44]: "GET - /about.html - 302
[01/Jan/2025:20:00:18]: "GET - /about.html - 302
[01/Jan/2025:20:01:10]: "DELETE - /about.html - 200
[01/Jan/2025:20:01:11]: "DELETE - /contact - 302
[01/Jan/2025:20:01:49]: "GET - /index.html - 404
[01/Jan/2025:20:03:19]: "DELETE - /login - 302
[01/Jan/2025:20:04:51]: "GET - /product - 500
[01/Jan/2025:20:07:08]: "DELETE - /about.html - 302
[01/Jan/2025:20:08:56]: "GET - /index.html - 500
[01/Jan/2025:20:11:56]: "DELETE - /contact - 404
[01/Jan/2025:20:14:11]: "GET - /about.html - 200
[01/Jan/2025:20:14:16]: "DELETE - /contact - 200
[01/Jan/2025:20:15:03]: "PUT - /product - 404
[01/Jan/2025:20:16:23]: "GET - /product - 200
[01/Jan/2025:20:16:45]: "PUT - /contact - 200
[01/Jan/2025:20:17:22]: "GET - /contact - 200
[01/Jan/2025:20:18:15]: "PUT - /product - 200
[01/Jan/2025:20:18:17]: "GET - /contact - 404
[01/Jan/2025:20:18:42]: "POST - /product - 200
[01/Jan/2025:20:20:51]: "PUT - /index.html - 404
[01/Jan/2025:20:21:06]: "GET - /index.html - 302
[01/Jan/2025:20:22:33]: "PUT - /about.html - 404
[01/Jan/2025:20:22:52]: "POST - /index.html - 500
[01/Jan/2025:20:23:30]: "POST - /index.html - 404
[01/Jan/2025:20:24:04]: "PUT - /product - 404
[01/Jan/2025:20:24:45]: "GET - /index.html - 404
[01/Jan/2025:20:25:19]: "PUT - /contact - 500
[01/Jan/2025:20:25:40]: "GET - /login - 404
[01/Jan/2025:20:27:41]: "DELETE - /login - 302
[01/Jan/2025:20:29:33]: "DELETE - /index.html - 302
[01/Jan/2025:20:29:54]: "POST - /about.html - 200
[01/Jan/2025:20:30:04]: "DELETE - /product - 302
[01/Jan/2025:20:33:28]: "POST - /about.html - 302
[01/Jan/2025:20:33:39]: "GET - /about.html - 500
[01/Jan/2025:20:33:47]: "POST - /product - 500
[01/Jan/2025:20:35:04]: "GET - /index.html - 500
[01/Jan/2025:20:35:35]: "POST - /product - 500
[01/Jan/2025:20:39:13]: "GET - /product - 404
[01/Jan/2025:20:41:41]: "POST - /product - 500
[01/Jan/2025:20:41:51]: "POST - /contact - 404
[01/Jan/2025:20:42:37]: "GET - /login - 200
[01/Jan/2025:20:42:51]: "POST - /about.html - 404
[01/Jan/2025:20:44:48]: "DELETE - /login - 500
[01/Jan/2025:20:44:48]: "PUT - /index.html - 302
[01/Jan/2025:20:44:52]: "PUT - /product - 404
[01/Jan/2025:20:46:20]: "GET - /login - 302
[01/Jan/2025:20:46:56]: "GET - /login - 302
[01/Jan/2025:20:47:12]: "POST - /product - 302
[01/Jan/2025:20:47:27]: "POST - /product - 500
[01/Jan/2025:20:47:48]: "POST - /login - 500
[01/Jan/2025:20:48:30]: "GET - /about.html - 302
[01/Jan/2025:20:49:45]: "PUT - /contact - 302
[01/Jan/2025:20:50:59]: "PUT - /index.html - 500
[01/Jan/2025:20:52:27]: "PUT - /contact - 302
[01/Jan/2025:20:54:21]: "GET - /contact - 302
[01/Jan/2025:20:55:51]: "POST - /contact - 404
[01/Jan/2025:20:56:18]: "POST - /contact - 404
[01/Jan/2025:20:56:52]: "GET - /index.html - 302
[01/Jan/2025:20:58:09]: "POST - /contact - 200
[01/Jan/2025:20:58:29]: "GET - /login - 200
[01/Jan/2025:20:59:17]: "GET - /product - 404
[01/Jan/2025:20:59:51]: "GET - /login - 500
[01/Jan/2025:21:00:13]: "GET - /index.html - 404
[01/Jan/2025:21:02:31]: "DELETE - /about.html - 500
[01/Jan/2025:21:02:35]: "POST - /about.html - 200
[01/Jan/2025:21:03:20]: "DELETE - /about.html - 302
[01/Jan/2025:21:03:59]: "GET - /login - 404
[01/Jan/2025:21:06:27]: "POST - /login - 200
[01/Jan/2025:21:10:07]: "POST - /contact - 404
[01/Jan/2025:21:10:12]: "PUT - /index.html - 200
[01/Jan/2025:21:10:34]: "GET - /index.html - 200
[01/Jan/2025:21:10:55]: "GET - /product - 404
[01/Jan/2025:21:11:51]: "GET - /login - 200
[01/Jan/2025:21:16:26]: "POST - /login - 404
[01/Jan/2025:21:17:25]: "POST - /about.html - 404
[01/Jan/2025:21:20:45]: "DELETE - /about.html - 302
[01/Jan/2025:21:20:51]: "PUT - /product - 302
[01/Jan/2025:21:21:30]: "DELETE - /index.html - 500
[01/Jan/2025:21:25:01]: "POST - /product - 500
[01/Jan/2025:21:25:44]: "PUT - /contact - 404
[01/Jan/2025:21:26:56]: "PUT - /about.html - 302
[01/Jan/2025:21:26:58]: "POST - /product - 302
[01/Jan/2025:21:27:18]: "PUT - /contact - 404
[01/Jan/2025:21:27:50]: "PUT - /about.html - 302
[01/Jan/2025:21:29:08]: "DELETE - /product - 200
[01/Jan/2025:21:31:00]: "DELETE - /login - 302
[01/Jan/2025:21:31:10]: "DELETE - /index.html - 200
[01/Jan/2025:21:33:11]: "POST - /about.html - 404
[01/Jan/2025:21:33:18]: "POST - /index.html - 302
[01/Jan/2025:21:34:28]: "POST - /product - 404
[01/Jan/2025:21:34:52]: "DELETE - /contact - 404
[01/Jan/2025:21:35:47]: "POST - /login - 500
[01/Jan/2025:21:35:57]: "POST - /product - 404
[01/Jan/2025:21:36:59]: "PUT - /about.html - 404
[01/Jan/2025:21:38:09]: "PUT - /login - 500
[01/Jan/2025:21:40:25]: "PUT - /contact - 404
[01/Jan/2025:21:40:34]: "POST - /contact - 302
[01/Jan/2025:21:40:57]: "POST - /login - 200
[01/Jan/2025:21:41:33]: "POST - /index.html - 404
[01/Jan/2025:21:43:19]: "POST - /product - 200
[01/Jan/2025:21:44:03]: "PUT - /index.html - 200
[01/Jan/2025:21:49:09]: "POST - /index.html - 500
[01/Jan/2025:21:49:29]: "GET - /about.html - 500
[01/Jan/2025:21:50:00]: "PUT - /contact - 200
[01/Jan/2025:21:52:13]: "PUT - /login - 500
[01/Jan/2025:21:52:15]: "DELETE - /login - 200
[01/Jan/2025:21:52:15]: "DELETE - /product - 200
[01/Jan/2025:21:53:13]: "POST - /about.html - 302
[01/Jan/2025:21:58:43]: "GET - /about.html - 500
[01/Jan/2025:21:59:36]: "DELETE - /about.html - 302
[01/Jan/2025:22:00:14]: "GET - /product - 302
[01/Jan/2025:22:00:36]: "PUT - /login - 500
[01/Jan/2025:22:01:50]: "POST - /about.html - 302
[01/Jan/2025:22:02:05]: "DELETE - /product - 200
[01/Jan/2025:22:03:57]: "PUT - /contact - 302
[01/Jan/2025:22:04:14]: "DELETE - /contact - 500
[01/Jan/2025:22:06:02]: "POST - /about.html - 404
[01/Jan/2025:22:07:12]: "PUT - /product - 500
[01/Jan/2025:22:08:41]: "PUT - /index.html - 404
[01/Jan/2025:22:09:45]: "GET - /login - 404
[01/Jan/2025:22:14:47]: "GET - /product - 302
[01/Jan/2025:22:16:03]: "DELETE - /about.html - 200
[01/Jan/2025:22:16:30]: "DELETE - /index.html - 404
[01/Jan/2025:22:16:58]: "GET - /contact - 500
[01/Jan/2025:22:19:36]: "POST - /login - 200
[01/Jan/2025:22:19:53]: "DELETE - /about.html - 302
[01/Jan/2025:22:20:56]: "DELETE - /login - 200
[01/Jan/2025:22:21:07]: "POST - /contact - 500
[01/Jan/2025:22:21:09]: "PUT - /index.html - 404
[01/Jan/2025:22:21:36]: "PUT - /contact - 500
[01/Jan/2025:22:21:46]: "PUT - /contact - 500
[01/Jan/2025:22:22:47]: "PUT - /login - 302
[01/Jan/2025:22:26:44]: "GET - /about.html - 200
[01/Jan/2025:22:27:09]: "PUT - /product - 500
[01/Jan/2025:22:27:13]: "PUT - /contact - 302
[01/Jan/2025:22:29:10]: "DELETE - /contact - 200
[01/Jan/2025:22:30:17]: "POST - /contact - 404
[01/Jan/2025:22:32:57]: "POST - /about.html - 302
[01/Jan/2025:22:33:34]: "DELETE - /about.html - 404
[01/Jan/2025:22:34:03]: "POST - /contact - 200
[01/Jan/2025:22:34:40]: "PUT - /contact - 302
[01/Jan/2025:22:35:07]: "PUT - /login - 404
[01/Jan/2025:22:37:15]: "DELETE - /contact - 200
[01/Jan/2025:22:38:26]: "PUT - /contact - 404
[01/Jan/2025:22:40:02]: "PUT - /contact - 500
[01/Jan/2025:22:40:22]: "DELETE - /index.html - 200
[01/Jan/2025:22:41:53]: "POST - /contact - 302
[01/Jan/2025:22:42:06]: "DELETE - /index.html - 302
[01/Jan/2025:22:45:24]: "GET - /contact - 200
[01/Jan/2025:22:46:54]: "PUT - /index.html - 500
[01/Jan/2025:22:48:00]: "POST - /contact - 302
[01/Jan/2025:22:48:20]: "POST - /about.html - 404
[01/Jan/2025:22:48:35]: "POST - /about.html - 500
[01/Jan/2025:22:48:56]: "POST - /product - 500
[01/Jan/2025:22:50:34]: "PUT - /about.html - 302
[01/Jan/2025:22:51:44]: "PUT - /login - 404
[01/Jan/2025:22:51:52]: "PUT - /product - 200
[01/Jan/2025:22:53:51]: "GET - /login - 302
[01/Jan/2025:22:54:06]: "POST - /contact - 200
[01/Jan/2025:22:54:37]: "PUT - /about.html - 500
[01/Jan/2025:22:58:22]: "DELETE - /contact - 200
[01/Jan/2025:23:00:00]: "PUT - /product - 200
[01/Jan/2025:23:00:29]: "GET - /about.html - 404
[01/Jan/2025:23:02:25]: "DELETE - /about.html - 302
[01/Jan/2025:23:02:29]: "GET - /about.html - 302
[01/Jan/2025:23:02:48]: "PUT - /index.html - 302
[01/Jan/2025:23:02:52]: "PUT - /login - 500
[01/Jan/2025:23:05:04]: "GET - /index.html - 404
[01/Jan/2025:23:06:09]: "GET - /contact - 200
[01/Jan/2025:23:06:09]: "GET - /login - 500
[01/Jan/2025:23:07:00]: "GET - /contact - 404
[01/Jan/2025:23:08:02]: "POST - /contact - 302
[01/Jan/2025:23:08:11]: "POST - /product - 302
[01/Jan/2025:23:08:11]: "PUT - /about.html - 404
[01/Jan/2025:23:08:50]: "POST - /about.html - 404
[01/Jan/2025:23:09:36]: "POST - /product - 404
[01/Jan/2025:23:10:58]: "PUT - /product - 404
[01/Jan/2025:23:11:53]: "DELETE - /contact - 500
[01/Jan/2025:23:12:45]: "DELETE - /about.html - 200
[01/Jan/2025:23:13:00]: "DELETE - /login - 404
[01/Jan/2025:23:13:21]: "DELETE - /login - 404
[01/Jan/2025:23:14:46]: "POST - /login - 302
[01/Jan/2025:23:14:59]: "GET - /about.html - 404
[01/Jan/2025:23:15:19]: "POST - /contact - 200
[01/Jan/2025:23:15:44]: "DELETE - /about.html - 200
[01/Jan/2025:23:15:51]: "PUT - /index.html - 200
[01/Jan/2025:23:16:45]: "POST - /login - 302
[01/Jan/2025:23:16:48]: "POST - /login - 302
[01/Jan/2025:23:17:39]: "DELETE - /product - 302
[01/Jan/2025:23:19:15]: "POST - /login - 500
[01/Jan/2025:23:19:43]: "GET - /about.html - 500
[01/Jan/2025:23:21:27]: "PUT - /product - 500
[01/Jan/2025:23:21:30]: "GET - /contact - 302
[01/Jan/2025:23:21:35]: "POST - /contact - 404
[01/Jan/2025:23:23:08]: "GET - /login - 302
[01/Jan/2025:23:26:22]: "PUT - /login - 404
[01/Jan/2025:23:27:30]: "POST - /product - 404
[01/Jan/2025:23:28:50]: "GET - /login - 200
[01/Jan/2025:23:29:53]: "GET - /about.html - 500
[01/Jan/2025:23:30:29]: "DELETE - /index.html - 404
[01/Jan/2025:23:30:34]: "POST - /index.html - 200
[01/Jan/2025:23:31:32]: "GET - /about.html - 500
[01/Jan/2025:23:31:46]: "POST - /product - 302
[01/Jan/2025:23:32:18]: "POST - /contact - 500
[01/Jan/2025:23:33:09]: "DELETE - /contact - 500
[01/Jan/2025:23:34:57]: "PUT - /contact - 404
[01/Jan/2025:23:36:47]: "PUT - /index.html - 302
[01/Jan/2025:23:39:08]: "GET - /about.html - 404
[01/Jan/2025:23:40:21]: "PUT - /about.html - 404
[01/Jan/2025:23:40:50]: "PUT - /product - 200
[01/Jan/2025:23:43:08]: "POST - /index.html - 404
[01/Jan/2025:23:43:21]: "DELETE - /about.html - 404
[01/Jan/2025:23:43:56]: "DELETE - /contact - 200
[01/Jan/2025:23:44:30]: "PUT - /about.html - 302
[01/Jan/2025:23:44:56]: "GET - /product - 404
[01/Jan/2025:23:45:09]: "GET - /index.html - 302
[01/Jan/2025:23:46:18]: "GET - /product - 302
[01/Jan/2025:23:46:20]: "POST - /login - 200
[01/Jan/2025:23:47:51]: "PUT - /index.html - 200
[01/Jan/2025:23:51:47]: "POST - /contact - 302
[01/Jan/2025:23:53:54]: "PUT - /login - 200
[01/Jan/2025:23:54:01]: "GET - /product - 500
[01/Jan/2025:23:55:40]: "POST - /login - 500
