[01/Jan/2025:00:01:53]: "PUT - /login - 500
[01/Jan/2025:00:02:47]: "PUT - /about.html - 404
[01/Jan/2025:00:02:58]: "GET - /login - 200
[01/Jan/2025:00:06:11]: "POST - /login - 404
[01/Jan/2025:00:06:14]: "DELETE - /login - 200
[01/Jan/2025:00:06:19]: "PUT - /login - 500
[01/Jan/2025:00:06:50]: "POST - /index.html - 500
[01/Jan/2025:00:08:08]: "POST - /login - 200
[01/Jan/2025:00:10:20]: "DELETE - /login - 500
[01/Jan/2025:00:11:21]: "PUT - /login - 302
[01/Jan/2025:00:11:51]: "DELETE - /contact - 302
[01/Jan/2025:00:13:29]: "PUT - /contact - 500
[01/Jan/2025:00:14:57]: "GET - /contact - 200
[01/Jan/2025:00:16:01]: "GET - /login - 404
[01/Jan/2025:00:16:19]: "GET - /product - 500
[01/Jan/2025:00:17:04]: "PUT - /index.html - 500
[01/Jan/2025:00:17:22]: "GET - /product - 302
[01/Jan/2025:00:17:27]: "GET - /product - 302
[01/Jan/2025:00:18:45]: "GET - /product - 200
[01/Jan/2025:00:21:51]: "POST - /index.html - 200
[01/Jan/2025:00:23:04]: "GET - /index.html - 302
[01/Jan/2025:00:23:24]: "DELETE - /about.html - 200
[01/Jan/2025:00:24:29]: "DELETE - /product - 302
[01/Jan/2025:00:25:52]: "DELETE - /about.html - 404
[01/Jan/2025:00:27:25]: "PUT - /product - 200
[01/Jan/2025:00:27:26]: "GET - /index.html - 302
[01/Jan/2025:00:27:51]: "PUT - /index.html - 200
[01/Jan/2025:00:28:37]: "POST - /login - 500
[01/Jan/2025:00:28:38]: "POST - /login - 500
[01/Jan/2025:00:28:51]: "POST - /index.html - 200
[01/Jan/2025:00:29:01]: "PUT - /about.html - 302
[01/Jan/2025:00:30:39]: "DELETE - /product - 200
[01/Jan/2025:00:31:54]: "DELETE - /product - 500
[01/Jan/2025:00:32:44]: "DELETE - /contact - 500
[01/Jan/2025:00:35:21]: "PUT - /about.html - 500
[01/Jan/2025:00:35:34]: "PUT - /index.html - 500
[01/Jan/2025:00:37:54]: "POST - /contact - 500
[01/Jan/2025:00:41:29]: "DELETE - /index.html - 302
[01/Jan/2025:00:41:29]: "POST - /contact - 404
[01/Jan/2025:00:41:57]: "POST - /product - 302
[01/Jan/2025:00:42:08]: "DELETE - /index.html - 500
[01/Jan/2025:00:42:42]: "DELETE - /login - 404
[01/Jan/2025:00:43:48]: "GET - /contact - 200
[01/Jan/2025:00:44:33]: "GET - /index.html - 302
[01/Jan/2025:00:45:05]: "PUT - /contact - 404
[01/Jan/2025:00:45:32]: "PUT - /product - 404
[01/Jan/2025:00:46:32]: "GET - /product - 404
[01/Jan/2025:00:47:43]: "GET - /about.html - 302
[01/Jan/2025:00:48:06]: "GET - /product - 200
[01/Jan/2025:00:48:30]: "PUT - /about.html - 200
[01/Jan/2025:00:48:43]: "GET - /about.html - 404
[01/Jan/2025:00:48:43]: "PUT - /product - 302
[01/Jan/2025:00:49:44]: "DELETE - /about.html - 302
[01/Jan/2025:00:51:03]: "DELETE - /contact - 302
[01/Jan/2025:00:51:09]: "POST - /login - 200
[01/Jan/2025:00:51:52]: "POST - /product - 200
[01/Jan/2025:00:52:55]: "GET - /about.html - 404
[01/Jan/2025:00:53:00]: "PUT - /product - 200
[01/Jan/2025:00:53:59]: "POST - /index.html - 500
[01/Jan/2025:00:54:15]: "GET - /about.html - 200
[01/Jan/2025:00:57:50]: "PUT - /product - 200
[01/Jan/2025:00:59:22]: "PUT - /product - 302
[01/Jan/2025:00:59:58]: "GET - /index.html - 200
[01/Jan/2025:01:00:09]: "POST - /contact - 404
[01/Jan/2025:01:02:50]: "POST - /about.html - 500
[01/Jan/2025:01:03:25]: "GET - /contact - 200
[01/Jan/2025:01:05:17]: "GET - /index.html - 500
[01/Jan/2025:01:06:49]: "GET - /login - 200
[01/Jan/2025:01:08:06]: "PUT - /about.html - 500
[01/Jan/2025:01:08:08]: "DELETE - /product - 500
[01/Jan/2025:01:08:43]: "PUT - /product - 500
[01/Jan/2025:01:08:47]: "PUT - /index.html - 200
[01/Jan/2025:01:09:39]: "GET - /login - 302
[01/Jan/2025:01:13:25]: "POST - /login - 200
[01/Jan/2025:01:15:59]: "GET - /product - 302
[01/Jan/2025:01:16:38]: "PUT - /login - 500
[01/Jan/2025:01:19:31]: "PUT - /login - 500
[01/Jan/2025:01:21:12]: "PUT - /about.html - 200
[01/Jan/2025:01:21:18]: "GET - /about.html - 200
[01/Jan/2025:01:21:24]: "GET - /login - 302
[01/Jan/2025:01:25:06]: "POST - /about.html - 302
[01/Jan/2025:01:25:27]: "POST - /login - 500
[01/Jan/2025:01:29:09]: "PUT - /index.html - 404
[01/Jan/2025:01:35:11]: "DELETE - /about.html - 500
[01/Jan/2025:01:36:45]: "POST - /product - 200
[01/Jan/2025:01:37:33]: "PUT - /login - 200
[01/Jan/2025:01:38:15]: "PUT - /about.html - 302
[01/Jan/2025:01:38:17]: "GET - /index.html - 200
[01/Jan/2025:01:38:20]: "POST - /about.html - 302
[01/Jan/2025:01:40:41]: "DELETE - /contact - 200
[01/Jan/2025:01:43:44]: "DELETE - /index.html - 200
[01/Jan/2025:01:43:53]: "POST - /index.html - 302
[01/Jan/2025:01:46:17]: "PUT - /contact - 200
[01/Jan/2025:01:47:02]: "DELETE - /contact - 404
[01/Jan/2025:01:47:18]: "POST - /login - 302
[01/Jan/2025:01:47:31]: "PUT - /index.html - 500
[01/Jan/2025:01:48:03]: "DELETE - /login - 404
[01/Jan/2025:01:48:46]: "DELETE - /product - 500
[01/Jan/2025:01:48:51]: "POST - /contact - 404
[01/Jan/2025:01:49:12]: "DELETE - /about.html - 404
[01/Jan/2025:01:49:49]: "POST - /contact - 302
[01/Jan/2025:01:49:59]: "POST - /about.html - 302
[01/Jan/2025:01:53:45]: "GET - /index.html - 404
[01/Jan/2025:01:53:50]: "DELETE - /login - 500
[01/Jan/2025:01:54:28]: "DELETE - /about.html - 200
[01/Jan/2025:01:55:22]: "PUT - /about.html - 200
[01/Jan/2025:01:55:37]: "PUT - /about.html - 200
[01/Jan/2025:01:55:56]: "POST - /about.html - 200
[01/Jan/2025:01:55:56]: "PUT - /product - 302
[01/Jan/2025:01:57:09]: "GET - /product - 500
[01/Jan/2025:01:58:16]: "POST - /about.html - 404
[01/Jan/2025:01:59:44]: "DELETE - /contact - 404
[01/Jan/2025:02:00:25]: "GET - /login - 302
[01/Jan/2025:02:01:17]: "DELETE - /login - 500
[01/Jan/2025:02:01:32]: "DELETE - /login - 404
[01/Jan/2025:02:02:17]: "GET - /about.html - 500
[01/Jan/2025:02:02:49]: "PUT - /login - 404
[01/Jan/2025:02:02:50]: "DELETE - /product - 302
[01/Jan/2025:02:04:38]: "DELETE - /about.html - 200
[01/Jan/2025:02:05:49]: "PUT - /login - 404
[01/Jan/2025:02:07:06]: "GET - /index.html - 500
[01/Jan/2025:02:09:06]: "POST - /login - 200
[01/Jan/2025:02:12:22]: "GET - /contact - 302
[01/Jan/2025:02:12:28]: "GET - /about.html - 404
[01/Jan/2025:02:12:59]: "GET - /about.html - 302
[01/Jan/2025:02:13:40]: "GET - /contact - 500
[01/Jan/2025:02:16:57]: "DELETE - /contact - 200
[01/Jan/2025:02:18:17]: "PUT - /contact - 200
[01/Jan/2025:02:18:24]: "POST - /product - 302
[01/Jan/2025:02:18:54]: "GET - /index.html - 500
[01/Jan/2025:02:19:20]: "DELETE - /about.html - 200
[01/Jan/2025:02:21:37]: "DELETE - /about.html - 302
[01/Jan/2025:02:22:49]: "GET - /product - 404
[01/Jan/2025:02:22:56]: "POST - /about.html - 200
[01/Jan/2025:02:25:59]: "POST - /contact - 500
[01/Jan/2025:02:26:24]: "POST - /contact - 302
[01/Jan/2025:02:26:25]: "POST - /about.html - 200
[01/Jan/2025:02:26:34]: "DELETE - /about.html - 200
[01/Jan/2025:02:27:17]: "POST - /contact - 302
[01/Jan/2025:02:28:17]: "DELETE - /contact - 404
[01/Jan/2025:02:28:31]: "PUT - /contact - 500
[01/Jan/2025:02:29:47]: "GET - /product - 404
[01/Jan/2025:02:29:47]: "POST - /index.html - 200
[01/Jan/2025:02:29:48]: "PUT - /product - 500
[01/Jan/2025:02:30:00]: "POST - /login - 500
[01/Jan/2025:02:33:56]: "POST - /contact - 200
[01/Jan/2025:02:34:06]: "GET - /about.html - 500
[01/Jan/2025:02:34:15]: "DELETE - /product - 404
[01/Jan/2025:02:35:23]: "POST - /product - 500
[01/Jan/2025:02:37:03]: "PUT - /about.html - 302
[01/Jan/2025:02:37:57]: "PUT - /about.html - 500
[01/Jan/2025:02:38:18]: "GET - /contact - 302
[01/Jan/2025:02:38:23]: "PUT - /login - 404
[01/Jan/2025:02:41:51]: "PUT - /product - 200
[01/Jan/2025:02:42:34]: "GET - /about.html - 500
[01/Jan/2025:02:47:27]: "DELETE - /contact - 302
[01/Jan/2025:02:48:31]: "PUT - /index.html - 500
[01/Jan/2025:02:48:38]: "POST - /login - 200
[01/Jan/2025:02:48:43]: "GET - /contact - 302
[01/Jan/2025:02:50:33]: "DELETE - /about.html - 200
[01/Jan/2025:02:50:54]: "GET - /index.html - 500
[01/Jan/2025:02:53:29]: "POST - /about.html - 404
[01/Jan/2025:02:54:43]: "DELETE - /index.html - 404
[01/Jan/2025:02:56:43]: "GET - /contact - 200
[01/Jan/2025:02:57:11]: "DELETE - /product - 302
[01/Jan/2025:02:58:44]: "PUT - /login - 302
[01/Jan/2025:02:59:44]: "POST - /about.html - 200
[01/Jan/2025:03:00:49]: "GET - /about.html - 500
[01/Jan/2025:03:01:30]: "POST - /contact - 404
[01/Jan/2025:03:01:33]: "GET - /index.html - 200
[01/Jan/2025:03:03:22]: "GET - /login - 404
[01/Jan/2025:03:03:35]: "POST - /login - 302
[01/Jan/2025:03:03:41]: "POST - /contact - 302
[01/Jan/2025:03:03:45]: "PUT - /login - 302
[01/Jan/2025:03:03:50]: "POST - /contact - 404
[01/Jan/2025:03:05:05]: "GET - /login - 500
[01/Jan/2025:03:07:17]: "GET - /product - 200
[01/Jan/2025:03:07:38]: "GET - /index.html - 200
[01/Jan/2025:03:10:44]: "PUT - /about.html - 500
[01/Jan/2025:03:11:16]: "PUT - /about.html - 404
[01/Jan/2025:03:11:29]: "GET - /login - 200
[01/Jan/2025:03:13:01]: "POST - /product - 500
[01/Jan/2025:03:13:01]: "PUT - /index.html - 200
[01/Jan/2025:03:13:15]: "DELETE - /contact - 404
[01/Jan/2025:03:13:19]: "DELETE - /product - 500
[01/Jan/2025:03:13:30]: "GET - /contact - 500
[01/Jan/2025:03:14:57]: "PUT - /login - 404
[01/Jan/2025:03:16:15]: "POST - /index.html - 500
[01/Jan/2025:03:18:07]: "POST - /index.html - 404
[01/Jan/2025:03:18:28]: "GET - /index.html - 302
[01/Jan/2025:03:20:13]: "GET - /index.html - 302
[01/Jan/2025:03:21:17]: "PUT - /index.html - 302
[01/Jan/2025:03:23:30]: "DELETE - /login - 200
[01/Jan/2025:03:24:03]: "GET - /login - 200
[01/Jan/2025:03:24:39]: "PUT - /product - 200
[01/Jan/2025:03:25:09]: "GET - /product - 302
[01/Jan/2025:03:25:22]: "PUT - /product - 500
[01/Jan/2025:03:26:01]: "PUT - /product - 200
[01/Jan/2025:03:29:45]: "GET - /contact - 302
[01/Jan/2025:03:30:34]: "GET - /contact - 302
[01/Jan/2025:03:31:19]: "DELETE - /login - 404
[01/Jan/2025:03:32:24]: "POST - /login - 500
[01/Jan/2025:03:33:05]: "POST - /login - 302
[01/Jan/2025:03:34:22]: "DELETE - /login - 500
[01/Jan/2025:03:34:23]: "GET - /index.html - 302
[01/Jan/2025:03:34:49]: "PUT - /contact - 500
[01/Jan/2025:03:36:35]: "GET - /index.html - 200
[01/Jan/2025:03:37:18]: "DELETE - /about.html - 500
[01/Jan/2025:03:39:07]: "DELETE - /product - 500
[01/Jan/2025:03:39:23]: "GET - /index.html - 302
[01/Jan/2025:03:39:30]: "DELETE - /login - 500
[01/Jan/2025:03:40:06]: "POST - /login - 500
[01/Jan/2025:03:40:11]: "GET - /product - 500
[01/Jan/2025:03:42:29]: "GET - /index.html - 200
[01/Jan/2025:03:42:42]: "GET - /contact - 500
[01/Jan/2025:03:47:24]: "DELETE - /index.html - 200
[01/Jan/2025:03:48:19]: "DELETE - /contact - 500
[01/Jan/2025:03:48:33]: "GET - /about.html - 404
[01/Jan/2025:03:52:37]: "PUT - /product - 302
[01/Jan/2025:03:52:53]: "PUT - /login - 302
[01/Jan/2025:03:57:09]: "DELETE - /login - 500
[01/Jan/2025:03:58:11]: "DELETE - /contact - 500
[01/Jan/2025:04:00:07]: "PUT - /contact - 200
[01/Jan/2025:04:01:23]: "POST - /about.html - 500
[01/Jan/2025:04:01:28]: "GET - /contact - 200
[01/Jan/2025:04:01:59]: "GET - /about.html - 404
[01/Jan/2025:04:02:34]: "GET - /index.html - 404
[01/Jan/2025:04:04:04]: "PUT - /contact - 500
[01/Jan/2025:04:04:06]: "DELETE - /about.html - 200
[01/Jan/2025:04:04:57]: "POST - /index.html - 302
[01/Jan/2025:04:05:43]: "DELETE - /about.html - 302
[01/Jan/2025:04:07:39]: "GET - /about.html - 200
[01/Jan/2025:04:08:22]: "POST - /about.html - 302
[01/Jan/2025:04:08:22]: "PUT - /about.html - 500
[01/Jan/2025:04:08:44]: "GET - /index.html - 500
[01/Jan/2025:04:09:50]: "POST - /about.html - 302
[01/Jan/2025:04:11:06]: "PUT - /index.html - 404
[01/Jan/2025:04:11:39]: "PUT - /login - 200
[01/Jan/2025:04:12:05]: "PUT - /index.html - 200
[01/Jan/2025:04:14:35]: "PUT - /login - 302
[01/Jan/2025:04:16:57]: "GET - /product - 200
[01/Jan/2025:04:18:18]: "PUT - /login - 500
[01/Jan/2025:04:18:25]: "DELETE - /index.html - 200
[01/Jan/2025:04:18:51]: "DELETE - /product - 404
[01/Jan/2025:04:20:08]: "POST - /product - 404
[01/Jan/2025:04:22:40]: "PUT - /product - 200
[01/Jan/2025:04:22:56]: "PUT - /about.html - 404
[01/Jan/2025:04:23:58]: "POST - /about.html - 200
[01/Jan/2025:04:24:56]: "GET - /login - 500
[01/Jan/2025:04:25:22]: "DELETE - /login - 404
[01/Jan/2025:04:25:51]: "DELETE - /index.html - 500
[01/Jan/2025:04:28:28]: "POST - /contact - 404
[01/Jan/2025:04:28:38]: "POST - /product - 404
[01/Jan/2025:04:31:06]: "POST - /index.html - 302
[01/Jan/2025:04:31:19]: "GET - /index.html - 404
[01/Jan/2025:04:32:08]: "PUT - /about.html - 500
[01/Jan/2025:04:32:45]: "POST - /product - 200
[01/Jan/2025:04:35:41]: "DELETE - /product - 302
[01/Jan/2025:04:38:46]: "DELETE - /login - 200
[01/Jan/2025:04:40:41]: "DELETE - /index.html - 200
[01/Jan/2025:04:41:42]: "POST - /about.html - 500
[01/Jan/2025:04:41:56]: "POST - /login - 200
[01/Jan/2025:04:42:48]: "POST - /product - 404
[01/Jan/2025:04:43:06]: "GET - /login - 404
[01/Jan/2025:04:44:25]: "GET - /login - 200
[01/Jan/2025:04:44:34]: "DELETE - /contact - 500
[01/Jan/2025:04:44:58]: "POST - /product - 404
[01/Jan/2025:04:45:01]: "PUT - /contact - 302
[01/Jan/2025:04:45:07]: "GET - /login - 302
[01/Jan/2025:04:45:38]: "POST - /product - 200
[01/Jan/2025:04:46:26]: "POST - /login - 500
[01/Jan/2025:04:46:32]: "DELETE - /about.html - 404
[01/Jan/2025:04:46:59]: "GET - /product - 200
[01/Jan/2025:04:47:24]: "POST - /product - 500
[01/Jan/2025:04:48:01]: "GET - /about.html - 500
[01/Jan/2025:04:49:02]: "GET - /product - 500
[01/Jan/2025:04:50:57]: "POST - /login - 500
[01/Jan/2025:04:52:19]: "GET - /product - 500
[01/Jan/2025:04:55:06]: "GET - /about.html - 302
[01/Jan/2025:04:59:35]: "PUT - /index.html - 500
[01/Jan/2025:05:02:52]: "GET - /product - 404
[01/Jan/2025:05:03:59]: "POST - /contact - 500
[01/Jan/2025:05:06:36]: "POST - /product - 500
[01/Jan/2025:05:06:58]: "GET - /index.html - 200
[01/Jan/2025:05:06:59]: "PUT - /contact - 404
[01/Jan/2025:05:07:02]: "PUT - /contact - 404
[01/Jan/2025:05:07:16]: "PUT - /about.html - 500
[01/Jan/2025:05:09:00]: "PUT - /login - 200
[01/Jan/2025:05:09:02]: "DELETE - /contact - 404
[01/Jan/2025:05:10:11]: "PUT - /index.html - 500
[01/Jan/2025:05:10:13]: "POST - /about.html - 500
[01/Jan/2025:05:11:06]: "DELETE - /index.html - 404
[01/Jan/2025:05:11:33]: "GET - /about.html - 302
[01/Jan/2025:05:15:24]: "POST - /login - 500
[01/Jan/2025:05:18:10]: "PUT - /contact - 404
[01/Jan/2025:05:19:25]: "PUT - /contact - 302
[01/Jan/2025:05:20:30]: "PUT - /index.html - 200
[01/Jan/2025:05:21:29]: "PUT - /login - 500
[01/Jan/2025:05:22:19]: "POST - /index.html - 500
[01/Jan/2025:05:24:25]: "GET - /login - 302
[01/Jan/2025:05:26:53]: "DELETE - /about.html - 500
[01/Jan/2025:05:27:11]: "GET - /login - 404
[01/Jan/2025:05:27:34]: "POST - /index.html - 500
[01/Jan/2025:05:27:47]: "GET - /about.html - 302
[01/Jan/2025:05:28:34]: "POST - /contact - 200
[01/Jan/2025:05:30:43]: "POST - /login - 200
[01/Jan/2025:05:32:11]: "POST - /about.html - 200
[01/Jan/2025:05:33:29]: "POST - /index.html - 302
[01/Jan/2025:05:34:49]: "PUT - /login - 404
[01/Jan/2025:05:36:53]: "DELETE - /login - 200
[01/Jan/2025:05:37:01]: "DELETE - /product - 200
[01/Jan/2025:05:40:16]: "DELETE - /product - 302
[01/Jan/2025:05:41:04]: "POST - /product - 200
[01/Jan/2025:05:42:47]: "DELETE - /about.html - 500
[01/Jan/2025:05:43:35]: "GET - /about.html - 200
[01/Jan/2025:05:43:41]: "GET - /login - 200
[01/Jan/2025:05:43:59]: "GET - /about.html - 404
[01/Jan/2025:05:44:52]: "GET - /about.html - 302
[01/Jan/2025:05:47:02]: "POST - /index.html - 302
[01/Jan/2025:05:47:20]: "DELETE - /about.html - 302
[01/Jan/2025:05:48:13]: "POST - /product - 200
[01/Jan/2025:05:49:43]: "PUT - /index.html - 500
[01/Jan/2025:05:50:03]: "GET - /product - 200
[01/Jan/2025:05:51:09]: "PUT - /index.html - 302
[01/Jan/2025:05:52:28]: "PUT - /login - 200
[01/Jan/2025:05:55:34]: "GET - /product - 302
[01/Jan/2025:05:55:47]: "GET - /contact - 302
[01/Jan/2025:05:56:49]: "GET - /contact - 200
[01/Jan/2025:05:58:46]: "GET - /product - 302
[01/Jan/2025:05:59:00]: "DELETE - /contact - 404
[01/Jan/2025:05:59:08]: "POST - /product - 200
[01/Jan/2025:06:00:35]: "DELETE - /product - 200
[01/Jan/2025:06:02:36]: "DELETE - /index.html - 404
[01/Jan/2025:06:05:57]: "DELETE - /about.html - 500
[01/Jan/2025:06:07:20]: "PUT - /about.html - 500
[01/Jan/2025:06:11:09]: "POST - /index.html - 500
[01/Jan/2025:06:11:09]: "POST - /product - 200
[01/Jan/2025:06:13:57]: "POST - /login - 404
[01/Jan/2025:06:16:35]: "POST - /product - 302
[01/Jan/2025:06:17:50]: "DELETE - /login - 404
[01/Jan/2025:06:18:03]: "DELETE - /about.html - 404
[01/Jan/2025:06:21:56]: "GET - /product - 302
[01/Jan/2025:06:22:49]: "GET - /contact - 200
[01/Jan/2025:06:24:49]: "DELETE - /product - 500
[01/Jan/2025:06:26:32]: "PUT - /product - 404
[01/Jan/2025:06:26:38]: "POST - /product - 302
[01/Jan/2025:06:28:42]: "PUT - /product - 404
[01/Jan/2025:06:30:21]: "GET - /login - 404
[01/Jan/2025:06:32:22]: "PUT - /index.html - 302
[01/Jan/2025:06:33:56]: "PUT - /about.html - 500
[01/Jan/2025:06:34:12]: "GET - /product - 500
[01/Jan/2025:06:38:11]: "PUT - /about.html - 302
[01/Jan/2025:06:39:55]: "DELETE - /login - 200
[01/Jan/2025:06:40:44]: "DELETE - /index.html - 302
[01/Jan/2025:06:41:20]: "DELETE - /login - 302
[01/Jan/2025:06:41:56]: "POST - /about.html - 404
[01/Jan/2025:06:41:58]: "GET - /product - 404
[01/Jan/2025:06:43:18]: "POST - /product - 404
[01/Jan/2025:06:43:53]: "GET - /contact - 200
[01/Jan/2025:06:44:15]: "DELETE - /index.html - 200
[01/Jan/2025:06:44:52]: "POST - /contact - 404
[01/Jan/2025:06:46:40]: "DELETE - /login - 302
[01/Jan/2025:06:47:41]: "DELETE - /about.html - 302
[01/Jan/2025:06:49:12]: "PUT - /login - 500
[01/Jan/2025:06:50:57]: "DELETE - /contact - 500
[01/Jan/2025:06:51:47]: "GET - /login - 200
[01/Jan/2025:06:56:10]: "GET - /contact - 404
[01/Jan/2025:06:57:54]: "PUT - /login - 200
[01/Jan/2025:06:58:02]: "POST - /product - 500
[01/Jan/2025:06:59:46]: "PUT - /contact - 200
[01/Jan/2025:06:59:55]: "PUT - /login - 200
[01/Jan/2025:07:00:24]: "PUT - /product - 302
[01/Jan/2025:07:01:31]: "DELETE - /contact - 500
[01/Jan/2025:07:02:01]: "PUT - /product - 200
[01/Jan/2025:07:02:38]: "PUT - /product - 302
[01/Jan/2025:07:02:56]: "PUT - /login - 302
[01/Jan/2025:07:03:07]: "GET - /about.html - 302
[01/Jan/2025:07:03:15]: "DELETE - /index.html - 200
[01/Jan/2025:07:03:15]: "POST - /login - 404
[01/Jan/2025:07:05:02]: "GET - /about.html - 200
[01/Jan/2025:07:08:42]: "GET - /product - 200
[01/Jan/2025:07:09:30]: "PUT - /contact - 302
[01/Jan/2025:07:10:14]: "POST - /product - 200
[01/Jan/2025:07:11:36]: "PUT - /login - 200
[01/Jan/2025:07:12:06]: "DELETE - /index.html - 302
[01/Jan/2025:07:14:34]: "POST - /login - 302
[01/Jan/2025:07:16:41]: "DELETE - /product - 302
[01/Jan/2025:07:17:31]: "GET - /product - 200
[01/Jan/2025:07:17:38]: "DELETE - /login - 200
[01/Jan/2025:07:18:23]: "DELETE - /product - 200
[01/Jan/2025:07:18:56]: "POST - /contact - 302
[01/Jan/2025:07:19:34]: "PUT - /login - 500
[01/Jan/2025:07:22:55]: "POST - /contact - 500
[01/Jan/2025:07:23:14]: "POST - /about.html - 200
[01/Jan/2025:07:25:08]: "GET - /login - 404
[01/Jan/2025:07:25:20]: "DELETE - /login - 200
[01/Jan/2025:07:26:09]: "PUT - /about.html - 500
[01/Jan/2025:07:26:48]: "PUT - /login - 302
[01/Jan/2025:07:26:59]: "GET - /contact - 404
[01/Jan/2025:07:28:09]: "PUT - /login - 302
[01/Jan/2025:07:31:42]: "GET - /index.html - 200
[01/Jan/2025:07:32:14]: "PUT - /login - 302
[01/Jan/2025:07:33:08]: "POST - /contact - 200
[01/Jan/2025:07:33:15]: "GET - /about.html - 302
[01/Jan/2025:07:33:54]: "POST - /login - 404
[01/Jan/2025:07:37:12]: "PUT - /login - 302
[01/Jan/2025:07:37:20]: "PUT - /login - 302
[01/Jan/2025:07:37:43]: "POST - /about.html - 302
[01/Jan/2025:07:40:03]: "PUT - /about.html - 500
[01/Jan/2025:07:41:36]: "POST - /index.html - 500
[01/Jan/2025:07:42:04]: "POST - /contact - 200
[01/Jan/2025:07:42:05]: "GET - /product - 404
[01/Jan/2025:07:42:41]: "POST - /about.html - 500
[01/Jan/2025:07:46:38]: "DELETE - /index.html - 500
[01/Jan/2025:07:47:26]: "DELETE - /product - 200
[01/Jan/2025:07:47:31]: "POST - /product - 302
[01/Jan/2025:07:48:09]: "DELETE - /login - 302
[01/Jan/2025:07:50:03]: "DELETE - /product - 500
[01/Jan/2025:07:50:57]: "PUT - /about.html - 302
[01/Jan/2025:07:52:22]: "GET - /contact - 404
[01/Jan/2025:07:52:36]: "GET - /index.html - 302
[01/Jan/2025:07:53:53]: "GET - /product - 200
[01/Jan/2025:07:56:57]: "PUT - /contact - 404
[01/Jan/2025:07:57:10]: "GET - /login - 404
[01/Jan/2025:07:57:59]: "POST - /contact - 404
[01/Jan/2025:07:58:07]: "GET - /index.html - 200
[01/Jan/2025:08:00:06]: "POST - /contact - 200
[01/Jan/2025:08:00:46]: "DELETE - /about.html - 500
[01/Jan/2025:08:01:01]: "DELETE - /about.html - 200
[01/Jan/2025:08:02:34]: "DELETE - /contact - 200
[01/Jan/2025:08:04:15]: "POST - /contact - 500
[01/Jan/2025:08:06:46]: "POST - /contact - 200
[01/Jan/2025:08:08:17]: "POST - /contact - 302
[01/Jan/2025:08:08:27]: "PUT - /contact - 404
[01/Jan/2025:08:08:42]: "POST - /index.html - 302
[01/Jan/2025:08:10:18]: "GET - /product - 200
[01/Jan/2025:08:12:34]: "GET - /about.html - 302
[01/Jan/2025:08:17:06]: "PUT - /contact - 404
[01/Jan/2025:08:18:13]: "GET - /about.html - 200
[01/Jan/2025:08:18:13]: "GET - /login - 500
[01/Jan/2025:08:21:36]: "PUT - /login - 302
[01/Jan/2025:08:24:44]: "POST - /product - 404
[01/Jan/2025:08:26:39]: "POST - /index.html - 404
[01/Jan/2025:08:27:02]: "PUT - /product - 200
[01/Jan/2025:08:31:49]: "GET - /login - 302
[01/Jan/2025:08:33:06]: "DELETE - /contact - 404
[01/Jan/2025:08:36:55]: "DELETE - /login - 500
[01/Jan/2025:08:36:55]: "GET - /login - 500
[01/Jan/2025:08:39:32]: "PUT - /index.html - 500
[01/Jan/2025:08:39:53]: "DELETE - /login - 302
[01/Jan/2025:08:40:13]: "PUT - /index.html - 500
[01/Jan/2025:08:40:16]: "GET - /index.html - 404
[01/Jan/2025:08:40:53]: "PUT - /about.html - 404
[01/Jan/2025:08:43:44]: "POST - /login - 404
[01/Jan/2025:08:44:16]: "DELETE - /about.html - 200
[01/Jan/2025:08:44:39]: "POST - /about.html - 404
[01/Jan/2025:08:48:25]: "PUT - /login - 404
[01/Jan/2025:08:48:48]: "GET - /login - 404
[01/Jan/2025:08:49:03]: "DELETE - /index.html - 200
[01/Jan/2025:08:49:30]: "GET - /index.html - 404
[01/Jan/2025:08:52:42]: "DELETE - /index.html - 200
[01/Jan/2025:08:53:57]: "POST - /product - 200
[01/Jan/2025:08:56:43]: "POST - /index.html - 302
[01/Jan/2025:08:58:18]: "POST - /product - 302
[01/Jan/2025:09:00:34]: "PUT - /about.html - 302
[01/Jan/2025:09:01:15]: "PUT - /product - 200
[01/Jan/2025:09:02:43]: "PUT - /contact - 302
[01/Jan/2025:09:05:04]: "GET - /login - 302
[01/Jan/2025:09:07:19]: "DELETE - /product - 200
[01/Jan/2025:09:10:31]: "POST - /about.html - 302
[01/Jan/2025:09:12:55]: "POST - /product - 200
[01/Jan/2025:09:13:34]: "DELETE - /index.html - 302
[01/Jan/2025:09:13:34]: "PUT - /login - 302
[01/Jan/2025:09:13:45]: "POST - /contact - 200
[01/Jan/2025:09:14:33]: "PUT - /product - 404
[01/Jan/2025:09:16:37]: "POST - /product - 302
[01/Jan/2025:09:18:37]: "POST - /login - 404
[01/Jan/2025:09:20:03]: "DELETE - /login - 302
[01/Jan/2025:09:21:21]: "GET - /about.html - 404
[01/Jan/2025:09:25:20]: "POST - /about.html - 500
[01/Jan/2025:09:25:36]: "POST - /index.html - 302
[01/Jan/2025:09:25:58]: "GET - /index.html - 404
[01/Jan/2025:09:27:15]: "POST - /contact - 302
[01/Jan/2025:09:27:32]: "POST - /about.html - 302
[01/Jan/2025:09:27:57]: "GET - /login - 200
[01/Jan/2025:09:30:32]: "DELETE - /product - 500
[01/Jan/2025:09:31:36]: "GET - /login - 500
[01/Jan/2025:09:32:46]: "PUT - /index.html - 500
[01/Jan/2025:09:35:33]: "GET - /about.html - 200
[01/Jan/2025:09:37:00]: "PUT - /product - 500
[01/Jan/2025:09:37:23]: "PUT - /index.html - 404
[01/Jan/2025:09:37:45]: "GET - /about.html - 500
[01/Jan/2025:09:39:02]: "GET - /index.html - 404
[01/Jan/2025:09:39:17]: "DELETE - /contact - 200
[01/Jan/2025:09:42:07]: "POST - /about.html - 404
[01/Jan/2025:09:43:30]: "POST - /login - 404
[01/Jan/2025:09:43:33]: "GET - /about.html - 200
[01/Jan/2025:09:43:59]: "POST - /about.html - 302
[01/Jan/2025:09:46:16]: "PUT - /login - 404
[01/Jan/2025:09:46:55]: "PUT - /index.html - 500
[01/Jan/2025:09:47:03]: "PUT - /index.html - 200
[01/Jan/2025:09:49:22]: "PUT - /product - 200
[01/Jan/2025:09:49:52]: "DELETE - /login - 200
[01/Jan/2025:09:50:27]: "DELETE - /product - 200
[01/Jan/2025:09:53:37]: "POST - /login - 500
[01/Jan/2025:09:54:38]: "DELETE - /product - 404
[01/Jan/2025:09:55:23]: "PUT - /login - 404
[01/Jan/2025:09:55:32]: "POST - /contact - 404
[01/Jan/2025:09:55:59]: "POST - /index.html - 200
[01/Jan/2025:10:01:17]: "DELETE - /login - 404
[01/Jan/2025:10:01:18]: "PUT - /login - 200
[01/Jan/2025:10:01:30]: "POST - /about.html - 404
[01/Jan/2025:10:01:33]: "POST - /about.html - 404
[01/Jan/2025:10:01:59]: "PUT - /index.html - 200
[01/Jan/2025:10:02:06]: "PUT - /login - 404
[01/Jan/2025:10:02:10]: "GET - /index.html - 200
[01/Jan/2025:10:02:55]: "GET - /product - 404
[01/Jan/2025:10:04:24]: "PUT - /index.html - 302
[01/Jan/2025:10:04:55]: "DELETE - /about.html - 200
[01/Jan/2025:10:07:16]: "GET - /index.html - 200
[01/Jan/2025:10:09:45]: "DELETE - /about.html - 404
[01/Jan/2025:10:12:21]: "GET - /product - 200
[01/Jan/2025:10:13:24]: "PUT - /contact - 302
[01/Jan/2025:10:13:43]: "PUT - /login - 200
[01/Jan/2025:10:14:15]: "POST - /product - 404
[01/Jan/2025:10:15:16]: "PUT - /product - 302
[01/Jan/2025:10:16:09]: "GET - /about.html - 200
[01/Jan/2025:10:19:42]: "PUT - /product - 302
[01/Jan/2025:10:19:45]: "GET - /about.html - 404
[01/Jan/2025:10:19:47]: "GET - /contact - 500
[01/Jan/2025:10:26:28]: "PUT - /product - 500
[01/Jan/2025:10:27:36]: "POST - /index.html - 500
[01/Jan/2025:10:29:17]: "GET - /index.html - 500
[01/Jan/2025:10:29:40]: "GET - /product - 200
[01/Jan/2025:10:29:45]: "POST - /index.html - 302
[01/Jan/2025:10:31:07]: "DELETE - /product - 200
[01/Jan/2025:10:32:02]: "PUT - /index.html - 500
[01/Jan/2025:10:35:25]: "GET - /about.html - 200
[01/Jan/2025:10:39:30]: "GET - /about.html - 302
[01/Jan/2025:10:39:43]: "POST - /index.html - 404
[01/Jan/2025:10:41:36]: "POST - /product - 302
[01/Jan/2025:10:42:23]: "GET - /login - 302
[01/Jan/2025:10:45:02]: "PUT - /about.html - 200
[01/Jan/2025:10:45:44]: "PUT - /login - 200
[01/Jan/2025:10:45:59]: "GET - /contact - 500
[01/Jan/2025:10:46:25]: "POST - /contact - 404
[01/Jan/2025:10:48:34]: "PUT - /contact - 302
[01/Jan/2025:10:50:07]: "PUT - /product - 500
[01/Jan/2025:10:51:06]: "GET - /index.html - 302
[01/Jan/2025:10:51:56]: "POST - /login - 302
[01/Jan/2025:10:52:05]: "GET - /index.html - 404
[01/Jan/2025:10:52:57]: "DELETE - /login - 500
[01/Jan/2025:10:53:38]: "DELETE - /product - 200
[01/Jan/2025:10:53:42]: "PUT - /login - 302
[01/Jan/2025:10:54:07]: "PUT - /about.html - 302
[01/Jan/2025:10:54:28]: "DELETE - /about.html - 404
[01/Jan/2025:10:56:24]: "PUT - /login - 500
[01/Jan/2025:10:58:39]: "PUT - /index.html - 500
[01/Jan/2025:11:00:31]: "GET - /about.html - 404
[01/Jan/2025:11:00:39]: "POST - /index.html - 404
[01/Jan/2025:11:01:28]: "DELETE - /index.html - 500
[01/Jan/2025:11:03:22]: "DELETE - /about.html - 404
[01/Jan/2025:11:07:12]: "GET - /contact - 404
[01/Jan/2025:11:07:18]: "DELETE - /contact - 404
[01/Jan/2025:11:07:38]: "PUT - /contact - 500
[01/Jan/2025:11:08:19]: "DELETE - /product - 302
[01/Jan/2025:11:08:45]: "GET - /about.html - 404
[01/Jan/2025:11:10:10]: "POST - /product - 404
[01/Jan/2025:11:11:32]: "POST - /product - 200
[01/Jan/2025:11:11:41]: "PUT - /about.html - 404
[01/Jan/2025:11:11:51]: "PUT - /contact - 302
[01/Jan/2025:11:11:54]: "DELETE - /contact - 404
[01/Jan/2025:11:13:17]: "POST - /contact - 200
[01/Jan/2025:11:15:45]: "DELETE - /product - 302
[01/Jan/2025:11:16:05]: "DELETE - /login - 302
[01/Jan/2025:11:16:58]: "DELETE - /index.html - 302
[01/Jan/2025:11:19:08]: "GET - /contact - 500
[01/Jan/2025:11:23:32]: "PUT - /about.html - 302
[01/Jan/2025:11:24:02]: "PUT - /product - 302
[01/Jan/2025:11:24:40]: "PUT - /product - 500
[01/Jan/2025:11:28:09]: "PUT - /product - 302
[01/Jan/2025:11:28:12]: "POST - /contact - 200
[01/Jan/2025:11:29:35]: "POST - /product - 500
[01/Jan/2025:11:31:13]: "PUT - /index.html - 404
[01/Jan/2025:11:32:58]: "GET - /about.html - 500
[01/Jan/2025:11:33:28]: "POST - /contact - 404
[01/Jan/2025:11:34:39]: "DELETE - /contact - 302
[01/Jan/2025:11:37:39]: "PUT - /about.html - 500
[01/Jan/2025:11:38:42]: "PUT - /about.html - 302
[01/Jan/2025:11:39:23]: "POST - /about.html - 500
[01/Jan/2025:11:39:49]: "POST - /index.html - 302
[01/Jan/2025:11:40:52]: "DELETE - /contact - 200
[01/Jan/2025:11:40:54]: "GET - /login - 302
[01/Jan/2025:11:42:11]: "POST - /about.html - 500
[01/Jan/2025:11:42:44]: "POST - /contact - 302
[01/Jan/2025:11:47:11]: "POST - /about.html - 500
[01/Jan/2025:11:47:21]: "DELETE - /contact - 404
[01/Jan/2025:11:48:24]: "PUT - /contact - 500
[01/Jan/2025:11:48:55]: "POST - /login - 404
[01/Jan/2025:11:49:24]: "GET - /product - 500
[01/Jan/2025:11:52:09]: "DELETE - /login - 500
[01/Jan/2025:11:52:31]: "GET - /index.html - 302
[01/Jan/2025:11:54:26]: "PUT - /contact - 200
[01/Jan/2025:11:54:39]: "DELETE - /about.html - 200
[01/Jan/2025:11:54:58]: "POST - /index.html - 500
[01/Jan/2025:11:56:18]: "PUT - /login - 200
[01/Jan/2025:11:57:40]: "POST - /about.html - 302
[01/Jan/2025:11:58:50]: "POST - /contact - 200
[01/Jan/2025:11:58:58]: "PUT - /product - 200
[01/Jan/2025:12:00:51]: "DELETE - /product - 404
[01/Jan/2025:12:00:54]: "POST - /login - 404
[01/Jan/2025:12:02:28]: "DELETE - /contact - 404
[01/Jan/2025:12:02:43]: "DELETE - /product - 200
[01/Jan/2025:12:09:06]: "GET - /product - 302
[01/Jan/2025:12:09:32]: "PUT - /contact - 500
[01/Jan/2025:12:10:55]: "DELETE - /product - 302
[01/Jan/2025:12:11:51]: "GET - /product - 500
[01/Jan/2025:12:13:24]: "PUT - /contact - 404
[01/Jan/2025:12:13:57]: "POST - /about.html - 200
[01/Jan/2025:12:15:32]: "DELETE - /contact - 404
[01/Jan/2025:12:16:05]: "DELETE - /index.html - 404
[01/Jan/2025:12:17:50]: "GET - /login - 302
[01/Jan/2025:12:18:35]: "POST - /about.html - 404
[01/Jan/2025:12:21:57]: "POST - /about.html - 200
[01/Jan/2025:12:24:17]: "DELETE - /contact - 500
[01/Jan/2025:12:25:21]: "PUT - /product - 404
[01/Jan/2025:12:27:16]: "DELETE - /product - 302
[01/Jan/2025:12:27:50]: "PUT - /about.html - 200
[01/Jan/2025:12:28:47]: "PUT - /index.html - 500
[01/Jan/2025:12:28:54]: "POST - /product - 302
[01/Jan/2025:12:29:40]: "PUT - /contact - 500
[01/Jan/2025:12:31:24]: "GET - /contact - 500
[01/Jan/2025:12:37:21]: "PUT - /contact - 200
[01/Jan/2025:12:38:06]: "DELETE - /product - 500
[01/Jan/2025:12:38:39]: "DELETE - /contact - 302
[01/Jan/2025:12:38:52]: "GET - /login - 500
[01/Jan/2025:12:40:44]: "GET - /index.html - 200
[01/Jan/2025:12:40:52]: "DELETE - /contact - 404
[01/Jan/2025:12:42:43]: "GET - /product - 404
[01/Jan/2025:12:43:55]: "POST - /product - 302
[01/Jan/2025:12:44:18]: "GET - /login - 200
[01/Jan/2025:12:45:19]: "POST - /index.html - 404
[01/Jan/2025:12:47:29]: "DELETE - /product - 404
[01/Jan/2025:12:48:08]: "POST - /index.html - 302
[01/Jan/2025:12:48:42]: "PUT - /product - 404
[01/Jan/2025:12:50:20]: "GET - /product - 500
[01/Jan/2025:12:51:23]: "GET - /index.html - 500
[01/Jan/2025:12:53:56]: "GET - /about.html - 302
[01/Jan/2025:12:54:28]: "DELETE - /about.html - 404
[01/Jan/2025:12:56:36]: "DELETE - /product - 302
[01/Jan/2025:12:57:31]: "POST - /about.html - 200
[01/Jan/2025:12:59:05]: "DELETE - /product - 302
[01/Jan/2025:13:00:02]: "DELETE - /contact - 200
[01/Jan/2025:13:00:30]: "PUT - /index.html - 404
[01/Jan/2025:13:00:42]: "POST - /login - 302
[01/Jan/2025:13:01:07]: "GET - /contact - 500
[01/Jan/2025:13:01:46]: "PUT - /contact - 302
[01/Jan/2025:13:02:25]: "DELETE - /login - 500
[01/Jan/2025:13:04:22]: "PUT - /about.html - 302
[01/Jan/2025:13:04:51]: "DELETE - /contact - 404
[01/Jan/2025:13:05:16]: "GET - /index.html - 404
[01/Jan/2025:13:05:53]: "PUT - /index.html - 500
[01/Jan/2025:13:06:18]: "DELETE - /product - 200
[01/Jan/2025:13:07:07]: "DELETE - /contact - 404
[01/Jan/2025:13:10:47]: "POST - /contact - 500
[01/Jan/2025:13:11:27]: "POST - /about.html - 500
[01/Jan/2025:13:14:07]: "GET - /login - 200
[01/Jan/2025:13:15:02]: "GET - /login - 404
[01/Jan/2025:13:15:13]: "PUT - /about.html - 500
[01/Jan/2025:13:16:57]: "PUT - /index.html - 404
[01/Jan/2025:13:17:37]: "POST - /product - 200
[01/Jan/2025:13:17:47]: "GET - /contact - 302
[01/Jan/2025:13:19:45]: "GET - /index.html - 500
[01/Jan/2025:13:19:48]: "GET - /contact - 404
[01/Jan/2025:13:20:24]: "GET - /login - 404
[01/Jan/2025:13:20:24]: "PUT - /product - 500
[01/Jan/2025:13:20:27]: "POST - /login - 404
[01/Jan/2025:13:21:17]: "POST - /product - 200
[01/Jan/2025:13:21:58]: "POST - /login - 404
[01/Jan/2025:13:24:43]: "GET - /contact - 404
[01/Jan/2025:13:25:46]: "POST - /login - 404
[01/Jan/2025:13:26:45]: "DELETE - /login - 302
[01/Jan/2025:13:27:12]: "PUT - /about.html - 404
[01/Jan/2025:13:30:56]: "GET - /product - 200
[01/Jan/2025:13:31:11]: "GET - /product - 302
[01/Jan/2025:13:32:06]: "GET - /login - 302
[01/Jan/2025:13:32:06]: "PUT - /about.html - 200
[01/Jan/2025:13:33:23]: "GET - /contact - 404
[01/Jan/2025:13:33:24]: "GET - /about.html - 200
[01/Jan/2025:13:33:52]: "PUT - /login - 404
[01/Jan/2025:13:35:25]: "DELETE - /about.html - 404
[01/Jan/2025:13:43:34]: "POST - /login - 200
[01/Jan/2025:13:45:05]: "GET - /about.html - 500
[01/Jan/2025:13:45:05]: "GET - /product - 404
[01/Jan/2025:13:46:46]: "GET - /product - 404
[01/Jan/2025:13:48:13]: "GET - /index.html - 302
[01/Jan/2025:13:48:40]: "DELETE - /about.html - 200
[01/Jan/2025:13:48:50]: "GET - /about.html - 404
[01/Jan/2025:13:49:22]: "DELETE - /index.html - 404
[01/Jan/2025:13:49:29]: "PUT - /contact - 500
[01/Jan/2025:13:52:01]: "PUT - /login - 500
[01/Jan/2025:13:52:48]: "POST - /index.html - 200
[01/Jan/2025:13:53:09]: "PUT - /product - 200
[01/Jan/2025:13:53:11]: "DELETE - /product - 200
[01/Jan/2025:13:53:12]: "POST - /index.html - 404
[01/Jan/2025:13:54:51]: "POST - /login - 200
[01/Jan/2025:13:55:16]: "DELETE - /product - 500
[01/Jan/2025:13:55:55]: "PUT - /product - 404
[01/Jan/2025:13:56:16]: "PUT - /about.html - 404
[01/Jan/2025:13:56:46]: "PUT - /product - 404
[01/Jan/2025:13:57:27]: "GET - /login - 500
[01/Jan/2025:13:57:31]: "GET - /contact - 404
[01/Jan/2025:13:58:15]: "PUT - /index.html - 302
[01/Jan/2025:13:58:56]: "DELETE - /product - 404
[01/Jan/2025:14:01:49]: "DELETE - /product - 404
[01/Jan/2025:14:02:07]: "DELETE - /login - 302
[01/Jan/2025:14:02:41]: "GET - /contact - 200
[01/Jan/2025:14:05:13]: "POST - /index.html - 200
[01/Jan/2025:14:05:36]: "POST - /contact - 200
[01/Jan/2025:14:06:58]: "DELETE - /index.html - 200
[01/Jan/2025:14:07:08]: "POST - /login - 500
[01/Jan/2025:14:07:31]: "POST - /about.html - 302
[01/Jan/2025:14:09:49]: "DELETE - /product - 302
[01/Jan/2025:14:10:30]: "POST - /product - 200
[01/Jan/2025:14:11:42]: "PUT - /product - 200
[01/Jan/2025:14:15:07]: "GET - /login - 500
[01/Jan/2025:14:15:25]: "DELETE - /index.html - 200
[01/Jan/2025:14:15:35]: "DELETE - /contact - 404
[01/Jan/2025:14:17:38]: "POST - /product - 200
[01/Jan/2025:14:18:06]: "POST - /about.html - 200
[01/Jan/2025:14:19:13]: "PUT - /login - 404
[01/Jan/2025:14:23:34]: "GET - /product - 404
[01/Jan/2025:14:24:23]: "GET - /login - 302
[01/Jan/2025:14:25:47]: "DELETE - /login - 302
[01/Jan/2025:14:25:51]: "POST - /login - 200
[01/Jan/2025:14:26:43]: "POST - /about.html - 200
[01/Jan/2025:14:33:03]: "PUT - /login - 500
[01/Jan/2025:14:33:48]: "PUT - /product - 302
[01/Jan/2025:14:34:05]: "DELETE - /product - 200
[01/Jan/2025:14:34:20]: "POST - /about.html - 302
[01/Jan/2025:14:34:28]: "DELETE - /index.html - 200
[01/Jan/2025:14:36:38]: "DELETE - /index.html - 500
[01/Jan/2025:14:40:28]: "GET - /about.html - 500
[01/Jan/2025:14:40:41]: "GET - /contact - 200
[01/Jan/2025:14:40:52]: "DELETE - /about.html - 302
[01/Jan/2025:14:41:20]: "DELETE - /login - 404
[01/Jan/2025:14:41:20]: "POST - /contact - 404
[01/Jan/2025:14:41:25]: "DELETE - /product - 200
[01/Jan/2025:14:42:59]: "PUT - /product - 500
[01/Jan/2025:14:43:26]: "DELETE - /about.html - 404
[01/Jan/2025:14:46:28]: "DELETE - /index.html - 404
[01/Jan/2025:14:47:20]: "DELETE - /about.html - 500
[01/Jan/2025:14:47:23]: "POST - /product - 302
[01/Jan/2025:14:49:47]: "DELETE - /product - 302
[01/Jan/2025:14:50:58]: "PUT - /about.html - 200
[01/Jan/2025:14:51:00]: "POST - /contact - 200
[01/Jan/2025:14:53:31]: "GET - /login - 200
[01/Jan/2025:14:53:41]: "GET - /contact - 200
[01/Jan/2025:14:53:45]: "POST - /product - 200
[01/Jan/2025:14:54:36]: "POST - /login - 302
[01/Jan/2025:14:54:50]: "GET - /login - 200
[01/Jan/2025:14:56:23]: "GET - /login - 500
[01/Jan/2025:14:57:02]: "DELETE - /about.html - 200
[01/Jan/2025:14:59:06]: "PUT - /contact - 302
[01/Jan/2025:15:00:14]: "PUT - /login - 500
[01/Jan/2025:15:00:19]: "POST - /about.html - 404
[01/Jan/2025:15:01:00]: "POST - /about.html - 500
[01/Jan/2025:15:03:09]: "GET - /product - 500
[01/Jan/2025:15:04:04]: "PUT - /login - 200
[01/Jan/2025:15:04:06]: "DELETE - /about.html - 404
[01/Jan/2025:15:05:15]: "GET - /contact - 500
[01/Jan/2025:15:05:15]: "POST - /index.html - 500
[01/Jan/2025:15:05:22]: "POST - /login - 302
[01/Jan/2025:15:05:22]: "PUT - /login - 500
[01/Jan/2025:15:06:56]: "POST - /product - 500
[01/Jan/2025:15:07:24]: "GET - /product - 302
[01/Jan/2025:15:08:25]: "PUT - /index.html - 500
[01/Jan/2025:15:08:34]: "PUT - /about.html - 200
[01/Jan/2025:15:09:56]: "DELETE - /about.html - 500
[01/Jan/2025:15:10:48]: "PUT - /index.html - 404
[01/Jan/2025:15:10:59]: "PUT - /product - 200
[01/Jan/2025:15:13:39]: "GET - /index.html - 500
[01/Jan/2025:15:14:25]: "PUT - /about.html - 302
[01/Jan/2025:15:15:43]: "POST - /product - 200
[01/Jan/2025:15:16:28]: "GET - /contact - 200
[01/Jan/2025:15:18:58]: "POST - /login - 404
[01/Jan/2025:15:20:04]: "PUT - /login - 302
[01/Jan/2025:15:20:29]: "PUT - /about.html - 302
[01/Jan/2025:15:23:24]: "DELETE - /about.html - 302
[01/Jan/2025:15:23:37]: "DELETE - /about.html - 200
[01/Jan/2025:15:23:58]: "POST - /product - 200
[01/Jan/2025:15:24:00]: "DELETE - /contact - 500
[01/Jan/2025:15:24:29]: "DELETE - /contact - 404
[01/Jan/2025:15:26:20]: "PUT - /product - 302
[01/Jan/2025:15:29:26]: "PUT - /login - 500
[01/Jan/2025:15:29:57]: "DELETE - /about.html - 302
[01/Jan/2025:15:30:15]: "POST - /index.html - 500
[01/Jan/2025:15:30:32]: "DELETE - /login - 200
[01/Jan/2025:15:31:15]: "DELETE - /about.html - 500
[01/Jan/2025:15:31:15]: "GET - /index.html - 302
[01/Jan/2025:15:31:35]: "PUT - /contact - 200
[01/Jan/2025:15:31:47]: "PUT - /about.html - 404
[01/Jan/2025:15:32:35]: "PUT - /product - 302
[01/Jan/2025:15:33:04]: "GET - /contact - 200
[01/Jan/2025:15:34:53]: "GET - /index.html - 404
[01/Jan/2025:15:36:31]: "DELETE - /product - 302
[01/Jan/2025:15:37:38]: "GET - /product - 404
[01/Jan/2025:15:38:56]: "DELETE - /product - 302
[01/Jan/2025:15:39:09]: "POST - /index.html - 500
[01/Jan/2025:15:39:42]: "DELETE - /about.html - 200
[01/Jan/2025:15:40:06]: "DELETE - /contact - 200
[01/Jan/2025:15:40:52]: "GET - /contact - 404
[01/Jan/2025:15:41:00]: "PUT - /about.html - 404
[01/Jan/2025:15:42:33]: "DELETE - /about.html - 302
[01/Jan/2025:15:43:48]: "DELETE - /login - 500
[01/Jan/2025:15:45:48]: "GET - /product - 200
[01/Jan/2025:15:47:31]: "DELETE - /about.html - 302
[01/Jan/2025:15:49:11]: "GET - /contact - 200
[01/Jan/2025:15:49:12]: "PUT - /index.html - 200
[01/Jan/2025:15:49:56]: "GET - /contact - 404
[01/Jan/2025:15:51:35]: "PUT - /product - 302
[01/Jan/2025:15:52:36]: "GET - /login - 500
[01/Jan/2025:15:53:01]: "GET - /index.html - 200
[01/Jan/2025:15:54:22]: "DELETE - /contact - 404
[01/Jan/2025:15:55:03]: "PUT - /product - 404
[01/Jan/2025:15:58:23]: "POST - /index.html - 200
[01/Jan/2025:15:58:26]: "POST - /contact - 500
[01/Jan/2025:15:58:27]: "POST - /login - 500
[01/Jan/2025:15:58:50]: "DELETE - /product - 500
[01/Jan/2025:15:59:06]: "DELETE - /index.html - 500
[01/Jan/2025:15:59:30]: "GET - /login - 404
[01/Jan/2025:16:00:31]: "DELETE - /login - 200
[01/Jan/2025:16:00:36]: "DELETE - /about.html - 302
[01/Jan/2025:16:01:09]: "POST - /about.html - 200
[01/Jan/2025:16:02:10]: "DELETE - /product - 302
[01/Jan/2025:16:03:00]: "POST - /about.html - 500
[01/Jan/2025:16:03:21]: "POST - /login - 500
[01/Jan/2025:16:03:47]: "PUT - /about.html - 200
[01/Jan/2025:16:04:12]: "PUT - /login - 404
[01/Jan/2025:16:07:03]: "PUT - /index.html - 302
[01/Jan/2025:16:07:26]: "PUT - /contact - 404
[01/Jan/2025:16:09:53]: "GET - /product - 302
[01/Jan/2025:16:12:16]: "PUT - /login - 404
[01/Jan/2025:16:14:05]: "DELETE - /login - 302
[01/Jan/2025:16:15:43]: "DELETE - /contact - 500
[01/Jan/2025:16:19:47]: "DELETE - /login - 200
[01/Jan/2025:16:21:04]: "PUT - /contact - 200
[01/Jan/2025:16:21:07]: "DELETE - /login - 500
[01/Jan/2025:16:22:08]: "PUT - /login - 200
[01/Jan/2025:16:23:35]: "DELETE - /index.html - 500
[01/Jan/2025:16:26:31]: "GET - /contact - 200
[01/Jan/2025:16:28:01]: "DELETE - /contact - 200
[01/Jan/2025:16:29:59]: "PUT - /product - 302
[01/Jan/2025:16:33:06]: "DELETE - /about.html - 500
[01/Jan/2025:16:33:42]: "POST - /login - 404
[01/Jan/2025:16:34:09]: "GET - /contact - 302
[01/Jan/2025:16:34:09]: "POST - /product - 302
[01/Jan/2025:16:35:23]: "POST - /index.html - 302
[01/Jan/2025:16:37:57]: "POST - /contact - 302
[01/Jan/2025:16:39:14]: "GET - /login - 200
[01/Jan/2025:16:39:29]: "POST - /about.html - 200
[01/Jan/2025:16:39:50]: "DELETE - /about.html - 302
[01/Jan/2025:16:40:19]: "DELETE - /about.html - 404
[01/Jan/2025:16:41:03]: "DELETE - /index.html - 200
[01/Jan/2025:16:43:06]: "GET - /about.html - 200
[01/Jan/2025:16:43:30]: "POST - /contact - 404
[01/Jan/2025:16:46:00]: "PUT - /product - 200
[01/Jan/2025:16:47:26]: "POST - /about.html - 500
[01/Jan/2025:16:47:57]: "GET - /login - 404
[01/Jan/2025:16:48:20]: "POST - /about.html - 500
[01/Jan/2025:16:50:26]: "GET - /product - 302
[01/Jan/2025:16:51:58]: "PUT - /login - 200
[01/Jan/2025:16:52:33]: "POST - /about.html - 302
[01/Jan/2025:16:52:34]: "GET - /product - 200
[01/Jan/2025:16:52:41]: "GET - /product - 200
[01/Jan/2025:16:53:26]: "PUT - /product - 404
[01/Jan/2025:16:54:06]: "PUT - /contact - 200
[01/Jan/2025:16:54:12]: "POST - /about.html - 200
[01/Jan/2025:16:54:43]: "PUT - /contact - 500
[01/Jan/2025:16:54:56]: "POST - /login - 200
[01/Jan/2025:16:56:00]: "POST - /product - 200
[01/Jan/2025:16:56:21]: "PUT - /contact - 200
[01/Jan/2025:16:56:24]: "DELETE - /login - 404
[01/Jan/2025:16:56:36]: "GET - /product - 302
[01/Jan/2025:16:57:42]: "DELETE - /about.html - 200
[01/Jan/2025:16:57:58]: "DELETE - /product - 200
[01/Jan/2025:16:58:16]: "PUT - /index.html - 404
[01/Jan/2025:17:00:28]: "POST - /login - 302
[01/Jan/2025:17:00:56]: "DELETE - /contact - 500
[01/Jan/2025:17:02:01]: "POST - /index.html - 302
[01/Jan/2025:17:03:21]: "DELETE - /login - 500
[01/Jan/2025:17:04:26]: "GET - /product - 500
[01/Jan/2025:17:09:23]: "POST - /index.html - 404
[01/Jan/2025:17:10:04]: "POST - /contact - 404
[01/Jan/2025:17:13:21]: "DELETE - /product - 200
[01/Jan/2025:17:18:19]: "DELETE - /login - 500
[01/Jan/2025:17:18:42]: "POST - /index.html - 302
[01/Jan/2025:17:18:48]: "PUT - /contact - 404
[01/Jan/2025:17:20:49]: "DELETE - /index.html - 200
[01/Jan/2025:17:20:52]: "DELETE - /product - 200
[01/Jan/2025:17:21:44]: "PUT - /about.html - 404
[01/Jan/2025:17:22:04]: "DELETE - /index.html - 302
[01/Jan/2025:17:25:22]: "PUT - /product - 404
[01/Jan/2025:17:28:59]: "PUT - /about.html - 500
[01/Jan/2025:17:30:32]: "POST - /contact - 302
[01/Jan/2025:17:31:41]: "PUT - /about.html - 302
[01/Jan/2025:17:33:17]: "POST - /product - 302
[01/Jan/2025:17:33:48]: "DELETE - /login - 404
[01/Jan/2025:17:34:03]: "DELETE - /contact - 200
[01/Jan/2025:17:34:06]: "PUT - /product - 302
[01/Jan/2025:17:37:32]: "POST - /login - 500
[01/Jan/2025:17:37:51]: "POST - /product - 200
[01/Jan/2025:17:40:32]: "POST - /about.html - 302
[01/Jan/2025:17:40:58]: "PUT - /about.html - 404
[01/Jan/2025:17:42:00]: "GET - /product - 302
[01/Jan/2025:17:43:46]: "PUT - /product - 500
[01/Jan/2025:17:44:04]: "DELETE - /product - 200
[01/Jan/2025:17:44:04]: "GET - /about.html - 404
[01/Jan/2025:17:45:51]: "PUT - /index.html - 500
[01/Jan/2025:17:46:30]: "DELETE - /product - 404
[01/Jan/2025:17:46:30]: "POST - /index.html - 302
[01/Jan/2025:17:46:53]: "DELETE - /login - 404
[01/Jan/2025:17:47:03]: "DELETE - /index.html - 302
[01/Jan/2025:17:47:21]: "PUT - /about.html - 302
[01/Jan/2025:17:48:14]: "PUT - /contact - 200
[01/Jan/2025:17:48:23]: "PUT - /login - 500
[01/Jan/2025:17:48:36]: "GET - /login - 500
[01/Jan/2025:17:48:59]: "DELETE - /product - 302
[01/Jan/2025:17:49:10]: "PUT - /about.html - 404
[01/Jan/2025:17:49:14]: "GET - /product - 200
[01/Jan/2025:17:49:34]: "DELETE - /login - 200
[01/Jan/2025:17:51:34]: "PUT - /product - 500
[01/Jan/2025:17:52:31]: "DELETE - /index.html - 302
[01/Jan/2025:17:54:24]: "PUT - /index.html - 302
[01/Jan/2025:17:54:31]: "POST - /contact - 302
[01/Jan/2025:17:54:39]: "PUT - /product - 200
[01/Jan/2025:17:54:44]: "POST - /about.html - 404
[01/Jan/2025:17:55:30]: "GET - /contact - 200
[01/Jan/2025:17:55:32]: "POST - /contact - 200
[01/Jan/2025:17:57:00]: "GET - /index.html - 404
[01/Jan/2025:17:57:27]: "DELETE - /contact - 302
[01/Jan/2025:17:58:40]: "POST - /login - 404
[01/Jan/2025:17:59:39]: "POST - /about.html - 404
[01/Jan/2025:18:03:00]: "GET - /product - 500
[01/Jan/2025:18:03:24]: "DELETE - /product - 200
[01/Jan/2025:18:04:29]: "POST - /contact - 302
[01/Jan/2025:18:04:48]: "GET - /about.html - 200
[01/Jan/2025:18:06:24]: "POST - /contact - 302
[01/Jan/2025:18:07:59]: "GET - /contact - 404
[01/Jan/2025:18:11:22]: "PUT - /product - 302
[01/Jan/2025:18:15:38]: "DELETE - /contact - 404
[01/Jan/2025:18:17:49]: "DELETE - /product - 404
[01/Jan/2025:18:18:37]: "POST - /about.html - 302
[01/Jan/2025:18:22:07]: "PUT - /about.html - 302
[01/Jan/2025:18:22:43]: "PUT - /login - 200
[01/Jan/2025:18:23:20]: "DELETE - /contact - 500
[01/Jan/2025:18:27:04]: "PUT - /contact - 500
[01/Jan/2025:18:27:13]: "GET - /about.html - 500
[01/Jan/2025:18:27:45]: "PUT - /contact - 200
[01/Jan/2025:18:28:54]: "DELETE - /index.html - 404
[01/Jan/2025:18:30:40]: "DELETE - /about.html - 200
[01/Jan/2025:18:30:47]: "PUT - /contact - 200
[01/Jan/2025:18:32:30]: "PUT - /product - 200
[01/Jan/2025:18:33:37]: "POST - /login - 200
[01/Jan/2025:18:34:54]: "POST - /index.html - 302
[01/Jan/2025:18:38:13]: "DELETE - /index.html - 500
[01/Jan/2025:18:38:57]: "DELETE - /product - 500
[01/Jan/2025:18:41:24]: "DELETE - /about.html - 500
[01/Jan/2025:18:41:31]: "DELETE - /index.html - 200
[01/Jan/2025:18:43:39]: "DELETE - /index.html - 500
[01/Jan/2025:18:43:44]: "GET - /about.html - 302
[01/Jan/2025:18:45:09]: "GET - /login - 404
[01/Jan/2025:18:46:16]: "POST - /product - 404
[01/Jan/2025:18:49:15]: "DELETE - /contact - 500
[01/Jan/2025:18:49:59]: "GET - /about.html - 200
[01/Jan/2025:18:51:14]: "DELETE - /product - 302
[01/Jan/2025:18:51:47]: "PUT - /contact - 404
[01/Jan/2025:18:53:21]: "PUT - /login - 302
[01/Jan/2025:18:54:23]: "PUT - /product - 404
[01/Jan/2025:18:56:08]: "DELETE - /contact - 200
[01/Jan/2025:18:57:35]: "PUT - /index.html - 404
[01/Jan/2025:19:00:34]: "GET - /index.html - 200
[01/Jan/2025:19:02:15]: "PUT - /index.html - 200
[01/Jan/2025:19:03:02]: "GET - /login - 500
[01/Jan/2025:19:03:09]: "GET - /product - 404
[01/Jan/2025:19:04:44]: "PUT - /contact - 500
[01/Jan/2025:19:05:23]: "POST - /index.html - 500
[01/Jan/2025:19:05:39]: "POST - /product - 200
[01/Jan/2025:19:05:39]: "PUT - /product - 302
[01/Jan/2025:19:06:07]: "GET - /index.html - 302
[01/Jan/2025:19:07:38]: "PUT - /product - 302
[01/Jan/2025:19:07:58]: "DELETE - /index.html - 404
[01/Jan/2025:19:09:05]: "DELETE - /contact - 500
[01/Jan/2025:19:09:19]: "POST - /about.html - 302
[01/Jan/2025:19:11:04]: "PUT - /contact - 200
[01/Jan/2025:19:11:31]: "DELETE - /product - 500
[01/Jan/2025:19:12:57]: "PUT - /product - 302
[01/Jan/2025:19:13:22]: "PUT - /contact - 200
[01/Jan/2025:19:14:48]: "GET - /about.html - 500
[01/Jan/2025:19:15:27]: "GET - /login - 404
[01/Jan/2025:19:16:34]: "POST - /index.html - 302
[01/Jan/2025:19:16:44]: "GET - /index.html - 200
[01/Jan/2025:19:18:41]: "POST - /login - 500
[01/Jan/2025:19:19:12]: "POST - /index.html - 500
[01/Jan/2025:19:20:51]: "PUT - /index.html - 200
[01/Jan/2025:19:22:50]: "PUT - /product - 302
[01/Jan/2025:19:23:51]: "POST - /about.html - 302
[01/Jan/2025:19:26:58]: "GET - /about.html - 404
[01/Jan/2025:19:27:47]: "GET - /index.html - 302
[01/Jan/2025:19:28:09]: "GET - /about.html - 500
[01/Jan/2025:19:28:22]: "GET - /index.html - 302
[01/Jan/2025:19:30:19]: "POST - /index.html - 500
[01/Jan/2025:19:31:16]: "POST - /index.html - 302
[01/Jan/2025:19:32:05]: "PUT - /about.html - 404
[01/Jan/2025:19:34:43]: "DELETE - /about.html - 404
[01/Jan/2025:19:34:43]: "POST - /product - 404
[01/Jan/2025:19:34:52]: "POST - /about.html - 500
[01/Jan/2025:19:35:57]: "DELETE - /about.html - 200
[01/Jan/2025:19:37:49]: "PUT - /product - 200
[01/Jan/2025:19:37:50]: "DELETE - /product - 404
[01/Jan/2025:19:37:53]: "PUT - /about.html - 404
[01/Jan/2025:19:39:45]: "PUT - /contact - 200
[01/Jan/2025:19:41:00]: "PUT - /login - 500
[01/Jan/2025:19:42:49]: "GET - /contact - 200
[01/Jan/2025:19:43:11]: "GET - /index.html - 302
[01/Jan/2025:19:45:56]: "GET - /login - 500
[01/Jan/2025:19:46:51]: "POST - /contact - 404
[01/Jan/2025:19:47:08]: "PUT - /login - 200
[01/Jan/2025:19:49:38]: "PUT - /login - 200
[01/Jan/2025:19:49:59]: "PUT - /contact - 302
[01/Jan/2025:19:50:02]: "POST - /index.html - 302
[01/Jan/2025:19:50:04]: "PUT - /contact - 500
[01/Jan/2025:19:50:54]: "GET - /about.html - 200
[01/Jan/2025:19:53:02]: "PUT - /product - 500
[01/Jan/2025:19:53:50]: "PUT - /contact - 302
[01/Jan/2025:19:53:53]: "PUT - /index.html - 500
[01/Jan/2025:19:54:45]: "POST - /contact - 200
[01/Jan/2025:19:55:12]: "DELETE - /index.html - 302
[01/Jan/2025:20:01:28]: "GET - /product - 200
[01/Jan/2025:20:02:51]: "DELETE - /contact - 404
[01/Jan/2025:20:03:02]: "DELETE - /contact - 200
[01/Jan/2025:20:03:40]: "PUT - /contact - 404
[01/Jan/2025:20:05:01]: "GET - /login - 404
[01/Jan/2025:20:05:02]: "DELETE - /product - 404
[01/Jan/2025:20:08:12]: "GET - /contact - 500
[01/Jan/2025:20:11:14]: "GET - /login - 404
[01/Jan/2025:20:11:41]: "DELETE - /login - 404
[01/Jan/2025:20:11:59]: "DELETE - /index.html - 500
[01/Jan/2025:20:12:19]: "GET - /index.html - 404
[01/Jan/2025:20:12:57]: "PUT - /about.html - 200
[01/Jan/2025:20:13:01]: "PUT - /product - 302
[01/Jan/2025:20:13:06]: "GET - /product - 200
[01/Jan/2025:20:15:00]: "GET - /login - 302
[01/Jan/2025:20:15:10]: "POST - /login - 404
[01/Jan/2025:20:15:37]: "POST - /product - 404
[01/Jan/2025:20:17:15]: "GET - /login - 200
[01/Jan/2025:20:20:35]: "POST - /index.html - 404
[01/Jan/2025:20:21:16]: "DELETE - /product - 404
[01/Jan/2025:20:22:52]: "PUT - /about.html - 302
[01/Jan/2025:20:23:13]: "POST - /product - 500
[01/Jan/2025:20:23:52]: "PUT - /login - 500
[01/Jan/2025:20:25:08]: "DELETE - /login - 500
[01/Jan/2025:20:25:14]: "GET - /login - 302
[01/Jan/2025:20:25:14]: "POST - /login - 302
[01/Jan/2025:20:25:40]: "POST - /contact - 200
[01/Jan/2025:20:26:37]: "DELETE - /contact - 200
[01/Jan/2025:20:26:47]: "GET - /login - 404
[01/Jan/2025:20:26:49]: "POST - /contact - 200
[01/Jan/2025:20:28:13]: "GET - /index.html - 302
[01/Jan/2025:20:29:41]: "DELETE - /product - 500
[01/Jan/2025:20:30:59]: "POST - /about.html - 404
[01/Jan/2025:20:31:16]: "GET - /product - 200
[01/Jan/2025:20:32:10]: "POST - /contact - 500
[01/Jan/2025:20:32:13]: "DELETE - /about.html - 302
[01/Jan/2025:20:32:36]: "DELETE - /login - 302
[01/Jan/2025:20:32:40]: "DELETE - /product - 200
[01/Jan/2025:20:36:14]: "POST - /product - 404
[01/Jan/2025:20:37:40]: "GET - /about.html - 500
[01/Jan/2025:20:39:02]: "POST - /contact - 500
[01/Jan/2025:20:39:15]: "PUT - /product - 302
[01/Jan/2025:20:41:19]: "POST - /product - 500
[01/Jan/2025:20:42:30]: "GET - /index.html - 404
[01/Jan/2025:20:45:04]: "GET - /login - 200
[01/Jan/2025:20:47:24]: "GET - /about.html - 200
[01/Jan/2025:20:47:40]: "DELETE - /login - 200
[01/Jan/2025:20:48:58]: "GET - /login - 500
[01/Jan/2025:20:50:22]: "GET - /login - 500
[01/Jan/2025:20:50:50]: "DELETE - /product - 302
[01/Jan/2025:20:51:09]: "POST - /login - 404
[01/Jan/2025:20:51:41]: "POST - /index.html - 500
[01/Jan/2025:20:52:41]: "POST - /contact - 200
[01/Jan/2025:20:55:34]: "PUT - /product - 500
[01/Jan/2025:20:58:35]: "POST - /index.html - 404
[01/Jan/2025:20:58:51]: "POST - /contact - 404
[01/Jan/2025:21:00:19]: "GET - /contact - 500
[01/Jan/2025:21:01:52]: "PUT - /login - 404
[01/Jan/2025:21:02:12]: "POST - /product - 404
[01/Jan/2025:21:04:24]: "POST - /index.html - 302
[01/Jan/2025:21:06:24]: "POST - /product - 404
[01/Jan/2025:21:08:27]: "POST - /about.html - 200
[01/Jan/2025:21:10:34]: "PUT - /product - 200
[01/Jan/2025:21:10:45]: "PUT - /contact - 500
[01/Jan/2025:21:13:15]: "PUT - /product - 404
[01/Jan/2025:21:13:51]: "GET - /product - 500
[01/Jan/2025:21:14:54]: "POST - /about.html - 302
[01/Jan/2025:21:15:50]: "DELETE - /login - 200
[01/Jan/2025:21:16:13]: "PUT - /contact - 404
[01/Jan/2025:21:16:32]: "DELETE - /contact - 200
[01/Jan/2025:21:16:42]: "DELETE - /index.html - 200
[01/Jan/2025:21:16:53]: "DELETE - /about.html - 302
[01/Jan/2025:21:18:08]: "DELETE - /index.html - 302
[01/Jan/2025:21:19:25]: "GET - /about.html - 200
[01/Jan/2025:21:20:14]: "PUT - /contact - 302
[01/Jan/2025:21:21:35]: "GET - /about.html - 500
[01/Jan/2025:21:21:52]: "DELETE - /product - 200
[01/Jan/2025:21:21:53]: "DELETE - /contact - 200
[01/Jan/2025:21:22:00]: "GET - /about.html - 200
[01/Jan/2025:21:22:00]: "POST - /contact - 302
[01/Jan/2025:21:23:43]: "GET - /login - 302
[01/Jan/2025:21:26:19]: "POST - /contact - 404
[01/Jan/2025:21:26:45]: "DELETE - /login - 302
[01/Jan/2025:21:26:46]: "PUT - /contact - 404
[01/Jan/2025:21:29:02]: "PUT - /login - 302
[01/Jan/2025:21:31:01]: "PUT - /login - 500
[01/Jan/2025:21:31:38]: "DELETE - /about.html - 500
[01/Jan/2025:21:33:16]: "PUT - /login - 302
[01/Jan/2025:21:34:47]: "POST - /contact - 200
[01/Jan/2025:21:34:54]: "DELETE - /index.html - 500
[01/Jan/2025:21:35:51]: "PUT - /contact - 302
[01/Jan/2025:21:36:03]: "PUT - /login - 200
[01/Jan/2025:21:37:32]: "GET - /login - 500
[01/Jan/2025:21:41:58]: "GET - /contact - 302
[01/Jan/2025:21:43:03]: "POST - /contact - 500
[01/Jan/2025:21:43:16]: "POST - /index.html - 404
[01/Jan/2025:21:43:40]: "GET - /index.html - 404
[01/Jan/2025:21:44:19]: "PUT - /product - 500
[01/Jan/2025:21:47:14]: "PUT - /index.html - 302
[01/Jan/2025:21:47:25]: "DELETE - /login - 404
[01/Jan/2025:21:47:26]: "DELETE - /about.html - 404
[01/Jan/2025:21:50:39]: "PUT - /login - 500
[01/Jan/2025:21:50:44]: "DELETE - /product - 500
[01/Jan/2025:21:53:30]: "PUT - /product - 302
[01/Jan/2025:21:54:39]: "GET - /index.html - 302
[01/Jan/2025:21:54:40]: "GET - /index.html - 200
[01/Jan/2025:21:55:29]: "GET - /index.html - 404
[01/Jan/2025:21:55:41]: "GET - /product - 404
[01/Jan/2025:21:57:35]: "POST - /login - 404
[01/Jan/2025:21:58:06]: "GET - /index.html - 302
[01/Jan/2025:21:58:56]: "POST - /index.html - 404
[01/Jan/2025:22:03:54]: "GET - /login - 500
[01/Jan/2025:22:03:54]: "POST - /about.html - 404
[01/Jan/2025:22:05:16]: "DELETE - /about.html - 404
[01/Jan/2025:22:05:47]: "GET - /about.html - 200
[01/Jan/2025:22:07:12]: "DELETE - /login - 200
[01/Jan/2025:22:10:51]: "GET - /about.html - 302
[01/Jan/2025:22:13:23]: "POST - /login - 200
[01/Jan/2025:22:14:28]: "DELETE - /index.html - 404
[01/Jan/2025:22:15:04]: "GET - /index.html - 404
[01/Jan/2025:22:17:08]: "PUT - /login - 500
[01/Jan/2025:22:21:40]: "POST - /contact - 404
[01/Jan/2025:22:23:47]: "DELETE - /index.html - 500
[01/Jan/2025:22:24:02]: "PUT - /product - 302
[01/Jan/2025:22:24:13]: "GET - /contact - 200
[01/Jan/2025:22:24:57]: "GET - /index.html - 404
[01/Jan/2025:22:26:58]: "POST - /contact - 500
[01/Jan/2025:22:28:31]: "DELETE - /contact - 302
[01/Jan/2025:22:28:58]: "DELETE - /index.html - 302
[01/Jan/2025:22:30:09]: "PUT - /about.html - 404
[01/Jan/2025:22:30:44]: "GET - /login - 200
[01/Jan/2025:22:31:20]: "PUT - /about.html - 302
[01/Jan/2025:22:32:35]: "POST - /about.html - 200
[01/Jan/2025:22:33:13]: "DELETE - /product - 500
[01/Jan/2025:22:34:40]: "POST - /about.html - 302
[01/Jan/2025:22:35:09]: "DELETE - /product - 500
[01/Jan/2025:22:35:26]: "POST - /index.html - 500
[01/Jan/2025:22:36:30]: "DELETE - /login - 500
[01/Jan/2025:22:37:14]: "DELETE - /contact - 500
[01/Jan/2025:22:37:17]: "PUT - /contact - 404
[01/Jan/2025:22:39:27]: "DELETE - /login - 302
[01/Jan/2025:22:41:25]: "POST - /product - 404
[01/Jan/2025:22:41:27]: "PUT - /contact - 302
[01/Jan/2025:22:41:40]: "POST - /index.html - 404
[01/Jan/2025:22:44:14]: "DELETE - /login - 302
[01/Jan/2025:22:44:43]: "PUT - /about.html - 404
[01/Jan/2025:22:44:53]: "PUT - /index.html - 404
[01/Jan/2025:22:45:03]: "GET - /product - 302
[01/Jan/2025:22:45:38]: "GET - /product - 200
[01/Jan/2025:22:46:13]: "GET - /about.html - 200
[01/Jan/2025:22:46:31]: "GET - /login - 404
[01/Jan/2025:22:47:15]: "PUT - /index.html - 302
[01/Jan/2025:22:47:38]: "GET - /login - 404
[01/Jan/2025:22:47:40]: "GET - /product - 404
[01/Jan/2025:22:47:44]: "POST - /login - 404
[01/Jan/2025:22:48:00]: "GET - /about.html - 302
[01/Jan/2025:22:49:00]: "GET - /contact - 302
[01/Jan/2025:22:49:27]: "DELETE - /product - 500
[01/Jan/2025:22:49:35]: "DELETE - /index.html - 404
[01/Jan/2025:22:49:51]: "PUT - /contact - 200
[01/Jan/2025:22:50:15]: "GET - /login - 302
[01/Jan/2025:22:51:12]: "POST - /contact - 200
[01/Jan/2025:22:51:12]: "PUT - /contact - 500
[01/Jan/2025:22:52:44]: "DELETE - /product - 404
[01/Jan/2025:22:55:06]: "PUT - /login - 500
[01/Jan/2025:22:56:05]: "PUT - /about.html - 404
[01/Jan/2025:22:56:50]: "GET - /about.html - 302
[01/Jan/2025:22:57:22]: "GET - /about.html - 404
[01/Jan/2025:22:58:35]: "PUT - /product - 302
[01/Jan/2025:22:59:03]: "DELETE - /contact - 500
[01/Jan/2025:22:59:43]: "DELETE - /contact - 200
[01/Jan/2025:23:00:06]: "GET - /contact - 404
[01/Jan/2025:23:02:15]: "POST - /product - 302
[01/Jan/2025:23:04:49]: "PUT - /index.html - 200
[01/Jan/2025:23:05:54]: "DELETE - /about.html - 302
[01/Jan/2025:23:06:41]: "PUT - /index.html - 500
[01/Jan/2025:23:09:41]: "GET - /product - 500
[01/Jan/2025:23:09:44]: "POST - /contact - 200
[01/Jan/2025:23:10:17]: "POST - /product - 200
[01/Jan/2025:23:10:27]: "DELETE - /about.html - 500
[01/Jan/2025:23:10:36]: "POST - /login - 302
[01/Jan/2025:23:11:39]: "DELETE - /contact - 200
[01/Jan/2025:23:12:50]: "DELETE - /contact - 500
[01/Jan/2025:23:16:49]: "GET - /product - 200
[01/Jan/2025:23:17:11]: "PUT - /about.html - 200
[01/Jan/2025:23:17:32]: "DELETE - /product - 404
[01/Jan/2025:23:18:10]: "PUT - /index.html - 200
[01/Jan/2025:23:18:37]: "POST - /about.html - 500
[01/Jan/2025:23:19:15]: "GET - /about.html - 302
[01/Jan/2025:23:19:18]: "GET - /about.html - 302
[01/Jan/2025:23:19:41]: "POST - /product - 200
[01/Jan/2025:23:20:31]: "DELETE - /login - 302
[01/Jan/2025:23:21:03]: "DELETE - /login - 500
[01/Jan/2025:23:21:03]: "GET - /contact - 302
[01/Jan/2025:23:23:01]: "PUT - /product - 200
[01/Jan/2025:23:23:31]: "GET - /about.html - 500
[01/Jan/2025:23:24:05]: "POST - /contact - 302
[01/Jan/2025:23:25:05]: "POST - /about.html - 404
[01/Jan/2025:23:25:49]: "PUT - /index.html - 404
[01/Jan/2025:23:28:05]: "GET - /about.html - 200
[01/Jan/2025:23:30:26]: "PUT - /login - 500
[01/Jan/2025:23:31:14]: "PUT - /contact - 404
[01/Jan/2025:23:31:41]: "DELETE - /login - 200
[01/Jan/2025:23:31:41]: "GET - /contact - 200
[01/Jan/2025:23:32:25]: "PUT - /about.html - 500
[01/Jan/2025:23:34:55]: "DELETE - /product - 404
[01/Jan/2025:23:34:55]: "PUT - /contact - 302
[01/Jan/2025:23:36:43]: "DELETE - /about.html - 302
[01/Jan/2025:23:37:18]: "GET - /contact - 404
[01/Jan/2025:23:42:45]: "DELETE - /product - 500
[01/Jan/2025:23:44:18]: "POST - /contact - 200
[01/Jan/2025:23:46:22]: "DELETE - /index.html - 404
[01/Jan/2025:23:46:52]: "PUT - /login - 200
[01/Jan/2025:23:49:09]: "POST - /about.html - 200
[01/Jan/2025:23:49:46]: "POST - /login - 500
[01/Jan/2025:23:49:58]: "POST - /index.html - 302
[01/Jan/2025:23:50:21]: "POST - /login - 404
[01/Jan/2025:23:50:21]: "PUT - /login - 404
[01/Jan/2025:23:52:28]: "POST - /product - 200
[01/Jan/2025:23:58:13]: "GET - /index.html - 200
